2023-03-28 18:22:28 [scrapy] DEBUG: Crawled (200) <GET https://proxy.scrapeops.io/v1/?api_key=f1e5b680-4e01-4798-af3c-c8ec61777b72&url=https%3A%2F%2Fwww.amazon.com%2Fproduct-reviews%2FB09VCR969M%2F> (referer: None)
2023-03-28 18:22:28 [scrapy] DEBUG: Scraped from <200 https://www.amazon.com/product-reviews/B09VCR969M/>
{'asin': 'B09VCR969M', 'text': 'Not a huge gamer but I\'m sort of picky with my mouse feel and size. I tried a few different mice and my previous main mouse was the Glorious Model D, both wired and wireless. It\'s been a great mouse but I found the wireless version battery doesn\'t last more than a day and it\'s been "wired" almost full time. Started to be frustrated with all of the cables on my desk and tried to find another wireless that fit my hand but also wasn\'t super heavy, low latency and had good battery life.From the reviews, the top gaming mouse was the Logitech G Pro X, very expensive but I wanted the lowest latency possible. While the performance of the Pro X was great, the body feel was very cheap and almost like a plastic Easter Eggshell. The body also felt too slick and combined with the extreme lightweight just didn\'t vibe with me.For work I have a Razer v1 Viper wired, it\'s good but the buttons feel slightly mushy, so I didn\'t check Razer for a gaming replacement at first. Later I ended up buying a Razer v1 Viper wireless, and looks like they fixed the buttons, they were very snappy and the latency of the wireless was almost the same as the wired. After such a positive experience, I was going to buy another v1 but with the news of the v2 coming out I held out.From the first out-of-the-box experience with the v2 Viper, I first noticed they removed the dock and there\'s no longer any quick charge ability. Honesly, this isn\'t a big deal, if you need to charge the mouse, just plug it in, and use it. With the dock, it\'s sitting on the stand, taking up space. The mouse is now USB-C which is nice, comes with the same very flexible cable, and the wireless dongle has a nice extender where you can have sitting as close to the mouse as possible (reduces latency).What\'s the biggest change on the mouse? It\'s very noticeable of the weight reduction, it\'s about 12g of difference, but at 58g, it still feels very solid (much better over the Pro X). The body of the mouse is the same as the other Vipers, it\'s slightly rough but doesn\'t feel cheap, fitment is great in my medium hand. It is worth noting Razer had to remove a few features of the v1 Viper in order to reduce weight.One thing is it\'s a solid black mouse, I love the new look. The only indication of any LED\'s is a very small dot right below the mouse wheel, this indicates the battery charge. There\'s no other LED\'s on the mouse so keep that in mind if you\'re looking for matching the keyboard. Another change is the removable of the right side "thumb buttons". The v1 Viper allows for right and left-handed use, but the v2 Viper only has the buttons on the left side (for the right handed user). A nice bonus is the included grips (four pieces, two side stickers, two for the buttons), these are very grippy type of rubber.While I haven\'t owned the v2 Viper wireless long, it has great latency on the wireless side and with the light weight doesn\'t feel any more than my wired mice. The pricing is a bit steep but it\'s on par with other high end gaming mice, I would choose this over the other brands based on the Razer fits my hand the best and has the best click feel.Downsides? The biggest issue is the auto-installer for the Razer software. I\'m sure the software is not too bad but having the prompt every time is frustrating. I often use a Razer mouse for my work laptop and given the security issues, prefer to not see this app auto-execute.', 'title': 'Same feel as the v1 but lighter and less extras', 'location_and_date': 'Reviewed in the United States 🇺🇸 on May 11, 2022', 'verified': True, 'rating': '5.0'}
2023-03-28 18:22:28 [scrapy] DEBUG: Scraped from <200 https://www.amazon.com/product-reviews/B09VCR969M/>
{'asin': 'B09VCR969M', 'text': "I previously used the Razer Viper Ultimate as my main FPS gaming mouse (especially in CS:GO) and have quite a few of them lying around. I love the shape, and prefer it to the Logitech G Pro Wireless shape. I feel like it works much better for my grip (palm/claw hybrid) and hand size (19x10cm). When I saw this mouse come out, I was excited to try it, but still happy with my RVU so I waited a bit for the price to drop. I eventually got it for a great price from an Amazon Warehouse deal and I'm so happy that I did. The build quality is top-notch. All of the buttons feel great. I have no squeaking/creaking/flexing/rattling, etc. The mouse feet glide effortlessly. The reduction in weight also made a huge difference. I can much more easily perform quick flicks, especially 180 degree maneuvers when needed. The lack of RGB means you are going to get much better battery life than the older Viper Ultimate (unless you turned the RGB off). The only minor gripes I have are that it does not support my old Razer charging dock, and I wish it had a power switch rather than a power button, so I don't have to wait a few seconds for it to power off/on. This is still an insanely good mouse. Highly recommended.", 'title': 'Incredible mouse!', 'location_and_date': 'Reviewed in the United States 🇺🇸 on January 13, 2023', 'verified': True, 'rating': '5.0'}
2023-03-28 18:22:28 [scrapy] DEBUG: Scraped from <200 https://www.amazon.com/product-reviews/B09VCR969M/>
{'asin': 'B09VCR969M', 'text': "I loved that it's such a fast mouse and it really does weigh 58 grams(It comes with not-yet applied grip tape; if you add it the mouse weighs slightly more)! Be aware that the first time you use it you will probably have to use it wired. And unlike people whose USB dongle came broken, mine works fine! I can't wait to see what games I'll play with this mouse!", 'title': 'Extremely light mouse', 'location_and_date': 'Reviewed in the United States 🇺🇸 on March 9, 2023', 'verified': True, 'rating': '5.0'}
2023-03-28 18:22:28 [scrapy] DEBUG: Scraped from <200 https://www.amazon.com/product-reviews/B09VCR969M/>
{'asin': 'B09VCR969M', 'text': 'Been looking for a lightweight mouse for Valorant and the V2 Pro fits the bill.I prefer this to the Logitech Superlight G Pro X because the shape feels a lot better in my hand.', 'title': 'One of the best lightweight mice for gaming', 'location_and_date': 'Reviewed in the United States 🇺🇸 on March 16, 2023', 'verified': True, 'rating': '5.0'}
2023-03-28 18:22:28 [scrapy] DEBUG: Scraped from <200 https://www.amazon.com/product-reviews/B09VCR969M/>
{'asin': 'B09VCR969M', 'text': "This mouse is one of the best mice I have ever used! It'ss light, high quality, long battery life abd most importantly you dont need to install the Razer Synapse software to switch the DPI settings. Highly recommended!", 'title': 'Lightweight and excellent', 'location_and_date': 'Reviewed in the United States 🇺🇸 on March 6, 2023', 'verified': True, 'rating': '5.0'}
2023-03-28 18:22:28 [scrapy] DEBUG: Scraped from <200 https://www.amazon.com/product-reviews/B09VCR969M/>
{'asin': 'B09VCR969M', 'text': "The box seals were open but the protective sticker on the bottom of the mouse wasn’t. Wouldn't be surprised if someone bought it, didn’t like how it felt in the hand, and just returned it. Saved me some money though!As for the mouse, coming from a Razer Mamba Elite it’s definitely so much lighter. Clicks are light but a little loud. Tuned it out after a couple days though so it doesn’t bother me.", 'title': 'Bought Renewed. Probably new', 'location_and_date': 'Reviewed in the United States 🇺🇸 on February 17, 2023', 'verified': True, 'rating': '5.0'}
2023-03-28 18:22:28 [scrapy] DEBUG: Scraped from <200 https://www.amazon.com/product-reviews/B09VCR969M/>
{'asin': 'B09VCR969M', 'text': "After the half a year I had with the mouse, it's a fantastic mouse. My only issue with it is the USB Adapter Dongle; suddenly stopped working. I thought it was the USB port went bad, and I tried in all other ports. I then connected my Razer Deathadder I use for work and found my USB port still works. I believe the only way that you can this issue fixed is getting it RMA and a entirely new Mouse. I've read that other users have ran into the same problem. So if you do buy this mouse be forewarned and maybe get the hyperpolling dongle.", 'title': 'Only one issue with the mouse: the USB adapter dongle', 'location_and_date': 'Reviewed in the United States 🇺🇸 on January 9, 2023', 'verified': True, 'rating': '4.0'}
2023-03-28 18:22:28 [scrapy] DEBUG: Scraped from <200 https://www.amazon.com/product-reviews/B09VCR969M/>
{'asin': 'B09VCR969M', 'text': 'I decided to give Razer a try after my G Pro X Superlight developed double click issues. The Razer Viper V2 pro is a great replacement and performs as well if not better in every regard. My only gripes with this mouse are the lack of wireless/magnetic charging and the battery life in 4kHz mode (around 24 hrs vs over a week).', 'title': 'Excellent Replacement for G Pro X Superlight', 'location_and_date': 'Reviewed in the United States 🇺🇸 on February 20, 2023', 'verified': True, 'rating': '5.0'}
2023-03-28 18:22:28 [scrapy] DEBUG: Scraped from <200 https://www.amazon.com/product-reviews/B09VCR969M/>
{'asin': 'B09VCR969M', 'text': '6 months of heavy use (9-12 hours a day and lots of gaming) mouse holds well. There is no deterioration in click feel quality or stability of the main button panels, which was issue with previous generation of full sized Viper family mice. Battery life is around 30% longer comparatively to RVU (with RGB off).Mouse has great skates out of the box with no need for aftermarket ones. Plastic holds well so far, and rubber grips are very useful addition.', 'title': 'Second to none techwise, good build quality at lightweight design with no holes.', 'location_and_date': 'Reviewed in the United States 🇺🇸 on February 12, 2023', 'verified': True, 'rating': '5.0'}
2023-03-28 18:22:28 [scrapy] DEBUG: Scraped from <200 https://www.amazon.com/product-reviews/B09VCR969M/>
{'asin': 'B09VCR969M', 'text': "The mouse functioned well, probably the best wireless gaming mouse i've ever owned. The mouse wheel just stopped working after a few months, but it was manageable. Now at 7 months, i cant even scroll down a page.", 'title': 'Mouse Wheel Broken after 6 Months', 'location_and_date': 'Reviewed in the United States 🇺🇸 on February 7, 2023', 'verified': True, 'rating': '4.0'}
2023-03-28 18:23:10 [scrapy] DEBUG: Crawled (200) <GET https://proxy.scrapeops.io/v1/?api_key=f1e5b680-4e01-4798-af3c-c8ec61777b72&url=https%3A%2F%2Fwww.amazon.com%2Fap%2Fsignin%3Fopenid.return_to%3Dhttps%253A%252F%252Fwww.amazon.com%252FRazer-HyperSpeed-Wireless-Gaming-Mouse%252Fproduct-reviews%252FB09VCR969M%253Fie%253DUTF8%2526pageNumber%253D2%26openid.identity%3Dhttp%253A%252F%252Fspecs.openid.net%252Fauth%252F2.0%252Fidentifier_select%26openid.assoc_handle%3Dusflex%26openid.mode%3Dcheckid_setup%26marketPlaceId%3DATVPDKIKX0DER%26language%3Den%26openid.claimed_id%3Dhttp%253A%252F%252Fspecs.openid.net%252Fauth%252F2.0%252Fidentifier_select%26openid.ns%3Dhttp%253A%252F%252Fspecs.openid.net%252Fauth%252F2.0> (referer: https://www.amazon.com/product-reviews/B09VCR969M/)
2023-03-28 18:23:50 [scrapy] DEBUG: Crawled (200) <GET https://proxy.scrapeops.io/v1/?api_key=f1e5b680-4e01-4798-af3c-c8ec61777b72&url=https%3A%2F%2Fwww.amazon.com%2Fap%2Fsignin%3Fopenid.return_to%3Dhttps%253A%252F%252Fwww.amazon.com%252FRazer-HyperSpeed-Wireless-Gaming-Mouse%252Fproduct-reviews%252FB09VCR969M%253Fie%253DUTF8%2526pageNumber%253D2%26openid.identity%3Dhttp%253A%252F%252Fspecs.openid.net%252Fauth%252F2.0%252Fidentifier_select%26openid.assoc_handle%3Dusflex%26openid.mode%3Dcheckid_setup%26marketPlaceId%3DATVPDKIKX0DER%26language%3Den%26openid.claimed_id%3Dhttp%253A%252F%252Fspecs.openid.net%252Fauth%252F2.0%252Fidentifier_select%26openid.ns%3Dhttp%253A%252F%252Fspecs.openid.net%252Fauth%252F2.0> (referer: https://www.amazon.com/ap/signin?openid.return_to=https%3A%2F%2Fwww.amazon.com%2FRazer-HyperSpeed-Wireless-Gaming-Mouse%2Fproduct-reviews%2FB09VCR969M%3Fie%3DUTF8%26pageNumber%3D2&openid.identity=http%3A%2F%2Fspecs.openid.net%2Fauth%2F2.0%2Fidentifier_select&openid.assoc_handle=usflex&openid.mode=checkid_setup&marketPlaceId=ATVPDKIKX0DER&language=en&openid.claimed_id=http%3A%2F%2Fspecs.openid.net%2Fauth%2F2.0%2Fidentifier_select&openid.ns=http%3A%2F%2Fspecs.openid.net%2Fauth%2F2.0)
2023-03-28 18:24:28 [scrapy] DEBUG: Crawled (200) <GET https://proxy.scrapeops.io/v1/?api_key=f1e5b680-4e01-4798-af3c-c8ec61777b72&url=https%3A%2F%2Fwww.amazon.com%2Fap%2Fsignin%3Fopenid.return_to%3Dhttps%253A%252F%252Fwww.amazon.com%252FRazer-HyperSpeed-Wireless-Gaming-Mouse%252Fproduct-reviews%252FB09VCR969M%253Fie%253DUTF8%2526pageNumber%253D2%26openid.identity%3Dhttp%253A%252F%252Fspecs.openid.net%252Fauth%252F2.0%252Fidentifier_select%26openid.assoc_handle%3Dusflex%26openid.mode%3Dcheckid_setup%26marketPlaceId%3DATVPDKIKX0DER%26language%3Den%26openid.claimed_id%3Dhttp%253A%252F%252Fspecs.openid.net%252Fauth%252F2.0%252Fidentifier_select%26openid.ns%3Dhttp%253A%252F%252Fspecs.openid.net%252Fauth%252F2.0> (referer: https://www.amazon.com/ap/signin?openid.return_to=https%3A%2F%2Fwww.amazon.com%2FRazer-HyperSpeed-Wireless-Gaming-Mouse%2Fproduct-reviews%2FB09VCR969M%3Fie%3DUTF8%26pageNumber%3D2&openid.identity=http%3A%2F%2Fspecs.openid.net%2Fauth%2F2.0%2Fidentifier_select&openid.assoc_handle=usflex&openid.mode=checkid_setup&marketPlaceId=ATVPDKIKX0DER&language=en&openid.claimed_id=http%3A%2F%2Fspecs.openid.net%2Fauth%2F2.0%2Fidentifier_select&openid.ns=http%3A%2F%2Fspecs.openid.net%2Fauth%2F2.0)
2023-03-28 18:25:09 [scrapy] DEBUG: Crawled (200) <GET https://proxy.scrapeops.io/v1/?api_key=f1e5b680-4e01-4798-af3c-c8ec61777b72&url=https%3A%2F%2Fwww.amazon.com%2Fap%2Fsignin%3Fopenid.return_to%3Dhttps%253A%252F%252Fwww.amazon.com%252FRazer-HyperSpeed-Wireless-Gaming-Mouse%252Fproduct-reviews%252FB09VCR969M%253Fie%253DUTF8%2526pageNumber%253D2%26openid.identity%3Dhttp%253A%252F%252Fspecs.openid.net%252Fauth%252F2.0%252Fidentifier_select%26openid.assoc_handle%3Dusflex%26openid.mode%3Dcheckid_setup%26marketPlaceId%3DATVPDKIKX0DER%26language%3Den%26openid.claimed_id%3Dhttp%253A%252F%252Fspecs.openid.net%252Fauth%252F2.0%252Fidentifier_select%26openid.ns%3Dhttp%253A%252F%252Fspecs.openid.net%252Fauth%252F2.0> (referer: https://www.amazon.com/ap/signin?openid.return_to=https%3A%2F%2Fwww.amazon.com%2FRazer-HyperSpeed-Wireless-Gaming-Mouse%2Fproduct-reviews%2FB09VCR969M%3Fie%3DUTF8%26pageNumber%3D2&openid.identity=http%3A%2F%2Fspecs.openid.net%2Fauth%2F2.0%2Fidentifier_select&openid.assoc_handle=usflex&openid.mode=checkid_setup&marketPlaceId=ATVPDKIKX0DER&language=en&openid.claimed_id=http%3A%2F%2Fspecs.openid.net%2Fauth%2F2.0%2Fidentifier_select&openid.ns=http%3A%2F%2Fspecs.openid.net%2Fauth%2F2.0)
2023-03-28 18:25:09 [scrapy] INFO: Closing spider (finished)
2023-03-28 18:25:09 [scrapy] INFO: Stored csv feed (10 items) in: data/amazon_reviews_2023-03-28T12-52-22.csv
2023-03-28 18:25:09 [scrapy] INFO: Dumping Scrapy stats:
{'downloader/request_bytes': 5290,
 'downloader/request_count': 5,
 'downloader/request_method_count/GET': 5,
 'downloader/response_bytes': 330764,
 'downloader/response_count': 5,
 'downloader/response_status_count/200': 5,
 'elapsed_time_seconds': 167.730487,
 'feedexport/success_count/FileFeedStorage': 1,
 'finish_reason': 'finished',
 'finish_time': datetime.datetime(2023, 3, 28, 12, 55, 9, 944131),
 'httpcompression/response_bytes': 852283,
 'httpcompression/response_count': 5,
 'item_scraped_count': 10,
 'log_count/DEBUG': 15,
 'log_count/INFO': 8,
 'log_count/WARNING': 1,
 'memusage/max': 75296768,
 'memusage/startup': 67870720,
 'request_depth_max': 4,
 'response_received_count': 5,
 'scheduler/dequeued': 10,
 'scheduler/dequeued/memory': 10,
 'scheduler/enqueued': 10,
 'scheduler/enqueued/memory': 10,
 'start_time': datetime.datetime(2023, 3, 28, 12, 52, 22, 213644)}
2023-03-28 18:25:09 [scrapy] INFO: Spider closed (finished)
