2023-03-26 23:23:54 [scrapy] DEBUG: Crawled (200) <GET https://proxy.scrapeops.io/v1/?api_key=f1e5b680-4e01-4798-af3c-c8ec61777b72&url=https%3A%2F%2Fwww.amazon.com%2Fproduct-reviews%2FB092DF433H%2F> (referer: None)
2023-03-26 23:23:54 [scrapy] DEBUG: Scraped from <200 https://www.amazon.com/product-reviews/B092DF433H/>
{'asin': 'B092DF433H', 'text': "Autofull was very responsive to my feedback on how to improve their product. One thing I really appreciated about this chair is that all the screws are in the right places and easy to access, making assembly a breeze. I would definitely buy from them again.The chair itself has excellent lumbar support, which is crucial for anyone who spends long hours sitting down. The memory foam cushion is also very comfortable and molds to your body. The chair has a chunky, sturdy feel to it, and the faux leather is soft and pliable, which hopefully means it won't crack like a harder, shinier faux leather would. Each part of the chair was carefully wrapped in foam to prevent any breakage or damage during shipping.One downside to the chair is that the armrests are quite hard and may crack or peel over time, so it's recommended to purchase soft covers for them. Additionally, the back support can be a bit annoying and pushes you further out from the chair, which then puts the leg support at the back of your knees. The cushion also tends to go flat after a few hours, which can make the chair uncomfortable for extended periods of sitting. However, despite these minor drawbacks, the chair is a great option for those looking for solid lumbar support and comfortable seating.", 'title': 'Comfortable and Sturdy, with Excellent Lumbar Support', 'location_and_date': 'Reviewed in the United States 🇺🇸 on March 18, 2023', 'verified': True, 'rating': '5.0'}
2023-03-26 23:23:54 [scrapy] DEBUG: Scraped from <200 https://www.amazon.com/product-reviews/B092DF433H/>
{'asin': 'B092DF433H', 'text': "Update: Okay, so the customer support is outstanding here! Changed back to 5-stars. Replaced the faulty part of my chair very quickly and were more than happy to help.I do like the overall design of the chair and the comfort isn't bad for the price. Lumbar support foam/pillow for the lower back is very nice. I do have a problem with the hydraulic giving out and my chair slowly descending to its lowest setting after sitting in it for a few minutes.  This problem just recently became a problem and it was only minor at first, but now it has stemmed into a pretty big annoyance. I am well below the weight threshold of the chair too so that's not what I believe to be causing this issue.I do like this chair because it is a big step up from my previous chair (arm rest broke and customer support was a ghost for my previous chair.) I am hoping the same doesn't stem from AutoFull and they will at least help out with the replacement base at a minimum since I haven't had the chair for a full year.  It will remain at 3 stars until this remedy is addressed.", 'title': 'Nice chair, but...', 'location_and_date': 'Reviewed in the United States 🇺🇸 on March 4, 2023', 'verified': True, 'rating': '5.0'}
2023-03-26 23:23:54 [scrapy] DEBUG: Scraped from <200 https://www.amazon.com/product-reviews/B092DF433H/>
{'asin': 'B092DF433H', 'text': 'It\'s a really nice looking chair.  The instruction book is fancy to look at but it\'s difficult to try to read (itty bitty white & red font) - no regard for accessibility here.  Watch the videos instead. It had a strong plasticy smell for a couple of days, gave me a headache.  The armrests are terrible - the plastic is very slick, my arms slide around often.  I\'ll buy some armrest covers, but it\'s annoying that I have to spend more money on this chair, since it\'s not cheap to begin with.  It does fit me well, I\'m 5\'7" and my last gaming chair was a little oversized for me. I hope it is good in the long term so I don\'t regret the price.', 'title': 'Mostly love it', 'location_and_date': 'Reviewed in the United States 🇺🇸 on March 13, 2023', 'verified': True, 'rating': '4.0'}
2023-03-26 23:23:54 [scrapy] DEBUG: Scraped from <200 https://www.amazon.com/product-reviews/B092DF433H/>
{'asin': 'B092DF433H', 'text': 'Pros.Good chair but if your a bigger guy give it some time to wear the padding in!All steel construction is good back locks very firmly in place, promotes good posture.Very easy to put together takes about ten minutes, did not install leg rest so i cannot comment on that.Cons.Arm rests do not come up high enough for me but you can buy padded extenders for them, Tilt function is almost useless.Included back support pillow is nice but i constantly have to adjust it when i get in or out of chair. Neck pillow could have better mounting to keep it higher for taller people.', 'title': 'Good value, Small problems', 'location_and_date': 'Reviewed in the United States 🇺🇸 on March 17, 2023', 'verified': True, 'rating': '4.0'}
2023-03-26 23:23:54 [scrapy] DEBUG: Scraped from <200 https://www.amazon.com/product-reviews/B092DF433H/>
{'asin': 'B092DF433H', 'text': 'So I bought this chair for my bf for Christmas. I did extensive research to find a good quality chair for his needs. This one fit all of it. Two months later after purchase two legs broke and I was devastated, but luckily I got a hold of a support team and they were great. I sent pictures and requested just 3 new legs but they sent all 5 and a new mount piece for the legs. Absolutely satisfied. Would recommend this product.', 'title': 'Great product and customer support', 'location_and_date': 'Reviewed in the United States 🇺🇸 on March 18, 2023', 'verified': True, 'rating': '5.0'}
2023-03-26 23:23:54 [scrapy] DEBUG: Scraped from <200 https://www.amazon.com/product-reviews/B092DF433H/>
{'asin': 'B092DF433H', 'text': 'Got this thinking it looked sturdy and comfortable and not long after, the back just broke and whatever metal “support” in the chair itself that’s supposed to keep the back in place completely bent… waste of money.Edit:I ended up getting a refund and am changing my review because of how helpful and supportive AutoFull’s customer service was during this process. I chose not to order another chair out of fear that it would break again but it very well could have been a faulty product. While I had the chair, it was very comfortable and got rid of neck pain I was having due to the support it provided.', 'title': 'Edit: Broke after less than 3 months of use', 'location_and_date': 'Reviewed in the United States 🇺🇸 on March 2, 2023', 'verified': True, 'rating': '4.0'}
2023-03-26 23:23:54 [scrapy] DEBUG: Scraped from <200 https://www.amazon.com/product-reviews/B092DF433H/>
{'asin': 'B092DF433H', 'text': 'UPDATE: added another two stars because their after sales service is excellent. They reach out to me and offered a few options rectify the issue and even offered another free chair. This says a lot because most other companies will just take your money and run. I would give them another chance.Only reason Im giving this product two stars and not one is because it actually is comfortable..as MOST chairs are AT FIRST. Will be returning.QUALITY: None of the logos are centered or straight as you can see in my pictures. It was not stapled equality across all parts (you have more staples on one side than the other and at different location). Good quality products have a CONSISTENT PATTERN! Not to mention that one staple came broken as you can see by my thumb on the third picture.ASSEMBLY INSTRUCTIONS: The instructions manual I receive was ONLY in Chinese. They charge you a prime for this chair but wont even bother to translate the manual. I did not order this in China and it was not delivered to china so there is no reason as to why the manual provided was ONLY written in Chinese.ARM REST: extremely uncomfortable.', 'title': 'Worst build quality / Excellent after sales support', 'location_and_date': 'Reviewed in the United States 🇺🇸 on January 8, 2023', 'verified': True, 'rating': '4.0'}
2023-03-26 23:23:54 [scrapy] DEBUG: Scraped from <200 https://www.amazon.com/product-reviews/B092DF433H/>
{'asin': 'B092DF433H', 'text': 'So comfortable and I can adjust so my feet touch floor at sewing machine table- I’m 5.4 and legs are short. I sit in this chair for 4-6 hours a day.I ordered armrest covers  (Milliard Ergonomic Office Chair Memory Foam Armrest Pad ) for more comfort and height- my arms are short and I use armrests a lot. Pullout footrest is okay … I tend to use my hassock instead to elevate my feet while hand sewing.Watched YouTube videos to put together- instruction booklet wasn’t great - difficult for 60 year old eyes to read!Love this chair!! Highly recommend!', 'title': 'Great chair for Craft room', 'location_and_date': 'Reviewed in the United States 🇺🇸 on February 15, 2023', 'verified': True, 'rating': '5.0'}
2023-03-26 23:23:54 [scrapy] DEBUG: Scraped from <200 https://www.amazon.com/product-reviews/B092DF433H/>
{'asin': 'B092DF433H', 'text': 'Overall good chair. I use it for work and gaming. Caster wheels are terrible though. I recommend replacing them if your budget allows.', 'title': 'Overall good chair.', 'location_and_date': 'Reviewed in the United States 🇺🇸 on March 19, 2023', 'verified': True, 'rating': '4.0'}
2023-03-26 23:23:54 [scrapy] DEBUG: Scraped from <200 https://www.amazon.com/product-reviews/B092DF433H/>
{'asin': 'B092DF433H', 'text': "Hands down one of the easiest chairs I have assembled in a long time, all the required bolts were already where they needed to go, I just needed to remove them and put them back when assembling the chair. It also has to be one of the best chairs I have used for comfort/support, most chairs I used before this one made me slide into an uncomfortable position after a few minutes of usage, haven't had that issue with this chair and the lumbar pillow actually stays in place. If you have the disposable income, I would definitely recommend this chair for the ease of assembly and the comfort and support it gives. I'll update this post in 6 months on how I feel about the seat cushion and if it compresses in that time.", 'title': 'Best chair so far', 'location_and_date': 'Reviewed in the United States 🇺🇸 on January 28, 2023', 'verified': True, 'rating': '5.0'}
2023-03-26 23:24:34 [scrapy] DEBUG: Crawled (200) <GET https://proxy.scrapeops.io/v1/?api_key=f1e5b680-4e01-4798-af3c-c8ec61777b72&url=https%3A%2F%2Fwww.amazon.com%2Fap%2Fsignin%3Fopenid.return_to%3Dhttps%253A%252F%252Fwww.amazon.com%252FAutoFull-Ergonomic-Support-Adjustable-Footrest%2525EF%2525BC%25258CBrown%252Fproduct-reviews%252FB092DF433H%253FpageNumber%253D2%26openid.identity%3Dhttp%253A%252F%252Fspecs.openid.net%252Fauth%252F2.0%252Fidentifier_select%26openid.assoc_handle%3Dusflex%26openid.mode%3Dcheckid_setup%26marketPlaceId%3DATVPDKIKX0DER%26language%3Den%26openid.claimed_id%3Dhttp%253A%252F%252Fspecs.openid.net%252Fauth%252F2.0%252Fidentifier_select%26openid.ns%3Dhttp%253A%252F%252Fspecs.openid.net%252Fauth%252F2.0> (referer: https://www.amazon.com/product-reviews/B092DF433H/)
2023-03-26 23:25:14 [scrapy] DEBUG: Crawled (200) <GET https://proxy.scrapeops.io/v1/?api_key=f1e5b680-4e01-4798-af3c-c8ec61777b72&url=https%3A%2F%2Fwww.amazon.com%2Fap%2Fsignin%3Fopenid.return_to%3Dhttps%253A%252F%252Fwww.amazon.com%252FAutoFull-Ergonomic-Support-Adjustable-Footrest%2525EF%2525BC%25258CBrown%252Fproduct-reviews%252FB092DF433H%253FpageNumber%253D2%26openid.identity%3Dhttp%253A%252F%252Fspecs.openid.net%252Fauth%252F2.0%252Fidentifier_select%26openid.assoc_handle%3Dusflex%26openid.mode%3Dcheckid_setup%26marketPlaceId%3DATVPDKIKX0DER%26language%3Den%26openid.claimed_id%3Dhttp%253A%252F%252Fspecs.openid.net%252Fauth%252F2.0%252Fidentifier_select%26openid.ns%3Dhttp%253A%252F%252Fspecs.openid.net%252Fauth%252F2.0> (referer: https://www.amazon.com/ap/signin?openid.return_to=https%3A%2F%2Fwww.amazon.com%2FAutoFull-Ergonomic-Support-Adjustable-Footrest%25EF%25BC%258CBrown%2Fproduct-reviews%2FB092DF433H%3FpageNumber%3D2&openid.identity=http%3A%2F%2Fspecs.openid.net%2Fauth%2F2.0%2Fidentifier_select&openid.assoc_handle=usflex&openid.mode=checkid_setup&marketPlaceId=ATVPDKIKX0DER&language=en&openid.claimed_id=http%3A%2F%2Fspecs.openid.net%2Fauth%2F2.0%2Fidentifier_select&openid.ns=http%3A%2F%2Fspecs.openid.net%2Fauth%2F2.0)
2023-03-26 23:25:52 [scrapy] DEBUG: Crawled (200) <GET https://proxy.scrapeops.io/v1/?api_key=f1e5b680-4e01-4798-af3c-c8ec61777b72&url=https%3A%2F%2Fwww.amazon.com%2Fap%2Fsignin%3Fopenid.return_to%3Dhttps%253A%252F%252Fwww.amazon.com%252FAutoFull-Ergonomic-Support-Adjustable-Footrest%2525EF%2525BC%25258CBrown%252Fproduct-reviews%252FB092DF433H%253FpageNumber%253D2%26openid.identity%3Dhttp%253A%252F%252Fspecs.openid.net%252Fauth%252F2.0%252Fidentifier_select%26openid.assoc_handle%3Dusflex%26openid.mode%3Dcheckid_setup%26marketPlaceId%3DATVPDKIKX0DER%26language%3Den%26openid.claimed_id%3Dhttp%253A%252F%252Fspecs.openid.net%252Fauth%252F2.0%252Fidentifier_select%26openid.ns%3Dhttp%253A%252F%252Fspecs.openid.net%252Fauth%252F2.0> (referer: https://www.amazon.com/ap/signin?openid.return_to=https%3A%2F%2Fwww.amazon.com%2FAutoFull-Ergonomic-Support-Adjustable-Footrest%25EF%25BC%258CBrown%2Fproduct-reviews%2FB092DF433H%3FpageNumber%3D2&openid.identity=http%3A%2F%2Fspecs.openid.net%2Fauth%2F2.0%2Fidentifier_select&openid.assoc_handle=usflex&openid.mode=checkid_setup&marketPlaceId=ATVPDKIKX0DER&language=en&openid.claimed_id=http%3A%2F%2Fspecs.openid.net%2Fauth%2F2.0%2Fidentifier_select&openid.ns=http%3A%2F%2Fspecs.openid.net%2Fauth%2F2.0)
2023-03-26 23:26:32 [scrapy] DEBUG: Crawled (200) <GET https://proxy.scrapeops.io/v1/?api_key=f1e5b680-4e01-4798-af3c-c8ec61777b72&url=https%3A%2F%2Fwww.amazon.com%2Fap%2Fsignin%3Fopenid.return_to%3Dhttps%253A%252F%252Fwww.amazon.com%252FAutoFull-Ergonomic-Support-Adjustable-Footrest%2525EF%2525BC%25258CBrown%252Fproduct-reviews%252FB092DF433H%253FpageNumber%253D2%26openid.identity%3Dhttp%253A%252F%252Fspecs.openid.net%252Fauth%252F2.0%252Fidentifier_select%26openid.assoc_handle%3Dusflex%26openid.mode%3Dcheckid_setup%26marketPlaceId%3DATVPDKIKX0DER%26language%3Den%26openid.claimed_id%3Dhttp%253A%252F%252Fspecs.openid.net%252Fauth%252F2.0%252Fidentifier_select%26openid.ns%3Dhttp%253A%252F%252Fspecs.openid.net%252Fauth%252F2.0> (referer: https://www.amazon.com/ap/signin?openid.return_to=https%3A%2F%2Fwww.amazon.com%2FAutoFull-Ergonomic-Support-Adjustable-Footrest%25EF%25BC%258CBrown%2Fproduct-reviews%2FB092DF433H%3FpageNumber%3D2&openid.identity=http%3A%2F%2Fspecs.openid.net%2Fauth%2F2.0%2Fidentifier_select&openid.assoc_handle=usflex&openid.mode=checkid_setup&marketPlaceId=ATVPDKIKX0DER&language=en&openid.claimed_id=http%3A%2F%2Fspecs.openid.net%2Fauth%2F2.0%2Fidentifier_select&openid.ns=http%3A%2F%2Fspecs.openid.net%2Fauth%2F2.0)
2023-03-26 23:26:32 [scrapy] INFO: Closing spider (finished)
2023-03-26 23:26:32 [scrapy] INFO: Stored csv feed (10 items) in: data/amazon_reviews_2023-03-26T17-53-50.csv
2023-03-26 23:26:32 [scrapy] INFO: Dumping Scrapy stats:
{'downloader/request_bytes': 5410,
 'downloader/request_count': 5,
 'downloader/request_method_count/GET': 5,
 'downloader/response_bytes': 341890,
 'downloader/response_count': 5,
 'downloader/response_status_count/200': 5,
 'elapsed_time_seconds': 162.387343,
 'feedexport/success_count/FileFeedStorage': 1,
 'finish_reason': 'finished',
 'finish_time': datetime.datetime(2023, 3, 26, 17, 56, 32, 717630),
 'httpcompression/response_bytes': 890573,
 'httpcompression/response_count': 5,
 'item_scraped_count': 10,
 'log_count/DEBUG': 15,
 'log_count/INFO': 8,
 'log_count/WARNING': 1,
 'memusage/max': 75952128,
 'memusage/startup': 68026368,
 'request_depth_max': 4,
 'response_received_count': 5,
 'scheduler/dequeued': 10,
 'scheduler/dequeued/memory': 10,
 'scheduler/enqueued': 10,
 'scheduler/enqueued/memory': 10,
 'start_time': datetime.datetime(2023, 3, 26, 17, 53, 50, 330287)}
2023-03-26 23:26:32 [scrapy] INFO: Spider closed (finished)
