2023-04-05 23:42:36 [scrapeops_scrapy.middleware.retry] DEBUG: Retrying <GET https://proxy.scrapeops.io/v1/?api_key=f1e5b680-4e01-4798-af3c-c8ec61777b72&url=https%3A%2F%2Fwww.amazon.com%2Fproduct-reviews%2FB091BCCTND%2F> (failed 1 times): 503 Service Unavailable
2023-04-05 23:42:37 [scrapeops_scrapy.middleware.retry] DEBUG: Retrying <GET https://proxy.scrapeops.io/v1/?api_key=f1e5b680-4e01-4798-af3c-c8ec61777b72&url=https%3A%2F%2Fwww.amazon.com%2Fproduct-reviews%2FB091BCCTND%2F> (failed 2 times): 503 Service Unavailable
2023-04-05 23:42:38 [scrapeops_scrapy.middleware.retry] ERROR: Gave up retrying <GET https://proxy.scrapeops.io/v1/?api_key=f1e5b680-4e01-4798-af3c-c8ec61777b72&url=https%3A%2F%2Fwww.amazon.com%2Fproduct-reviews%2FB091BCCTND%2F> (failed 3 times): 503 Service Unavailable
2023-04-05 23:42:38 [scrapy] DEBUG: Crawled (503) <GET https://proxy.scrapeops.io/v1/?api_key=f1e5b680-4e01-4798-af3c-c8ec61777b72&url=https%3A%2F%2Fwww.amazon.com%2Fproduct-reviews%2FB091BCCTND%2F> (referer: None)
2023-04-05 23:42:38 [scrapy] INFO: Ignoring response <503 https://www.amazon.com/product-reviews/B091BCCTND/>: HTTP status code is not handled or not allowed
2023-04-05 23:42:38 [scrapy] INFO: Closing spider (finished)
2023-04-05 23:42:38 [scrapy] INFO: Dumping Scrapy stats:
{'downloader/request_bytes': 999,
 'downloader/request_count': 3,
 'downloader/request_method_count/GET': 3,
 'downloader/response_bytes': 1017,
 'downloader/response_count': 3,
 'downloader/response_status_count/503': 3,
 'elapsed_time_seconds': 2.064973,
 'finish_reason': 'finished',
 'finish_time': datetime.datetime(2023, 4, 5, 18, 12, 38, 174825),
 'httperror/response_ignored_count': 1,
 'httperror/response_ignored_status_count/503': 1,
 'log_count/DEBUG': 3,
 'log_count/ERROR': 1,
 'log_count/INFO': 8,
 'log_count/WARNING': 1,
 'memusage/max': 125857792,
 'memusage/startup': 125857792,
 'response_received_count': 1,
 'retry/count': 2,
 'retry/max_reached': 1,
 'retry/reason_count/503 Service Unavailable': 2,
 'scheduler/dequeued': 4,
 'scheduler/dequeued/memory': 4,
 'scheduler/enqueued': 4,
 'scheduler/enqueued/memory': 4,
 'start_time': datetime.datetime(2023, 4, 5, 18, 12, 36, 109852)}
2023-04-05 23:42:38 [scrapy] INFO: Spider closed (finished)
