2023-04-06 15:33:09 [scrapeops_scrapy.middleware.retry] DEBUG: Retrying <GET https://proxy.scrapeops.io/v1/?api_key=f1e5b680-4e01-4798-af3c-c8ec61777b72&url=https%3A%2F%2Fwww.amazon.com%2Fproduct-reviews%2FB09TZWLFLY%2F> (failed 1 times): 502 Bad Gateway
2023-04-06 15:33:09 [scrapeops_scrapy.middleware.retry] DEBUG: Retrying <GET https://proxy.scrapeops.io/v1/?api_key=f1e5b680-4e01-4798-af3c-c8ec61777b72&url=https%3A%2F%2Fwww.amazon.com%2Fproduct-reviews%2FB09TZWLFLY%2F> (failed 2 times): 503 Service Unavailable
2023-04-06 15:33:11 [scrapeops_scrapy.middleware.retry] ERROR: Gave up retrying <GET https://proxy.scrapeops.io/v1/?api_key=f1e5b680-4e01-4798-af3c-c8ec61777b72&url=https%3A%2F%2Fwww.amazon.com%2Fproduct-reviews%2FB09TZWLFLY%2F> (failed 3 times): 502 Bad Gateway
2023-04-06 15:33:11 [scrapy] DEBUG: Crawled (502) <GET https://proxy.scrapeops.io/v1/?api_key=f1e5b680-4e01-4798-af3c-c8ec61777b72&url=https%3A%2F%2Fwww.amazon.com%2Fproduct-reviews%2FB09TZWLFLY%2F> (referer: None)
2023-04-06 15:33:12 [scrapy] INFO: Ignoring response <502 https://www.amazon.com/product-reviews/B09TZWLFLY/>: HTTP status code is not handled or not allowed
2023-04-06 15:33:12 [scrapy] INFO: Closing spider (finished)
2023-04-06 15:33:12 [scrapy] INFO: Dumping Scrapy stats:
{'downloader/request_bytes': 999,
 'downloader/request_count': 3,
 'downloader/request_method_count/GET': 3,
 'downloader/response_bytes': 921,
 'downloader/response_count': 3,
 'downloader/response_status_count/502': 2,
 'downloader/response_status_count/503': 1,
 'elapsed_time_seconds': 5.640809,
 'finish_reason': 'finished',
 'finish_time': datetime.datetime(2023, 4, 6, 10, 3, 12, 76169),
 'httperror/response_ignored_count': 1,
 'httperror/response_ignored_status_count/502': 1,
 'log_count/DEBUG': 3,
 'log_count/ERROR': 1,
 'log_count/INFO': 8,
 'log_count/WARNING': 1,
 'response_received_count': 1,
 'retry/count': 2,
 'retry/max_reached': 1,
 'retry/reason_count/502 Bad Gateway': 1,
 'retry/reason_count/503 Service Unavailable': 1,
 'scheduler/dequeued': 4,
 'scheduler/dequeued/memory': 4,
 'scheduler/enqueued': 4,
 'scheduler/enqueued/memory': 4,
 'start_time': datetime.datetime(2023, 4, 6, 10, 3, 6, 435360)}
2023-04-06 15:33:12 [scrapy] INFO: Spider closed (finished)
