2023-04-06 15:41:49 [scrapy] DEBUG: Crawled (401) <GET https://proxy.scrapeops.io/v1/?api_key=f1e5b680-4e01-4798-af3c-c8ec61777b72&url=https%3A%2F%2Fwww.amazon.com%2Fproduct-reviews%2FB00NLZUM36%2F> (referer: None)
2023-04-06 15:41:49 [scrapy] INFO: Ignoring response <401 https://www.amazon.com/product-reviews/B00NLZUM36/>: HTTP status code is not handled or not allowed
2023-04-06 15:41:49 [scrapy] INFO: Closing spider (finished)
2023-04-06 15:41:49 [scrapy] INFO: Dumping Scrapy stats:
{'downloader/request_bytes': 333,
 'downloader/request_count': 1,
 'downloader/request_method_count/GET': 1,
 'downloader/response_bytes': 264,
 'downloader/response_count': 1,
 'downloader/response_status_count/401': 1,
 'elapsed_time_seconds': 6.044979,
 'finish_reason': 'finished',
 'finish_time': datetime.datetime(2023, 4, 6, 10, 11, 49, 345003),
 'httperror/response_ignored_count': 1,
 'httperror/response_ignored_status_count/401': 1,
 'log_count/DEBUG': 1,
 'log_count/INFO': 8,
 'log_count/WARNING': 1,
 'response_received_count': 1,
 'scheduler/dequeued': 2,
 'scheduler/dequeued/memory': 2,
 'scheduler/enqueued': 2,
 'scheduler/enqueued/memory': 2,
 'start_time': datetime.datetime(2023, 4, 6, 10, 11, 43, 300024)}
2023-04-06 15:41:49 [scrapy] INFO: Spider closed (finished)
