2023-04-06 00:37:04 [scrapeops_scrapy.middleware.retry] DEBUG: Retrying <GET https://proxy.scrapeops.io/v1/?api_key=f1e5b680-4e01-4798-af3c-c8ec61777b72&url=https%3A%2F%2Fwww.amazon.com%2Fproduct-reviews%2FB091BCCTND%2F> (failed 1 times): DNS lookup failed: no results for hostname lookup: proxy.scrapeops.io.
2023-04-06 00:37:04 [scrapeops_scrapy.middleware.retry] DEBUG: Retrying <GET https://proxy.scrapeops.io/v1/?api_key=f1e5b680-4e01-4798-af3c-c8ec61777b72&url=https%3A%2F%2Fwww.amazon.com%2Fproduct-reviews%2FB091BCCTND%2F> (failed 2 times): DNS lookup failed: no results for hostname lookup: proxy.scrapeops.io.
2023-04-06 00:37:04 [scrapeops_scrapy.middleware.retry] ERROR: Gave up retrying <GET https://proxy.scrapeops.io/v1/?api_key=f1e5b680-4e01-4798-af3c-c8ec61777b72&url=https%3A%2F%2Fwww.amazon.com%2Fproduct-reviews%2FB091BCCTND%2F> (failed 3 times): DNS lookup failed: no results for hostname lookup: proxy.scrapeops.io.
2023-04-06 00:37:04 [scrapy] ERROR: Error downloading <GET https://proxy.scrapeops.io/v1/?api_key=f1e5b680-4e01-4798-af3c-c8ec61777b72&url=https%3A%2F%2Fwww.amazon.com%2Fproduct-reviews%2FB091BCCTND%2F>
Traceback (most recent call last):
  File "/home/manuraj/code/AMAZON SCRAPER/venv/lib/python3.10/site-packages/twisted/internet/defer.py", line 1693, in _inlineCallbacks
    result = context.run(
  File "/home/manuraj/code/AMAZON SCRAPER/venv/lib/python3.10/site-packages/twisted/python/failure.py", line 518, in throwExceptionIntoGenerator
    return g.throw(self.type, self.value, self.tb)
  File "/home/manuraj/code/AMAZON SCRAPER/venv/lib/python3.10/site-packages/scrapy/core/downloader/middleware.py", line 52, in process_request
    return (yield download_func(request=request, spider=spider))
  File "/home/manuraj/code/AMAZON SCRAPER/venv/lib/python3.10/site-packages/twisted/internet/defer.py", line 892, in _runCallbacks
    current.result = callback(  # type: ignore[misc]
  File "/home/manuraj/code/AMAZON SCRAPER/venv/lib/python3.10/site-packages/twisted/internet/endpoints.py", line 1022, in startConnectionAttempts
    raise error.DNSLookupError(
twisted.internet.error.DNSLookupError: DNS lookup failed: no results for hostname lookup: proxy.scrapeops.io.
2023-04-06 00:37:04 [scrapy] INFO: Closing spider (finished)
2023-04-06 00:37:04 [scrapy] INFO: Dumping Scrapy stats:
{'downloader/exception_count': 3,
 'downloader/exception_type_count/twisted.internet.error.DNSLookupError': 3,
 'downloader/request_bytes': 999,
 'downloader/request_count': 3,
 'downloader/request_method_count/GET': 3,
 'elapsed_time_seconds': 0.230232,
 'finish_reason': 'finished',
 'finish_time': datetime.datetime(2023, 4, 5, 19, 7, 4, 489872),
 'log_count/DEBUG': 2,
 'log_count/ERROR': 2,
 'log_count/INFO': 7,
 'log_count/WARNING': 1,
 'memusage/max': 99090432,
 'memusage/startup': 99090432,
 'retry/count': 2,
 'retry/max_reached': 1,
 'retry/reason_count/twisted.internet.error.DNSLookupError': 2,
 'scheduler/dequeued': 4,
 'scheduler/dequeued/memory': 4,
 'scheduler/enqueued': 4,
 'scheduler/enqueued/memory': 4,
 'start_time': datetime.datetime(2023, 4, 5, 19, 7, 4, 259640)}
2023-04-06 00:37:04 [scrapy] INFO: Spider closed (finished)
