2023-04-06 14:25:54 [scrapy] DEBUG: Crawled (200) <GET https://proxy.scrapeops.io/v1/?api_key=f1e5b680-4e01-4798-af3c-c8ec61777b72&url=https%3A%2F%2Fwww.amazon.com%2Fproduct-reviews%2FB09TZWLFLY%2F> (referer: None)
2023-04-06 14:25:55 [scrapy] DEBUG: Scraped from <200 https://www.amazon.com/product-reviews/B09TZWLFLY/>
{'asin': 'B09TZWLFLY', 'text': "First, I bought this for my wife. She uses this for Minecraft, and a few other similar type games, so not a hardcore gamer, but she does like it. She doesn't care for the LED's (although maybe some people only buy it for that) but there is a button to turn them off. However they always turn back on.With all that said, it was a solid buy. Feels solid, and seems well made. My wife's only complaint (aside from the LEDs that don't stay off) is that key travel is a bit long. Would probably buy again.", 'title': 'Like this keyboard with very few flaws', 'location_and_date': 'Reviewed in the United States 🇺🇸 on April 1, 2023', 'verified': True, 'rating': '4.0'}
2023-04-06 14:25:55 [scrapy] DEBUG: Scraped from <200 https://www.amazon.com/product-reviews/B09TZWLFLY/>
{'asin': 'B09TZWLFLY', 'text': 'Just got the keyboard. Really like it so far. The feel when you press a key is nice. Not to too spongy. You know when it bottoms out but it does it elegantly.Super quiet. Yes, it is a membrane keyboard, but it is quieter than my other membrane keyboards.Very sturdy metal frame. No flexing when I pound on the keys.Anti-ghosting EXCEPT for the X key. Weird.  If you hold down both shift keys and press X, nothing happens. A minor annoyance.So far, so good!', 'title': 'Great feel, quiet, no flex', 'location_and_date': 'Reviewed in the United States 🇺🇸 on March 29, 2023', 'verified': True, 'rating': '5.0'}
2023-04-06 14:25:55 [scrapy] DEBUG: Scraped from <200 https://www.amazon.com/product-reviews/B09TZWLFLY/>
{'asin': 'B09TZWLFLY', 'text': 'Got this when my last keyboard finally gave up the ghost. I use it for coding, not for gaming, but figured if it was good enough to stand up to gaming then it could handle the daily abuse a coder would put it through. I am very pleased! Keys are very quiet, and have a great feel to them. Also, since the keys are raised above the keyboard bed instead of encased inside it, clean up with a can of air is a breeze. So far, my only criticisms would be: Seems to be an inch to and inch and a half shorter than my old keyboard, so I\'m having to re-learn the keys at times (i keep hitting "C" looking for "V", etc). I\'m sure this is just a "me" thing and will improve over time. Also, the keyboard has a weird habit of turning its backlight back on after I shut down my computer. This is more of an annoyance really.', 'title': 'Overall a very good keyboard', 'location_and_date': 'Reviewed in the United States 🇺🇸 on February 23, 2023', 'verified': True, 'rating': '4.0'}
2023-04-06 14:25:55 [scrapy] DEBUG: Scraped from <200 https://www.amazon.com/product-reviews/B09TZWLFLY/>
{'asin': 'B09TZWLFLY', 'text': 'I tried a wireless and after having two keyboards that locked up while typing, I purchased this corded one. The color cannot be changed other that off and brightness but, I knew that before I purchased. Love the action of the keys. Just been using a week now and hope it will be working for years to come. So far A+', 'title': 'As advertised works great', 'location_and_date': 'Reviewed in the United States 🇺🇸 on April 4, 2023', 'verified': True, 'rating': '5.0'}
2023-04-06 14:25:55 [scrapy] DEBUG: Scraped from <200 https://www.amazon.com/product-reviews/B09TZWLFLY/>
{'asin': 'B09TZWLFLY', 'text': 'After about 1 week of use:The Good:*This keyboard is quite. The keys strokes are mostly soft and feel light, with most keys having no real click to them.*The Frame is an formed aluminum plate thick enough to give this keyboard a real solid feel.*The keys are positioned over what appears to be a single silicone barrier, meaning I would expect this keyboard to stand up to most simple spill over the stop of the key board.The Bad:*While this keyboard does have LEDs that are a few colors, they are not RGB addressable LEDs. (which is what I had actually searched for [*shaking fist at amazon\'s search engine*]) So you will have no control over which colors the keyboard displays, but only if they are on or off. Now, in all fairness, this is not a strike against the keyboard as it is exactly as advertised, and I should have read the description more carefully, but is still more than a little disappointing.The Ugly:*Nope. So far I have nothing to report as "Ugly".Bottom line: Provided the user wants a keyboard that is back lit with a fixed set of colors, I would recommend this key board to anyone.', 'title': 'Solid keyboard', 'location_and_date': 'Reviewed in the United States 🇺🇸 on February 2, 2023', 'verified': True, 'rating': '4.0'}
2023-04-06 14:25:55 [scrapy] DEBUG: Scraped from <200 https://www.amazon.com/product-reviews/B09TZWLFLY/>
{'asin': 'B09TZWLFLY', 'text': "Replacing a terrible keyboard starts off at a low bar, but I wanted a keyboard that wasn't too far from my Macbook's. This one is solid metal that hugs the desk surface. The keys are light but feel precise and quiet. The keyboard is sturdy and quality enough to give me confidence and I'm proud of it. So glad I didn't overspend.", 'title': 'solid', 'location_and_date': 'Reviewed in the United States 🇺🇸 on March 22, 2023', 'verified': True, 'rating': '5.0'}
2023-04-06 14:25:55 [scrapy] DEBUG: Scraped from <200 https://www.amazon.com/product-reviews/B09TZWLFLY/>
{'asin': 'B09TZWLFLY', 'text': 'I am currently writing this review with my new keyboard!!! This keyboard is all you need!! Its smooth and the RGB lights straight up pop! Its base is made of a metal and it has weight to it. Its large so you know what your getting. The buttons are perfect for gaming. The keys are raised like on all boards BUT with a low raise line so your fingers never get caught going up. It just smooth for the figure. You wont get sensitive figure tips from all the sliding. The edges on the keys are slightly rounded. Its worth the price all day long!! If you game, then you will thank me later!!', 'title': 'WHAT!!! AMAZING!!!', 'location_and_date': 'Reviewed in the United States 🇺🇸 on February 22, 2023', 'verified': True, 'rating': '5.0'}
2023-04-06 14:25:55 [scrapy] DEBUG: Scraped from <200 https://www.amazon.com/product-reviews/B09TZWLFLY/>
{'asin': 'B09TZWLFLY', 'text': 'I needed a replacement that I could see and use. I do not game so I cannot tell you if it is a good gaming keyboard. For regular use it is great.', 'title': 'Great every day keyboard', 'location_and_date': 'Reviewed in the United States 🇺🇸 on March 30, 2023', 'verified': True, 'rating': '5.0'}
2023-04-06 14:25:55 [scrapy] DEBUG: Scraped from <200 https://www.amazon.com/product-reviews/B09TZWLFLY/>
{'asin': 'B09TZWLFLY', 'text': "Not like my old Gigabyte mechanical keyboard, but a fraction of its price!At the price point I'd say its great for what it is.The keys press too slow though...not ideal for a gamer by anymeans.But its a keyboard and doesnt cost 200 dollars!", 'title': 'Its a keyboard!', 'location_and_date': 'Reviewed in the United States 🇺🇸 on March 18, 2023', 'verified': True, 'rating': '4.0'}
2023-04-06 14:25:55 [scrapy] DEBUG: Scraped from <200 https://www.amazon.com/product-reviews/B09TZWLFLY/>
{'asin': 'B09TZWLFLY', 'text': 'this thing has a great feel, both the keys and the weighted metal outer casing.  cannot believe how great this is for so cheap.  the leds are super bright. the thing feels bulletproof.', 'title': 'replaced my corsair', 'location_and_date': 'Reviewed in the United States 🇺🇸 on March 23, 2023', 'verified': True, 'rating': '5.0'}
2023-04-06 14:26:25 [scrapy] DEBUG: Crawled (200) <GET https://proxy.scrapeops.io/v1/?api_key=f1e5b680-4e01-4798-af3c-c8ec61777b72&url=https%3A%2F%2Fwww.amazon.com%2Fap%2Fsignin%3Fopenid.return_to%3Dhttps%253A%252F%252Fwww.amazon.com%252FAll-Metal-Dacoity-Multimedia-Anti-ghosting-Waterproof%252Fproduct-reviews%252FB09TZWLFLY%253Fie%253DUTF8%2526pageNumber%253D2%26openid.identity%3Dhttp%253A%252F%252Fspecs.openid.net%252Fauth%252F2.0%252Fidentifier_select%26openid.assoc_handle%3Dusflex%26openid.mode%3Dcheckid_setup%26marketPlaceId%3DATVPDKIKX0DER%26language%3Den%26openid.claimed_id%3Dhttp%253A%252F%252Fspecs.openid.net%252Fauth%252F2.0%252Fidentifier_select%26openid.ns%3Dhttp%253A%252F%252Fspecs.openid.net%252Fauth%252F2.0> (referer: https://www.amazon.com/product-reviews/B09TZWLFLY/)
2023-04-06 14:27:09 [scrapy] DEBUG: Crawled (200) <GET https://proxy.scrapeops.io/v1/?api_key=f1e5b680-4e01-4798-af3c-c8ec61777b72&url=https%3A%2F%2Fwww.amazon.com%2Fap%2Fsignin%3Fopenid.return_to%3Dhttps%253A%252F%252Fwww.amazon.com%252FAll-Metal-Dacoity-Multimedia-Anti-ghosting-Waterproof%252Fproduct-reviews%252FB09TZWLFLY%253Fie%253DUTF8%2526pageNumber%253D2%26openid.identity%3Dhttp%253A%252F%252Fspecs.openid.net%252Fauth%252F2.0%252Fidentifier_select%26openid.assoc_handle%3Dusflex%26openid.mode%3Dcheckid_setup%26marketPlaceId%3DATVPDKIKX0DER%26language%3Den%26openid.claimed_id%3Dhttp%253A%252F%252Fspecs.openid.net%252Fauth%252F2.0%252Fidentifier_select%26openid.ns%3Dhttp%253A%252F%252Fspecs.openid.net%252Fauth%252F2.0> (referer: https://www.amazon.com/ap/signin?openid.return_to=https%3A%2F%2Fwww.amazon.com%2FAll-Metal-Dacoity-Multimedia-Anti-ghosting-Waterproof%2Fproduct-reviews%2FB09TZWLFLY%3Fie%3DUTF8%26pageNumber%3D2&openid.identity=http%3A%2F%2Fspecs.openid.net%2Fauth%2F2.0%2Fidentifier_select&openid.assoc_handle=usflex&openid.mode=checkid_setup&marketPlaceId=ATVPDKIKX0DER&language=en&openid.claimed_id=http%3A%2F%2Fspecs.openid.net%2Fauth%2F2.0%2Fidentifier_select&openid.ns=http%3A%2F%2Fspecs.openid.net%2Fauth%2F2.0)
2023-04-06 14:27:47 [scrapy] DEBUG: Crawled (200) <GET https://proxy.scrapeops.io/v1/?api_key=f1e5b680-4e01-4798-af3c-c8ec61777b72&url=https%3A%2F%2Fwww.amazon.com%2Fap%2Fsignin%3Fopenid.return_to%3Dhttps%253A%252F%252Fwww.amazon.com%252FAll-Metal-Dacoity-Multimedia-Anti-ghosting-Waterproof%252Fproduct-reviews%252FB09TZWLFLY%253Fie%253DUTF8%2526pageNumber%253D2%26openid.identity%3Dhttp%253A%252F%252Fspecs.openid.net%252Fauth%252F2.0%252Fidentifier_select%26openid.assoc_handle%3Dusflex%26openid.mode%3Dcheckid_setup%26marketPlaceId%3DATVPDKIKX0DER%26language%3Den%26openid.claimed_id%3Dhttp%253A%252F%252Fspecs.openid.net%252Fauth%252F2.0%252Fidentifier_select%26openid.ns%3Dhttp%253A%252F%252Fspecs.openid.net%252Fauth%252F2.0> (referer: https://www.amazon.com/ap/signin?openid.return_to=https%3A%2F%2Fwww.amazon.com%2FAll-Metal-Dacoity-Multimedia-Anti-ghosting-Waterproof%2Fproduct-reviews%2FB09TZWLFLY%3Fie%3DUTF8%26pageNumber%3D2&openid.identity=http%3A%2F%2Fspecs.openid.net%2Fauth%2F2.0%2Fidentifier_select&openid.assoc_handle=usflex&openid.mode=checkid_setup&marketPlaceId=ATVPDKIKX0DER&language=en&openid.claimed_id=http%3A%2F%2Fspecs.openid.net%2Fauth%2F2.0%2Fidentifier_select&openid.ns=http%3A%2F%2Fspecs.openid.net%2Fauth%2F2.0)
2023-04-06 14:28:27 [scrapy] DEBUG: Crawled (200) <GET https://proxy.scrapeops.io/v1/?api_key=f1e5b680-4e01-4798-af3c-c8ec61777b72&url=https%3A%2F%2Fwww.amazon.com%2Fap%2Fsignin%3Fopenid.return_to%3Dhttps%253A%252F%252Fwww.amazon.com%252FAll-Metal-Dacoity-Multimedia-Anti-ghosting-Waterproof%252Fproduct-reviews%252FB09TZWLFLY%253Fie%253DUTF8%2526pageNumber%253D2%26openid.identity%3Dhttp%253A%252F%252Fspecs.openid.net%252Fauth%252F2.0%252Fidentifier_select%26openid.assoc_handle%3Dusflex%26openid.mode%3Dcheckid_setup%26marketPlaceId%3DATVPDKIKX0DER%26language%3Den%26openid.claimed_id%3Dhttp%253A%252F%252Fspecs.openid.net%252Fauth%252F2.0%252Fidentifier_select%26openid.ns%3Dhttp%253A%252F%252Fspecs.openid.net%252Fauth%252F2.0> (referer: https://www.amazon.com/ap/signin?openid.return_to=https%3A%2F%2Fwww.amazon.com%2FAll-Metal-Dacoity-Multimedia-Anti-ghosting-Waterproof%2Fproduct-reviews%2FB09TZWLFLY%3Fie%3DUTF8%26pageNumber%3D2&openid.identity=http%3A%2F%2Fspecs.openid.net%2Fauth%2F2.0%2Fidentifier_select&openid.assoc_handle=usflex&openid.mode=checkid_setup&marketPlaceId=ATVPDKIKX0DER&language=en&openid.claimed_id=http%3A%2F%2Fspecs.openid.net%2Fauth%2F2.0%2Fidentifier_select&openid.ns=http%3A%2F%2Fspecs.openid.net%2Fauth%2F2.0)
2023-04-06 14:28:27 [scrapy] INFO: Closing spider (finished)
2023-04-06 14:28:27 [scrapy] INFO: Stored csv feed (10 items) in: data/amazon_reviews_2023-04-06T08-55-51.csv
2023-04-06 14:28:27 [scrapy] INFO: Dumping Scrapy stats:
{'downloader/request_bytes': 5395,
 'downloader/request_count': 5,
 'downloader/request_method_count/GET': 5,
 'downloader/response_bytes': 305048,
 'downloader/response_count': 5,
 'downloader/response_status_count/200': 5,
 'elapsed_time_seconds': 156.553201,
 'feedexport/success_count/FileFeedStorage': 1,
 'finish_reason': 'finished',
 'finish_time': datetime.datetime(2023, 4, 6, 8, 58, 27, 800152),
 'httpcompression/response_bytes': 786835,
 'httpcompression/response_count': 5,
 'item_scraped_count': 10,
 'log_count/DEBUG': 15,
 'log_count/INFO': 8,
 'log_count/WARNING': 1,
 'request_depth_max': 4,
 'response_received_count': 5,
 'scheduler/dequeued': 10,
 'scheduler/dequeued/memory': 10,
 'scheduler/enqueued': 10,
 'scheduler/enqueued/memory': 10,
 'start_time': datetime.datetime(2023, 4, 6, 8, 55, 51, 246951)}
2023-04-06 14:28:27 [scrapy] INFO: Spider closed (finished)
