2023-04-06 01:06:24 [scrapy] DEBUG: Crawled (200) <GET https://proxy.scrapeops.io/v1/?api_key=f1e5b680-4e01-4798-af3c-c8ec61777b72&url=https%3A%2F%2Fwww.amazon.com%2Fproduct-reviews%2FB07QQFP6J5%2F> (referer: None)
2023-04-06 01:06:24 [scrapy] DEBUG: Scraped from <200 https://www.amazon.com/product-reviews/B07QQFP6J5/>
{'asin': 'B07QQFP6J5', 'text': 'my favorite made flip flops, my other pair lasted over 3 years, heres hoping this pair does as well', 'title': 'repeat buyer', 'location_and_date': 'Reviewed in the United States 🇺🇸 on March 20, 2023', 'verified': True, 'rating': '4.0'}
2023-04-06 01:06:24 [scrapy] DEBUG: Scraped from <200 https://www.amazon.com/product-reviews/B07QQFP6J5/>
{'asin': 'B07QQFP6J5', 'text': 'I was not sure about them at first bought 3 pairs, I wear them in my house as slippers. they are comfortable, not sure how they going to do in the washer but we will see.', 'title': 'comfortable', 'location_and_date': 'Reviewed in the United States 🇺🇸 on February 2, 2023', 'verified': True, 'rating': '4.0'}
2023-04-06 01:06:24 [scrapy] DEBUG: Scraped from <200 https://www.amazon.com/product-reviews/B07QQFP6J5/>
{'asin': 'B07QQFP6J5', 'text': "Overall I like them I got asize 6 because they didn't come no smaller  but little big", 'title': "I wear a size 5 in women's  just a little bit  big for my small feet", 'location_and_date': 'Reviewed in the United States 🇺🇸 on February 9, 2023', 'verified': True, 'rating': '4.0'}
2023-04-06 01:06:24 [scrapy] DEBUG: Scraped from <200 https://www.amazon.com/product-reviews/B07QQFP6J5/>
{'asin': 'B07QQFP6J5', 'text': 'The straps hurt the top of your feet.  Bottom is comfortable.', 'title': 'Nice comfort bottom. Straps not comfortable.', 'location_and_date': 'Reviewed in the United States 🇺🇸 on March 14, 2023', 'verified': True, 'rating': '3.0'}
2023-04-06 01:06:24 [scrapy] DEBUG: Scraped from <200 https://www.amazon.com/product-reviews/B07QQFP6J5/>
{'asin': 'B07QQFP6J5', 'text': "I have had feet problems for years, which usually means I'm stuck wearing an awful orthotic shoe instead of something cute. Finding sandals with arch support borders on miraculous! They're a little plain, but that makes them versatile. Only thing I don't like is that I didn't find them until the end of summer! Lol", 'title': 'Sandals with foot support!', 'location_and_date': 'Reviewed in the United States 🇺🇸 on November 24, 2022', 'verified': True, 'rating': '4.0'}
2023-04-06 01:06:24 [scrapy] DEBUG: Scraped from <200 https://www.amazon.com/product-reviews/B07QQFP6J5/>
{'asin': 'B07QQFP6J5', 'text': "I've been buying these shoes for years. I buy 2 pairs at a time every time, about 1x or 2x a year.I am autistic and I hate things on my feet. These shoes have been consistent in texture, time taken to break in, and quality for years now. They break more frequently than other people's might because I wear them almost 24/7. With normal use they'd probably last a couple of years.", 'title': 'Comfortable quality slip ons', 'location_and_date': 'Reviewed in the United States 🇺🇸 on March 6, 2023', 'verified': True, 'rating': '5.0'}
2023-04-06 01:06:24 [scrapy] DEBUG: Scraped from <200 https://www.amazon.com/product-reviews/B07QQFP6J5/>
{'asin': 'B07QQFP6J5', 'text': 'Not for wide feet, no more comfortable than Walmart slides.', 'title': 'Not for wide feet', 'location_and_date': 'Reviewed in the United States 🇺🇸 on March 11, 2023', 'verified': True, 'rating': '3.0'}
2023-04-06 01:06:24 [scrapy] DEBUG: Scraped from <200 https://www.amazon.com/product-reviews/B07QQFP6J5/>
{'asin': 'B07QQFP6J5', 'text': 'I liked color of the shoes', 'title': "they aren't as soft as other brands..", 'location_and_date': 'Reviewed in the United States 🇺🇸 on March 13, 2023', 'verified': True, 'rating': '3.0'}
2023-04-06 01:06:24 [scrapy] DEBUG: Scraped from <200 https://www.amazon.com/product-reviews/B07QQFP6J5/>
{'asin': 'B07QQFP6J5', 'text': 'They are very comfortable to wear on the deck after a long day of work.', 'title': 'Wife loves them', 'location_and_date': 'Reviewed in the United States 🇺🇸 on March 17, 2023', 'verified': True, 'rating': '5.0'}
2023-04-06 01:06:24 [scrapy] DEBUG: Scraped from <200 https://www.amazon.com/product-reviews/B07QQFP6J5/>
{'asin': 'B07QQFP6J5', 'text': "I ordered a half size too big because I'd rather have them loose then tight. Thr strap on top that goes between the toes is really tight and I have slender feet. I really had to work my feet in. My hope is that it loosens over time as the flip flops are broken in. The cushion is thinner then I thought it would be. Though it is comfortable right now, I don't expect it'll stay that way for long. But that doesn't mean it's a bad shoe. It'll just be worn down to be flat and hard like any other shoe instead of staying cushiony. The bottom of the shoe is also thin and made of a light foam. I thought it was going to be a heavier duty rubber. It's not a bad shoe but its not blowing me away either. For not much more I can go get a nice pair at the department store of much better quality. I'm disappointed but its not a bad shoe. Just mediocre and not really worth the price in my opinion. Will be returning.", 'title': 'A little thin a little tight', 'location_and_date': 'Reviewed in the United States 🇺🇸 on May 19, 2022', 'verified': True, 'rating': '3.0'}
2023-04-06 01:06:33 [scrapy] DEBUG: Crawled (200) <GET https://proxy.scrapeops.io/v1/?api_key=f1e5b680-4e01-4798-af3c-c8ec61777b72&url=https%3A%2F%2Fwww.amazon.com%2FNORTY-Womens-Casual-Memory-41018-8B%2Fproduct-reviews%2FB07QQFP6J5%2Fref%3Dcm_cr_arp_d_paging_btm_2%3Fie%3DUTF8%26pageNumber%3D2> (referer: https://www.amazon.com/product-reviews/B07QQFP6J5/)
2023-04-06 01:06:34 [scrapy] DEBUG: Scraped from <200 https://www.amazon.com/NORTY-Womens-Casual-Memory-41018-8B/product-reviews/B07QQFP6J5/ref=cm_cr_arp_d_paging_btm_2?ie=UTF8&pageNumber=2>
{'asin': 'B07QQFP6J5', 'text': 'I wear these type of slides because they are adjustable and have memory foam great price and quality', 'title': 'Very comfortable', 'location_and_date': 'Reviewed in the United States 🇺🇸 on March 9, 2023', 'verified': True, 'rating': '5.0'}
2023-04-06 01:06:34 [scrapy] DEBUG: Scraped from <200 https://www.amazon.com/NORTY-Womens-Casual-Memory-41018-8B/product-reviews/B07QQFP6J5/ref=cm_cr_arp_d_paging_btm_2?ie=UTF8&pageNumber=2>
{'asin': 'B07QQFP6J5', 'text': 'Great purchase. Super comfy!', 'title': 'Excellent buy', 'location_and_date': 'Reviewed in the United States 🇺🇸 on March 17, 2023', 'verified': True, 'rating': '5.0'}
2023-04-06 01:06:34 [scrapy] DEBUG: Scraped from <200 https://www.amazon.com/NORTY-Womens-Casual-Memory-41018-8B/product-reviews/B07QQFP6J5/ref=cm_cr_arp_d_paging_btm_2?ie=UTF8&pageNumber=2>
{'asin': 'B07QQFP6J5', 'text': 'True color,accurate description size is on point', 'title': 'Exactly as described', 'location_and_date': 'Reviewed in the United States 🇺🇸 on February 24, 2023', 'verified': True, 'rating': '5.0'}
2023-04-06 01:06:34 [scrapy] DEBUG: Scraped from <200 https://www.amazon.com/NORTY-Womens-Casual-Memory-41018-8B/product-reviews/B07QQFP6J5/ref=cm_cr_arp_d_paging_btm_2?ie=UTF8&pageNumber=2>
{'asin': 'B07QQFP6J5', 'text': 'The flip flops broke and did not have a long time', 'title': 'Broke', 'location_and_date': 'Reviewed in the United States 🇺🇸 on February 21, 2023', 'verified': True, 'rating': '5.0'}
2023-04-06 01:06:34 [scrapy] DEBUG: Scraped from <200 https://www.amazon.com/NORTY-Womens-Casual-Memory-41018-8B/product-reviews/B07QQFP6J5/ref=cm_cr_arp_d_paging_btm_2?ie=UTF8&pageNumber=2>
{'asin': 'B07QQFP6J5', 'text': "I think I'll go back to buying under armour brand as this were not made well.", 'title': 'cheaply made', 'location_and_date': 'Reviewed in the United States 🇺🇸 on January 20, 2023', 'verified': True, 'rating': '3.0'}
2023-04-06 01:06:34 [scrapy] DEBUG: Scraped from <200 https://www.amazon.com/NORTY-Womens-Casual-Memory-41018-8B/product-reviews/B07QQFP6J5/ref=cm_cr_arp_d_paging_btm_2?ie=UTF8&pageNumber=2>
{'asin': 'B07QQFP6J5', 'text': 'Size 8 was too large for me. Straps were too loose. I like the shoe, pair I have now are completely worn out. I am returning the size 8 for a refund for now. I may just reorder this shoe but in a size 7.', 'title': 'Nice shoe just like I wanted but sz 8 was too big for me.', 'location_and_date': 'Reviewed in the United States 🇺🇸 on October 9, 2022', 'verified': True, 'rating': '4.0'}
2023-04-06 01:06:34 [scrapy] DEBUG: Scraped from <200 https://www.amazon.com/NORTY-Womens-Casual-Memory-41018-8B/product-reviews/B07QQFP6J5/ref=cm_cr_arp_d_paging_btm_2?ie=UTF8&pageNumber=2>
{'asin': 'B07QQFP6J5', 'text': 'Feel & size are not good', 'title': 'I don’t care for the feel & they are not true to size', 'location_and_date': 'Reviewed in the United States 🇺🇸 on February 2, 2023', 'verified': True, 'rating': '3.0'}
2023-04-06 01:06:34 [scrapy] DEBUG: Scraped from <200 https://www.amazon.com/NORTY-Womens-Casual-Memory-41018-8B/product-reviews/B07QQFP6J5/ref=cm_cr_arp_d_paging_btm_2?ie=UTF8&pageNumber=2>
{'asin': 'B07QQFP6J5', 'text': 'It’s plenty long for its size but a bit too narrow and the strap is very loose.  The inner sole isn’t soft like memory foam.  It isn’t rock hard either, but the flip flops are  far less comfortable than the memory foam flip flops I bought a year ago at Walmart.', 'title': 'Not memory foam', 'location_and_date': 'Reviewed in the United States 🇺🇸 on November 17, 2022', 'verified': True, 'rating': '3.0'}
2023-04-06 01:06:34 [scrapy] DEBUG: Scraped from <200 https://www.amazon.com/NORTY-Womens-Casual-Memory-41018-8B/product-reviews/B07QQFP6J5/ref=cm_cr_arp_d_paging_btm_2?ie=UTF8&pageNumber=2>
{'asin': 'B07QQFP6J5', 'text': 'I had a pair I had worn a long time & love them but they were starting to wear out.  I wear a 9 & thats what I bought previous time but so many of the reviews said to buy a size bigger, even though my gut said go with my usual size I bought a 10.  Lengthwise would have been ok but way to wide. I was able to return them with no problem & order my correct size.  I love the foam in the bed of the shoe and are so comfortable to walk in.  I live near the coast and wear flip flops everyday.  These have held up so well.  Other brand flip flops that were newer already broke apart.  I will buy these again the next time!', 'title': 'Love my Nortys', 'location_and_date': 'Reviewed in the United States 🇺🇸 on September 19, 2022', 'verified': True, 'rating': '5.0'}
2023-04-06 01:06:34 [scrapy] DEBUG: Scraped from <200 https://www.amazon.com/NORTY-Womens-Casual-Memory-41018-8B/product-reviews/B07QQFP6J5/ref=cm_cr_arp_d_paging_btm_2?ie=UTF8&pageNumber=2>
{'asin': 'B07QQFP6J5', 'text': "They was a Little tight until I lose the front up. But they are very comfortable and memory foam in them. I say since I wear a size 10 I feel I should have gotten them a 10.5 r 11 so if my feet grows I don't grow out of them fast. But if u want them for excalty the Size of your shoe then they are amazing at being the exact size.", 'title': 'Extremely comfortable', 'location_and_date': 'Reviewed in the United States 🇺🇸 on December 26, 2022', 'verified': True, 'rating': '5.0'}
2023-04-06 01:06:55 [scrapy] DEBUG: Crawled (200) <GET https://proxy.scrapeops.io/v1/?api_key=f1e5b680-4e01-4798-af3c-c8ec61777b72&url=https%3A%2F%2Fwww.amazon.com%2FNORTY-Womens-Casual-Memory-41018-8B%2Fproduct-reviews%2FB07QQFP6J5%2Fref%3Dcm_cr_arp_d_paging_btm_3%3Fie%3DUTF8%26pageNumber%3D3> (referer: https://www.amazon.com/NORTY-Womens-Casual-Memory-41018-8B/product-reviews/B07QQFP6J5/ref=cm_cr_arp_d_paging_btm_2?ie=UTF8&pageNumber=2)
2023-04-06 01:06:55 [scrapy] DEBUG: Scraped from <200 https://www.amazon.com/NORTY-Womens-Casual-Memory-41018-8B/product-reviews/B07QQFP6J5/ref=cm_cr_arp_d_paging_btm_3?ie=UTF8&pageNumber=3>
{'asin': 'B07QQFP6J5', 'text': "I really like this sandal.  Its comfortable and the fabric works well to absorb any foot sweat.  Unfortunately, the strap between the toes becomes loose after a while. I've worn theser almost daily for 5 months, but now the straps is stretched out from the base and therefore, there is a tripping hazard.", 'title': 'The strap becomes loose after wearing it', 'location_and_date': 'Reviewed in the United States on October 13, 2022', 'verified': True, 'rating': '3.0'}
2023-04-06 01:06:55 [scrapy] DEBUG: Scraped from <200 https://www.amazon.com/NORTY-Womens-Casual-Memory-41018-8B/product-reviews/B07QQFP6J5/ref=cm_cr_arp_d_paging_btm_3?ie=UTF8&pageNumber=3>
{'asin': 'B07QQFP6J5', 'text': "I love that these run a little on the small side. I usually struggle to find adult sized shoes to fit me I'm lucky if I can wear a women's 5 but these size 5's fit my perfectly. The foam was better than I expected as well. Definitely not as comfortable as say Nike or under armour however definitely can not complain. They are still comfortable and don't hurt my feet.", 'title': 'So much better than I expected!', 'location_and_date': 'Reviewed in the United States on May 10, 2022', 'verified': True, 'rating': '4.0'}
2023-04-06 01:06:55 [scrapy] DEBUG: Scraped from <200 https://www.amazon.com/NORTY-Womens-Casual-Memory-41018-8B/product-reviews/B07QQFP6J5/ref=cm_cr_arp_d_paging_btm_3?ie=UTF8&pageNumber=3>
{'asin': 'B07QQFP6J5', 'text': 'These flip flops are comparable to the Airwalks, Nikes, Under Armor versions without the extra cost.  Very comfortable!  I love the colors!  :)', 'title': 'HAPPY FEET', 'location_and_date': 'Reviewed in the United States on January 20, 2023', 'verified': True, 'rating': '5.0'}
2023-04-06 01:06:55 [scrapy] DEBUG: Scraped from <200 https://www.amazon.com/NORTY-Womens-Casual-Memory-41018-8B/product-reviews/B07QQFP6J5/ref=cm_cr_arp_d_paging_btm_3?ie=UTF8&pageNumber=3>
{'asin': 'B07QQFP6J5', 'text': 'Once I wore them a few times to stretch the strap, they are great', 'title': 'Good product for price', 'location_and_date': 'Reviewed in the United States on October 3, 2022', 'verified': True, 'rating': '4.0'}
2023-04-06 01:06:55 [scrapy] DEBUG: Scraped from <200 https://www.amazon.com/NORTY-Womens-Casual-Memory-41018-8B/product-reviews/B07QQFP6J5/ref=cm_cr_arp_d_paging_btm_3?ie=UTF8&pageNumber=3>
{'asin': 'B07QQFP6J5', 'text': 'The padded sole “ looks” comfortable, but upon standing, the concave part of the sole is not comfortable. Not quite sure how to word it..the sole directly next to the padding has divets', 'title': 'Padding and sole', 'location_and_date': 'Reviewed in the United States on March 22, 2023', 'verified': True, 'rating': '2.0'}
2023-04-06 01:06:55 [scrapy] DEBUG: Scraped from <200 https://www.amazon.com/NORTY-Womens-Casual-Memory-41018-8B/product-reviews/B07QQFP6J5/ref=cm_cr_arp_d_paging_btm_3?ie=UTF8&pageNumber=3>
{'asin': 'B07QQFP6J5', 'text': 'Not worth the money you pay for them  Have had them less than a week and the material on the heal is already coming apart. Seems like cheap products cost more these days.', 'title': 'Not worth the money you pay for them.', 'location_and_date': 'Reviewed in the United States on March 15, 2023', 'verified': True, 'rating': '2.0'}
2023-04-06 01:06:55 [scrapy] DEBUG: Scraped from <200 https://www.amazon.com/NORTY-Womens-Casual-Memory-41018-8B/product-reviews/B07QQFP6J5/ref=cm_cr_arp_d_paging_btm_3?ie=UTF8&pageNumber=3>
{'asin': 'B07QQFP6J5', 'text': 'Soles are hard, they get dirty easily and look cheap', 'title': 'Hard soles anf not much cushion. They look cheap.', 'location_and_date': 'Reviewed in the United States on October 1, 2022', 'verified': True, 'rating': '4.0'}
2023-04-06 01:06:55 [scrapy] DEBUG: Scraped from <200 https://www.amazon.com/NORTY-Womens-Casual-Memory-41018-8B/product-reviews/B07QQFP6J5/ref=cm_cr_arp_d_paging_btm_3?ie=UTF8&pageNumber=3>
{'asin': 'B07QQFP6J5', 'text': 'I like the shoes except the strap across the top fits very tight. I am hoping it will stretch a little with wear then will be fine. Be sure to order a size larger, I wear an 8 to 8 1/2 ordered a 9 and it just fits no length to spare.', 'title': 'Order one size up', 'location_and_date': 'Reviewed in the United States on May 28, 2022', 'verified': True, 'rating': '4.0'}
2023-04-06 01:06:55 [scrapy] DEBUG: Scraped from <200 https://www.amazon.com/NORTY-Womens-Casual-Memory-41018-8B/product-reviews/B07QQFP6J5/ref=cm_cr_arp_d_paging_btm_3?ie=UTF8&pageNumber=3>
{'asin': 'B07QQFP6J5', 'text': 'I normally wear adidas or Nike slides, but wanted to go with something cheaper this time. These cause my feet so much pain for some reason. If I wear them for more than an hour, my feet cramp up. The top part also seems too large. It covers to just under my toe nails to about an inch from my ankle. At that point I might as wear slide on tennis shoes or something.', 'title': 'Not what I was expecting', 'location_and_date': 'Reviewed in the United States on August 1, 2022', 'verified': True, 'rating': '3.0'}
2023-04-06 01:06:55 [scrapy] DEBUG: Scraped from <200 https://www.amazon.com/NORTY-Womens-Casual-Memory-41018-8B/product-reviews/B07QQFP6J5/ref=cm_cr_arp_d_paging_btm_3?ie=UTF8&pageNumber=3>
{'asin': 'B07QQFP6J5', 'text': 'After wearing a couple months the thong part started coming apart.', 'title': 'Okay', 'location_and_date': 'Reviewed in the United States on September 19, 2022', 'verified': True, 'rating': '4.0'}
2023-04-06 01:07:07 [scrapy] DEBUG: Crawled (200) <GET https://proxy.scrapeops.io/v1/?api_key=f1e5b680-4e01-4798-af3c-c8ec61777b72&url=https%3A%2F%2Fwww.amazon.com%2FNORTY-Womens-Casual-Memory-41018-8B%2Fproduct-reviews%2FB07QQFP6J5%2Fref%3Dcm_cr_arp_d_paging_btm_4%3Fie%3DUTF8%26pageNumber%3D4> (referer: https://www.amazon.com/NORTY-Womens-Casual-Memory-41018-8B/product-reviews/B07QQFP6J5/ref=cm_cr_arp_d_paging_btm_3?ie=UTF8&pageNumber=3)
2023-04-06 01:07:07 [scrapy] DEBUG: Scraped from <200 https://www.amazon.com/NORTY-Womens-Casual-Memory-41018-8B/product-reviews/B07QQFP6J5/ref=cm_cr_arp_d_paging_btm_4?ie=UTF8&pageNumber=4>
{'asin': 'B07QQFP6J5', 'text': 'I wanted a pair of the ones that I had bought before from Walmart that looked similar. These aren’t it. They are a little uncomfortable for the first few days. I thought so anyways. But after that though, they are so comfortable. I actually wear them to work, where usually I spend most of the day on my feet. Will buy more.', 'title': 'Not what I wanted but I will buy again.', 'location_and_date': 'Reviewed in the United States on April 15, 2022', 'verified': True, 'rating': '4.0'}
2023-04-06 01:07:07 [scrapy] DEBUG: Scraped from <200 https://www.amazon.com/NORTY-Womens-Casual-Memory-41018-8B/product-reviews/B07QQFP6J5/ref=cm_cr_arp_d_paging_btm_4?ie=UTF8&pageNumber=4>
{'asin': 'B07QQFP6J5', 'text': 'The advice on ordering size', 'title': 'Order one size bigger then foot size', 'location_and_date': 'Reviewed in the United States on September 27, 2022', 'verified': True, 'rating': '4.0'}
2023-04-06 01:07:07 [scrapy] DEBUG: Scraped from <200 https://www.amazon.com/NORTY-Womens-Casual-Memory-41018-8B/product-reviews/B07QQFP6J5/ref=cm_cr_arp_d_paging_btm_4?ie=UTF8&pageNumber=4>
{'asin': 'B07QQFP6J5', 'text': 'Es buena inversión y muy cómodas pero son pequeñas para que te queden bien hay que pedir una talla más grande y si tus pies son anchos estas sandalias no son para ti.ya que la correa es muy ajustadas a mí no me sirvieron pero a mi hija de 13 años si le quedaron muy bien.', 'title': 'Sandalias', 'location_and_date': 'Reviewed in the United States on April 20, 2022', 'verified': True, 'rating': '4.0'}
2023-04-06 01:07:07 [scrapy] DEBUG: Scraped from <200 https://www.amazon.com/NORTY-Womens-Casual-Memory-41018-8B/product-reviews/B07QQFP6J5/ref=cm_cr_arp_d_paging_btm_4?ie=UTF8&pageNumber=4>
{'asin': 'B07QQFP6J5', 'text': 'As advertised', 'title': 'Perfect', 'location_and_date': 'Reviewed in the United States on January 28, 2023', 'verified': True, 'rating': '5.0'}
2023-04-06 01:07:07 [scrapy] DEBUG: Scraped from <200 https://www.amazon.com/NORTY-Womens-Casual-Memory-41018-8B/product-reviews/B07QQFP6J5/ref=cm_cr_arp_d_paging_btm_4?ie=UTF8&pageNumber=4>
{'asin': 'B07QQFP6J5', 'text': 'It was ok', 'title': 'Not as comfy as under amour', 'location_and_date': 'Reviewed in the United States on September 13, 2022', 'verified': True, 'rating': '4.0'}
2023-04-06 01:07:07 [scrapy] DEBUG: Scraped from <200 https://www.amazon.com/NORTY-Womens-Casual-Memory-41018-8B/product-reviews/B07QQFP6J5/ref=cm_cr_arp_d_paging_btm_4?ie=UTF8&pageNumber=4>
{'asin': 'B07QQFP6J5', 'text': 'I ordered a size 9 even though I wear an 8 because others said the sizes ran small. The 9 fits great. They are very comfortable.', 'title': 'Great value', 'location_and_date': 'Reviewed in the United States on June 13, 2022', 'verified': True, 'rating': '4.0'}
2023-04-06 01:07:07 [scrapy] DEBUG: Scraped from <200 https://www.amazon.com/NORTY-Womens-Casual-Memory-41018-8B/product-reviews/B07QQFP6J5/ref=cm_cr_arp_d_paging_btm_4?ie=UTF8&pageNumber=4>
{'asin': 'B07QQFP6J5', 'text': 'These thong sandals are nice BUT the packaging needs attention. The sandals are shoved together and the thong gets stretched out where it shouldn’t. Probably won’t buy again.', 'title': 'Like the thong sandals BUT', 'location_and_date': 'Reviewed in the United States on September 9, 2022', 'verified': True, 'rating': '3.0'}
2023-04-06 01:07:07 [scrapy] DEBUG: Scraped from <200 https://www.amazon.com/NORTY-Womens-Casual-Memory-41018-8B/product-reviews/B07QQFP6J5/ref=cm_cr_arp_d_paging_btm_4?ie=UTF8&pageNumber=4>
{'asin': 'B07QQFP6J5', 'text': 'Would like a little more cushion for comfort.', 'title': 'Satisfied', 'location_and_date': 'Reviewed in the United States on August 18, 2022', 'verified': True, 'rating': '4.0'}
2023-04-06 01:07:07 [scrapy] DEBUG: Scraped from <200 https://www.amazon.com/NORTY-Womens-Casual-Memory-41018-8B/product-reviews/B07QQFP6J5/ref=cm_cr_arp_d_paging_btm_4?ie=UTF8&pageNumber=4>
{'asin': 'B07QQFP6J5', 'text': 'It’s not memory foam and the layer of the cushion that they do have is thin', 'title': 'Imitation', 'location_and_date': 'Reviewed in the United States on September 28, 2022', 'verified': True, 'rating': '3.0'}
2023-04-06 01:07:07 [scrapy] DEBUG: Scraped from <200 https://www.amazon.com/NORTY-Womens-Casual-Memory-41018-8B/product-reviews/B07QQFP6J5/ref=cm_cr_arp_d_paging_btm_4?ie=UTF8&pageNumber=4>
{'asin': 'B07QQFP6J5', 'text': 'Product is very cushy. Started tight, but loosens in a few wears.', 'title': 'True to size', 'location_and_date': 'Reviewed in the United States on July 13, 2022', 'verified': True, 'rating': '4.0'}
2023-04-06 01:07:16 [scrapy] DEBUG: Crawled (200) <GET https://proxy.scrapeops.io/v1/?api_key=f1e5b680-4e01-4798-af3c-c8ec61777b72&url=https%3A%2F%2Fwww.amazon.com%2FNORTY-Womens-Casual-Memory-41018-8B%2Fproduct-reviews%2FB07QQFP6J5%2Fref%3Dcm_cr_arp_d_paging_btm_5%3Fie%3DUTF8%26pageNumber%3D5> (referer: https://www.amazon.com/NORTY-Womens-Casual-Memory-41018-8B/product-reviews/B07QQFP6J5/ref=cm_cr_arp_d_paging_btm_4?ie=UTF8&pageNumber=4)
2023-04-06 01:07:16 [scrapy] DEBUG: Scraped from <200 https://www.amazon.com/NORTY-Womens-Casual-Memory-41018-8B/product-reviews/B07QQFP6J5/ref=cm_cr_arp_d_paging_btm_5?ie=UTF8&pageNumber=5>
{'asin': 'B07QQFP6J5', 'text': 'The straps are weird they are very loose. Return them because my feet were too small. If you have wide or kind of fat feet they would be perfect for you. Flip. Flops should be tighter or they will fall off.', 'title': 'Strap weird', 'location_and_date': 'Reviewed in the United States 🇺🇸 on July 14, 2022', 'verified': True, 'rating': '3.0'}
2023-04-06 01:07:16 [scrapy] DEBUG: Scraped from <200 https://www.amazon.com/NORTY-Womens-Casual-Memory-41018-8B/product-reviews/B07QQFP6J5/ref=cm_cr_arp_d_paging_btm_5?ie=UTF8&pageNumber=5>
{'asin': 'B07QQFP6J5', 'text': "My mom had a pair of Nike comfort slide sandals years ago, she actually forgot she owned them til she was going through some old pics... long story short we couldn't find them, and I found these instead, my mom says they fit her fat feet perfectly and are as if not more comfortable than she remembers those Nike being...", 'title': "Fantastic substitute for the Nike women's comfort slide sandal", 'location_and_date': 'Reviewed in the United States 🇺🇸 on September 28, 2022', 'verified': True, 'rating': '5.0'}
2023-04-06 01:07:16 [scrapy] DEBUG: Scraped from <200 https://www.amazon.com/NORTY-Womens-Casual-Memory-41018-8B/product-reviews/B07QQFP6J5/ref=cm_cr_arp_d_paging_btm_5?ie=UTF8&pageNumber=5>
{'asin': 'B07QQFP6J5', 'text': 'All is good, just pricey for flip flops', 'title': 'Still overpriced for flip flop sandals', 'location_and_date': 'Reviewed in the United States 🇺🇸 on January 3, 2023', 'verified': True, 'rating': '5.0'}
2023-04-06 01:07:16 [scrapy] DEBUG: Scraped from <200 https://www.amazon.com/NORTY-Womens-Casual-Memory-41018-8B/product-reviews/B07QQFP6J5/ref=cm_cr_arp_d_paging_btm_5?ie=UTF8&pageNumber=5>
{'asin': 'B07QQFP6J5', 'text': 'I have a narrow foot and there were not wide enough for my foot.', 'title': 'Too narrow.', 'location_and_date': 'Reviewed in the United States 🇺🇸 on September 17, 2022', 'verified': True, 'rating': '3.0'}
2023-04-06 01:07:16 [scrapy] DEBUG: Scraped from <200 https://www.amazon.com/NORTY-Womens-Casual-Memory-41018-8B/product-reviews/B07QQFP6J5/ref=cm_cr_arp_d_paging_btm_5?ie=UTF8&pageNumber=5>
{'asin': 'B07QQFP6J5', 'text': 'Very nice, great support and comfortable', 'title': 'Great purchase', 'location_and_date': 'Reviewed in the United States 🇺🇸 on February 21, 2023', 'verified': True, 'rating': '2.0'}
2023-04-06 01:07:16 [scrapy] DEBUG: Scraped from <200 https://www.amazon.com/NORTY-Womens-Casual-Memory-41018-8B/product-reviews/B07QQFP6J5/ref=cm_cr_arp_d_paging_btm_5?ie=UTF8&pageNumber=5>
{'asin': 'B07QQFP6J5', 'text': "They don't run a little small as some reviewers said, they run way small. From the amount of my foot I was able to get into the shoe (which wasn't much) it seemed like it would be super comfortable, unfortunately they are way to skinny and the strap ha no give so I couldn't get it even half way on. I would say they run at least 2 sizes small.", 'title': 'I am so disappointed in these shoes.', 'location_and_date': 'Reviewed in the United States 🇺🇸 on April 24, 2022', 'verified': True, 'rating': '3.0'}
2023-04-06 01:07:16 [scrapy] DEBUG: Scraped from <200 https://www.amazon.com/NORTY-Womens-Casual-Memory-41018-8B/product-reviews/B07QQFP6J5/ref=cm_cr_arp_d_paging_btm_5?ie=UTF8&pageNumber=5>
{'asin': 'B07QQFP6J5', 'text': 'the straps are not straight on these flip flops.  does not effect the fit or comfort of shoe, just looks funny.  this is on both of the flip flops not just one.  otherwise they are comfortable and fit is good', 'title': 'okay for price', 'location_and_date': 'Reviewed in the United States 🇺🇸 on June 18, 2022', 'verified': True, 'rating': '3.0'}
2023-04-06 01:07:16 [scrapy] DEBUG: Scraped from <200 https://www.amazon.com/NORTY-Womens-Casual-Memory-41018-8B/product-reviews/B07QQFP6J5/ref=cm_cr_arp_d_paging_btm_5?ie=UTF8&pageNumber=5>
{'asin': 'B07QQFP6J5', 'text': 'Good value, seem a bit small, strap is a little tight.', 'title': 'My wife who I bought them for says they seem a little small', 'location_and_date': 'Reviewed in the United States 🇺🇸 on June 20, 2022', 'verified': True, 'rating': '4.0'}
2023-04-06 01:07:16 [scrapy] DEBUG: Scraped from <200 https://www.amazon.com/NORTY-Womens-Casual-Memory-41018-8B/product-reviews/B07QQFP6J5/ref=cm_cr_arp_d_paging_btm_5?ie=UTF8&pageNumber=5>
{'asin': 'B07QQFP6J5', 'text': 'I wear a size 8-1/2 to a 9. Typically a 9, but I bought these in a size 10 and they just barely fit! I don’t have a lot of fat on my feet but I do have a little bit of wide feet and again these just barely fit. So I’d even suggest going up two sizes!', 'title': 'Size up, maybe twice!', 'location_and_date': 'Reviewed in the United States 🇺🇸 on May 12, 2022', 'verified': True, 'rating': '3.0'}
2023-04-06 01:07:16 [scrapy] DEBUG: Scraped from <200 https://www.amazon.com/NORTY-Womens-Casual-Memory-41018-8B/product-reviews/B07QQFP6J5/ref=cm_cr_arp_d_paging_btm_5?ie=UTF8&pageNumber=5>
{'asin': 'B07QQFP6J5', 'text': 'Comfy, but run small.  I would buy one size bigger.', 'title': 'Size up one size', 'location_and_date': 'Reviewed in the United States 🇺🇸 on June 17, 2022', 'verified': True, 'rating': '4.0'}
2023-04-06 01:07:24 [scrapy] DEBUG: Crawled (200) <GET https://proxy.scrapeops.io/v1/?api_key=f1e5b680-4e01-4798-af3c-c8ec61777b72&url=https%3A%2F%2Fwww.amazon.com%2FNORTY-Womens-Casual-Memory-41018-8B%2Fproduct-reviews%2FB07QQFP6J5%2Fref%3Dcm_cr_arp_d_paging_btm_6%3Fie%3DUTF8%26pageNumber%3D6> (referer: https://www.amazon.com/NORTY-Womens-Casual-Memory-41018-8B/product-reviews/B07QQFP6J5/ref=cm_cr_arp_d_paging_btm_5?ie=UTF8&pageNumber=5)
2023-04-06 01:07:24 [scrapy] DEBUG: Scraped from <200 https://www.amazon.com/NORTY-Womens-Casual-Memory-41018-8B/product-reviews/B07QQFP6J5/ref=cm_cr_arp_d_paging_btm_6?ie=UTF8&pageNumber=6>
{'asin': 'B07QQFP6J5', 'text': 'Strap is too big, foot easily slips off sandle', 'title': 'Strap too big', 'location_and_date': 'Reviewed in the United States on September 14, 2022', 'verified': True, 'rating': '3.0'}
2023-04-06 01:07:24 [scrapy] DEBUG: Scraped from <200 https://www.amazon.com/NORTY-Womens-Casual-Memory-41018-8B/product-reviews/B07QQFP6J5/ref=cm_cr_arp_d_paging_btm_6?ie=UTF8&pageNumber=6>
{'asin': 'B07QQFP6J5', 'text': "Ordered a size 10 it's too small. Also not for people with wide feet.", 'title': 'Smaller than suggested size', 'location_and_date': 'Reviewed in the United States on August 31, 2022', 'verified': True, 'rating': '3.0'}
2023-04-06 01:07:24 [scrapy] DEBUG: Scraped from <200 https://www.amazon.com/NORTY-Womens-Casual-Memory-41018-8B/product-reviews/B07QQFP6J5/ref=cm_cr_arp_d_paging_btm_6?ie=UTF8&pageNumber=6>
{'asin': 'B07QQFP6J5', 'text': "They look very nice and aren't  ad comfort wise. Only con is how stiff the soles are.", 'title': 'Decent for price', 'location_and_date': 'Reviewed in the United States on May 6, 2022', 'verified': True, 'rating': '4.0'}
2023-04-06 01:07:24 [scrapy] DEBUG: Scraped from <200 https://www.amazon.com/NORTY-Womens-Casual-Memory-41018-8B/product-reviews/B07QQFP6J5/ref=cm_cr_arp_d_paging_btm_6?ie=UTF8&pageNumber=6>
{'asin': 'B07QQFP6J5', 'text': 'These sandals were just what I wanted. Very comfortable and super cute.', 'title': 'Super comfortable', 'location_and_date': 'Reviewed in the United States on May 29, 2022', 'verified': True, 'rating': '4.0'}
2023-04-06 01:07:24 [scrapy] DEBUG: Scraped from <200 https://www.amazon.com/NORTY-Womens-Casual-Memory-41018-8B/product-reviews/B07QQFP6J5/ref=cm_cr_arp_d_paging_btm_6?ie=UTF8&pageNumber=6>
{'asin': 'B07QQFP6J5', 'text': 'These look so comfortable but when my feet swell during this summer, I cannot even get my feet in these. I ended up giving them away. Also the straps are made out of a material that seems to get damaged easily, They almost seem to crack when they get bent.  If my feet did not swell, I probably would have enjoyed them.', 'title': 'Straps are not stretchy at all.', 'location_and_date': 'Reviewed in the United States on April 11, 2022', 'verified': True, 'rating': '3.0'}
2023-04-06 01:07:24 [scrapy] DEBUG: Scraped from <200 https://www.amazon.com/NORTY-Womens-Casual-Memory-41018-8B/product-reviews/B07QQFP6J5/ref=cm_cr_arp_d_paging_btm_6?ie=UTF8&pageNumber=6>
{'asin': 'B07QQFP6J5', 'text': 'Thanks I’m happy to have them.', 'title': 'It’s good.', 'location_and_date': 'Reviewed in the United States on September 6, 2022', 'verified': True, 'rating': '3.0'}
2023-04-06 01:07:24 [scrapy] DEBUG: Scraped from <200 https://www.amazon.com/NORTY-Womens-Casual-Memory-41018-8B/product-reviews/B07QQFP6J5/ref=cm_cr_arp_d_paging_btm_6?ie=UTF8&pageNumber=6>
{'asin': 'B07QQFP6J5', 'text': 'The memory foam is perfectly comfortable and I bought 1/2 size up because reviews mentioned it runs small. The problem is the straps squeeze my foot- enough that I have a bruise on the top of my left foot.', 'title': 'Bruised Foot', 'location_and_date': 'Reviewed in the United States on May 22, 2022', 'verified': True, 'rating': '3.0'}
2023-04-06 01:07:24 [scrapy] DEBUG: Scraped from <200 https://www.amazon.com/NORTY-Womens-Casual-Memory-41018-8B/product-reviews/B07QQFP6J5/ref=cm_cr_arp_d_paging_btm_6?ie=UTF8&pageNumber=6>
{'asin': 'B07QQFP6J5', 'text': 'Fit But the back came apart after a month and I just ware them in the house', 'title': 'Fit But', 'location_and_date': 'Reviewed in the United States on January 2, 2023', 'verified': True, 'rating': '2.0'}
2023-04-06 01:07:24 [scrapy] DEBUG: Scraped from <200 https://www.amazon.com/NORTY-Womens-Casual-Memory-41018-8B/product-reviews/B07QQFP6J5/ref=cm_cr_arp_d_paging_btm_6?ie=UTF8&pageNumber=6>
{'asin': 'B07QQFP6J5', 'text': 'First of all, what they say is true. Buy a size larger. I wear a size 8 shoe and while my shoes fit, if my feet swell in the humidity, they are tight along the sides - where the bands are to hold them on.  So keep that in mind.That said, they are super, duper comfy! The padding is so super squishy and soft. Just love these!', 'title': 'OMG! So Comfy!', 'location_and_date': 'Reviewed in the United States on June 22, 2022', 'verified': True, 'rating': '5.0'}
2023-04-06 01:07:24 [scrapy] DEBUG: Scraped from <200 https://www.amazon.com/NORTY-Womens-Casual-Memory-41018-8B/product-reviews/B07QQFP6J5/ref=cm_cr_arp_d_paging_btm_6?ie=UTF8&pageNumber=6>
{'asin': 'B07QQFP6J5', 'text': 'These are definitely not true to size, so order up a size. They were very very stiff and uncomfortable. For a memory foam sandal it was not comfortable at all. I sent them back.', 'title': 'It’s ok', 'location_and_date': 'Reviewed in the United States on May 18, 2022', 'verified': True, 'rating': '3.0'}
2023-04-06 01:07:46 [scrapy] DEBUG: Crawled (200) <GET https://proxy.scrapeops.io/v1/?api_key=f1e5b680-4e01-4798-af3c-c8ec61777b72&url=https%3A%2F%2Fwww.amazon.com%2FNORTY-Womens-Casual-Memory-41018-8B%2Fproduct-reviews%2FB07QQFP6J5%2Fref%3Dcm_cr_arp_d_paging_btm_7%3Fie%3DUTF8%26pageNumber%3D7> (referer: https://www.amazon.com/NORTY-Womens-Casual-Memory-41018-8B/product-reviews/B07QQFP6J5/ref=cm_cr_arp_d_paging_btm_6?ie=UTF8&pageNumber=6)
2023-04-06 01:07:46 [scrapy] DEBUG: Scraped from <200 https://www.amazon.com/NORTY-Womens-Casual-Memory-41018-8B/product-reviews/B07QQFP6J5/ref=cm_cr_arp_d_paging_btm_7?ie=UTF8&pageNumber=7>
{'asin': 'B07QQFP6J5', 'text': 'The memory foam was comfortable, but the shoes were too short. One shoe was shorter than the other. If you order them size up. Had to be given to a family member who wore a size and a half smaller shoe.', 'title': 'Memory foam flip flops were not quite right.', 'location_and_date': 'Reviewed in the United States on April 23, 2022', 'verified': True, 'rating': '3.0'}
2023-04-06 01:07:46 [scrapy] DEBUG: Scraped from <200 https://www.amazon.com/NORTY-Womens-Casual-Memory-41018-8B/product-reviews/B07QQFP6J5/ref=cm_cr_arp_d_paging_btm_7?ie=UTF8&pageNumber=7>
{'asin': 'B07QQFP6J5', 'text': 'Not exactly the material you want on steamy hot summer days. They looked like leather in the picture. They are comfortable though, and not expensive.', 'title': 'Straps are Velour which I guess I missed.', 'location_and_date': 'Reviewed in the United States on June 13, 2022', 'verified': True, 'rating': '3.0'}
2023-04-06 01:07:46 [scrapy] DEBUG: Scraped from <200 https://www.amazon.com/NORTY-Womens-Casual-Memory-41018-8B/product-reviews/B07QQFP6J5/ref=cm_cr_arp_d_paging_btm_7?ie=UTF8&pageNumber=7>
{'asin': 'B07QQFP6J5', 'text': "I had a pair of these (I think this brand - they're 10-15-years-old and I can't tell) and they finally bit the dust.  I hunted around until I found what I thought is the same brand (they looked pretty close) and ordered them.  They feel exactly the same.  I wear them all around the house, and especially if I'm standing a lot.  I also wear them out to run errands or head to the park, etc.  For around the house, they definitely make a difference in lessening my lower back pain, while also feeling comfy on my feet.  For what it's worth, I have a relatively high arch.", 'title': 'Comfy.', 'location_and_date': 'Reviewed in the United States on August 17, 2021', 'verified': True, 'rating': '5.0'}
2023-04-06 01:07:46 [scrapy] DEBUG: Scraped from <200 https://www.amazon.com/NORTY-Womens-Casual-Memory-41018-8B/product-reviews/B07QQFP6J5/ref=cm_cr_arp_d_paging_btm_7?ie=UTF8&pageNumber=7>
{'asin': 'B07QQFP6J5', 'text': 'so I ordered the 1 size up and fits great.', 'title': 'This product is exactly one size off as others did warn.....', 'location_and_date': 'Reviewed in the United States on April 12, 2022', 'verified': True, 'rating': '4.0'}
2023-04-06 01:07:46 [scrapy] DEBUG: Scraped from <200 https://www.amazon.com/NORTY-Womens-Casual-Memory-41018-8B/product-reviews/B07QQFP6J5/ref=cm_cr_arp_d_paging_btm_7?ie=UTF8&pageNumber=7>
{'asin': 'B07QQFP6J5', 'text': 'Runs very small. I wear a 9. Bought a 9. Daughter wears a 7. They fit her', 'title': 'Very small', 'location_and_date': 'Reviewed in the United States on June 21, 2022', 'verified': True, 'rating': '3.0'}
2023-04-06 01:07:46 [scrapy] DEBUG: Scraped from <200 https://www.amazon.com/NORTY-Womens-Casual-Memory-41018-8B/product-reviews/B07QQFP6J5/ref=cm_cr_arp_d_paging_btm_7?ie=UTF8&pageNumber=7>
{'asin': 'B07QQFP6J5', 'text': 'They are thin wish they had thicker insole', 'title': 'They flatten quickly', 'location_and_date': 'Reviewed in the United States on July 20, 2022', 'verified': True, 'rating': '3.0'}
2023-04-06 01:07:46 [scrapy] DEBUG: Scraped from <200 https://www.amazon.com/NORTY-Womens-Casual-Memory-41018-8B/product-reviews/B07QQFP6J5/ref=cm_cr_arp_d_paging_btm_7?ie=UTF8&pageNumber=7>
{'asin': 'B07QQFP6J5', 'text': 'I am not able to wear just flat flip flops but these provide a bit of protection under my delicate feet, plus they are pretty!', 'title': 'Excellent squishy foot pads!', 'location_and_date': 'Reviewed in the United States on October 13, 2022', 'verified': True, 'rating': '5.0'}
2023-04-06 01:07:46 [scrapy] DEBUG: Scraped from <200 https://www.amazon.com/NORTY-Womens-Casual-Memory-41018-8B/product-reviews/B07QQFP6J5/ref=cm_cr_arp_d_paging_btm_7?ie=UTF8&pageNumber=7>
{'asin': 'B07QQFP6J5', 'text': 'Well made', 'title': 'Runs small', 'location_and_date': 'Reviewed in the United States on May 3, 2022', 'verified': True, 'rating': '4.0'}
2023-04-06 01:07:46 [scrapy] DEBUG: Scraped from <200 https://www.amazon.com/NORTY-Womens-Casual-Memory-41018-8B/product-reviews/B07QQFP6J5/ref=cm_cr_arp_d_paging_btm_7?ie=UTF8&pageNumber=7>
{'asin': 'B07QQFP6J5', 'text': 'The shoes are just fine; I’m glad I went up a size as I normally wear a 9. I got these in a 10 and they barely fit at all.', 'title': 'Too small!', 'location_and_date': 'Reviewed in the United States on April 21, 2022', 'verified': True, 'rating': '3.0'}
2023-04-06 01:07:46 [scrapy] DEBUG: Scraped from <200 https://www.amazon.com/NORTY-Womens-Casual-Memory-41018-8B/product-reviews/B07QQFP6J5/ref=cm_cr_arp_d_paging_btm_7?ie=UTF8&pageNumber=7>
{'asin': 'B07QQFP6J5', 'text': 'Very comfortable for my feet', 'title': 'Nice fitting shoes', 'location_and_date': 'Reviewed in the United States on April 11, 2022', 'verified': True, 'rating': '4.0'}
2023-04-06 01:07:52 [scrapy] DEBUG: Crawled (200) <GET https://proxy.scrapeops.io/v1/?api_key=f1e5b680-4e01-4798-af3c-c8ec61777b72&url=https%3A%2F%2Fwww.amazon.com%2FNORTY-Womens-Casual-Memory-41018-8B%2Fproduct-reviews%2FB07QQFP6J5%2Fref%3Dcm_cr_arp_d_paging_btm_8%3Fie%3DUTF8%26pageNumber%3D8> (referer: https://www.amazon.com/NORTY-Womens-Casual-Memory-41018-8B/product-reviews/B07QQFP6J5/ref=cm_cr_arp_d_paging_btm_7?ie=UTF8&pageNumber=7)
2023-04-06 01:07:52 [scrapy] DEBUG: Scraped from <200 https://www.amazon.com/NORTY-Womens-Casual-Memory-41018-8B/product-reviews/B07QQFP6J5/ref=cm_cr_arp_d_paging_btm_8?ie=UTF8&pageNumber=8>
{'asin': 'B07QQFP6J5', 'text': 'These are the most comfortable pair of slides ever! I did size up based in other reviews and would recommend it. These seem to be really well made and are extremely comfy! Great value for the price!', 'title': 'Very comfortable!', 'location_and_date': 'Reviewed in the United States 🇺🇸 on August 8, 2022', 'verified': True, 'rating': '5.0'}
2023-04-06 01:07:52 [scrapy] DEBUG: Scraped from <200 https://www.amazon.com/NORTY-Womens-Casual-Memory-41018-8B/product-reviews/B07QQFP6J5/ref=cm_cr_arp_d_paging_btm_8?ie=UTF8&pageNumber=8>
{'asin': 'B07QQFP6J5', 'text': "I am always either barefoot or wearing flops around the house. Finding the right kind and size is important but more importantly last long. I love how I'm supported. Not too tight around the toes. Slide on and off good. Great grip where I'm not tripping over myself.Soft for my feet and so far been great", 'title': 'Well made Flops', 'location_and_date': 'Reviewed in the United States 🇺🇸 on May 27, 2022', 'verified': True, 'rating': '5.0'}
2023-04-06 01:07:52 [scrapy] DEBUG: Scraped from <200 https://www.amazon.com/NORTY-Womens-Casual-Memory-41018-8B/product-reviews/B07QQFP6J5/ref=cm_cr_arp_d_paging_btm_8?ie=UTF8&pageNumber=8>
{'asin': 'B07QQFP6J5', 'text': 'These are a pretty combination of light aqua and black, unusual in this type of shoe.  The memory foam feels great underfoot, and the shoe runs true-to-size.  The strap is adjustable (fastens with hook-and-loop fabric), which is important to me to assure the shoe stays on my foot.  The foot-bed is lined in a woven or knitted material; this is comfy, but I wonder how long it will remain intact once I start wearing these to the beach, etc.  I hope for a long time because I really like these slides!', 'title': 'Just the Ticket', 'location_and_date': 'Reviewed in the United States 🇺🇸 on September 26, 2021', 'verified': True, 'rating': '5.0'}
2023-04-06 01:07:52 [scrapy] DEBUG: Scraped from <200 https://www.amazon.com/NORTY-Womens-Casual-Memory-41018-8B/product-reviews/B07QQFP6J5/ref=cm_cr_arp_d_paging_btm_8?ie=UTF8&pageNumber=8>
{'asin': 'B07QQFP6J5', 'text': 'We’re what I expected and I enjoy them.', 'title': 'Happy I got them.', 'location_and_date': 'Reviewed in the United States 🇺🇸 on November 3, 2022', 'verified': True, 'rating': '5.0'}
2023-04-06 01:07:52 [scrapy] DEBUG: Scraped from <200 https://www.amazon.com/NORTY-Womens-Casual-Memory-41018-8B/product-reviews/B07QQFP6J5/ref=cm_cr_arp_d_paging_btm_8?ie=UTF8&pageNumber=8>
{'asin': 'B07QQFP6J5', 'text': "I am always looking for memory foam flip flops because I wear them about 90% of the time when I'm not working.  these are one of the best pair I have ever purchased for the price and fit.  I will definitely order more! I've already washed them and they wash up really nice as well", 'title': 'very well made and comfortable', 'location_and_date': 'Reviewed in the United States 🇺🇸 on May 16, 2022', 'verified': True, 'rating': '5.0'}
2023-04-06 01:07:52 [scrapy] DEBUG: Scraped from <200 https://www.amazon.com/NORTY-Womens-Casual-Memory-41018-8B/product-reviews/B07QQFP6J5/ref=cm_cr_arp_d_paging_btm_8?ie=UTF8&pageNumber=8>
{'asin': 'B07QQFP6J5', 'text': 'I love these shoes! Perfect for casual wear and around the house. Very comfy too!', 'title': 'Great Slide for every day wear!!', 'location_and_date': 'Reviewed in the United States 🇺🇸 on October 16, 2022', 'verified': True, 'rating': '5.0'}
2023-04-06 01:07:52 [scrapy] DEBUG: Scraped from <200 https://www.amazon.com/NORTY-Womens-Casual-Memory-41018-8B/product-reviews/B07QQFP6J5/ref=cm_cr_arp_d_paging_btm_8?ie=UTF8&pageNumber=8>
{'asin': 'B07QQFP6J5', 'text': 'They did not disappoint. Fit perfect and very comfortable.', 'title': 'Very comfortable', 'location_and_date': 'Reviewed in the United States 🇺🇸 on October 29, 2022', 'verified': True, 'rating': '5.0'}
2023-04-06 01:07:52 [scrapy] DEBUG: Scraped from <200 https://www.amazon.com/NORTY-Womens-Casual-Memory-41018-8B/product-reviews/B07QQFP6J5/ref=cm_cr_arp_d_paging_btm_8?ie=UTF8&pageNumber=8>
{'asin': 'B07QQFP6J5', 'text': 'Can not find the foam flip flops very often, and these are very comfortable. Wish they came in more colors', 'title': 'The most comfortable flip flops ever', 'location_and_date': 'Reviewed in the United States 🇺🇸 on September 19, 2022', 'verified': True, 'rating': '5.0'}
2023-04-06 01:07:52 [scrapy] DEBUG: Scraped from <200 https://www.amazon.com/NORTY-Womens-Casual-Memory-41018-8B/product-reviews/B07QQFP6J5/ref=cm_cr_arp_d_paging_btm_8?ie=UTF8&pageNumber=8>
{'asin': 'B07QQFP6J5', 'text': 'Wifey has very tender feet that many sandals make worse. These Norty memory footbed fill the need for her nicely. Had purchased another brand that appeared to be acceptable but very quickly proved otherwise. Every part of these that touch her feet are soft making them very comfortable for extended wear.They do run a little short and would have been perfect if there had been a half size but moving up to the next full size would have likely been difficult for her to keep on her feet.', 'title': 'Very soft and comfortable', 'location_and_date': 'Reviewed in the United States 🇺🇸 on August 30, 2021', 'verified': True, 'rating': '5.0'}
2023-04-06 01:07:52 [scrapy] DEBUG: Scraped from <200 https://www.amazon.com/NORTY-Womens-Casual-Memory-41018-8B/product-reviews/B07QQFP6J5/ref=cm_cr_arp_d_paging_btm_8?ie=UTF8&pageNumber=8>
{'asin': 'B07QQFP6J5', 'text': 'Memory foam flip flops are the only ones I can ware and my feet not to hurt. This brand has been the best out of all the ones I have tried. They last longer and hold up better.', 'title': 'Best comfortable flip flops made!', 'location_and_date': 'Reviewed in the United States 🇺🇸 on July 7, 2022', 'verified': True, 'rating': '5.0'}
2023-04-06 01:07:57 [scrapy] DEBUG: Crawled (200) <GET https://proxy.scrapeops.io/v1/?api_key=f1e5b680-4e01-4798-af3c-c8ec61777b72&url=https%3A%2F%2Fwww.amazon.com%2FNORTY-Womens-Casual-Memory-41018-8B%2Fproduct-reviews%2FB07QQFP6J5%2Fref%3Dcm_cr_arp_d_paging_btm_9%3Fie%3DUTF8%26pageNumber%3D9> (referer: https://www.amazon.com/NORTY-Womens-Casual-Memory-41018-8B/product-reviews/B07QQFP6J5/ref=cm_cr_arp_d_paging_btm_8?ie=UTF8&pageNumber=8)
2023-04-06 01:07:58 [scrapy] DEBUG: Scraped from <200 https://www.amazon.com/NORTY-Womens-Casual-Memory-41018-8B/product-reviews/B07QQFP6J5/ref=cm_cr_arp_d_paging_btm_9?ie=UTF8&pageNumber=9>
{'asin': 'B07QQFP6J5', 'text': 'These slides are super duper comfy,however do make sure you buy a couple sizes bigger...I wear a size 7..and with all the reviews of them being smaller,I decided to buy a size 9.....The 9 fits perfect!', 'title': 'Buy a bigger size!', 'location_and_date': 'Reviewed in the United States 🇺🇸 on July 11, 2022', 'verified': True, 'rating': '5.0'}
2023-04-06 01:07:58 [scrapy] DEBUG: Scraped from <200 https://www.amazon.com/NORTY-Womens-Casual-Memory-41018-8B/product-reviews/B07QQFP6J5/ref=cm_cr_arp_d_paging_btm_9?ie=UTF8&pageNumber=9>
{'asin': 'B07QQFP6J5', 'text': "Fit great, hard to find this type of shoe that they don't want 40 dollars for.", 'title': 'Love these sandals', 'location_and_date': 'Reviewed in the United States 🇺🇸 on September 28, 2022', 'verified': True, 'rating': '5.0'}
2023-04-06 01:07:58 [scrapy] DEBUG: Scraped from <200 https://www.amazon.com/NORTY-Womens-Casual-Memory-41018-8B/product-reviews/B07QQFP6J5/ref=cm_cr_arp_d_paging_btm_9?ie=UTF8&pageNumber=9>
{'asin': 'B07QQFP6J5', 'text': 'Very comfortable. I have horrible aching feet and they do not feel tired when I wear these.', 'title': 'Comfortable', 'location_and_date': 'Reviewed in the United States 🇺🇸 on September 24, 2022', 'verified': True, 'rating': '5.0'}
2023-04-06 01:07:58 [scrapy] DEBUG: Scraped from <200 https://www.amazon.com/NORTY-Womens-Casual-Memory-41018-8B/product-reviews/B07QQFP6J5/ref=cm_cr_arp_d_paging_btm_9?ie=UTF8&pageNumber=9>
{'asin': 'B07QQFP6J5', 'text': 'It is not comfortable', 'title': 'Not worth the money', 'location_and_date': 'Reviewed in the United States 🇺🇸 on December 10, 2022', 'verified': True, 'rating': '2.0'}
2023-04-06 01:07:58 [scrapy] DEBUG: Scraped from <200 https://www.amazon.com/NORTY-Womens-Casual-Memory-41018-8B/product-reviews/B07QQFP6J5/ref=cm_cr_arp_d_paging_btm_9?ie=UTF8&pageNumber=9>
{'asin': 'B07QQFP6J5', 'text': "They are not comfortable compared to other brands with memory foam. And the size runs a bit smaller. I wouldn't buy them again and I would not recommend them. I have wore them twice since I bought them, waist of money for sure.", 'title': 'Not as comfortable or as fitting.', 'location_and_date': 'Reviewed in the United States 🇺🇸 on October 3, 2022', 'verified': True, 'rating': '2.0'}
2023-04-06 01:07:58 [scrapy] DEBUG: Scraped from <200 https://www.amazon.com/NORTY-Womens-Casual-Memory-41018-8B/product-reviews/B07QQFP6J5/ref=cm_cr_arp_d_paging_btm_9?ie=UTF8&pageNumber=9>
{'asin': 'B07QQFP6J5', 'text': 'Best sandles ever!! I have planters fasciitis and heal spurs and my feet do NOT hurt at all while wearing these! Best sandles ever! I even wear them as a house slipper.  I will be getting more!', 'title': 'Love love love!!!!!', 'location_and_date': 'Reviewed in the United States 🇺🇸 on June 15, 2022', 'verified': True, 'rating': '5.0'}
2023-04-06 01:07:58 [scrapy] DEBUG: Scraped from <200 https://www.amazon.com/NORTY-Womens-Casual-Memory-41018-8B/product-reviews/B07QQFP6J5/ref=cm_cr_arp_d_paging_btm_9?ie=UTF8&pageNumber=9>
{'asin': 'B07QQFP6J5', 'text': 'I really liked how they felt on my feet so much that I wore out last years pair and ordered another pair. As soon as my size is restocked, I will order another pair, maybe in a different color.', 'title': 'liked them', 'location_and_date': 'Reviewed in the United States 🇺🇸 on June 10, 2022', 'verified': True, 'rating': '5.0'}
2023-04-06 01:07:58 [scrapy] DEBUG: Scraped from <200 https://www.amazon.com/NORTY-Womens-Casual-Memory-41018-8B/product-reviews/B07QQFP6J5/ref=cm_cr_arp_d_paging_btm_9?ie=UTF8&pageNumber=9>
{'asin': 'B07QQFP6J5', 'text': 'I didn’t think and didn’t read the reviews first, have the same issue as most, the straps are way too tight. I’m usually an 8 1/2 and got a size 9, can’t even get them on. They look fine otherwise.', 'title': 'Read the reviews', 'location_and_date': 'Reviewed in the United States 🇺🇸 on December 21, 2021', 'verified': True, 'rating': '3.0'}
2023-04-06 01:07:58 [scrapy] DEBUG: Scraped from <200 https://www.amazon.com/NORTY-Womens-Casual-Memory-41018-8B/product-reviews/B07QQFP6J5/ref=cm_cr_arp_d_paging_btm_9?ie=UTF8&pageNumber=9>
{'asin': 'B07QQFP6J5', 'text': "There isn't much stretch to the shoe and they seem to be shorter than the marked size.  They are also pretty thin.  I'm not very happy with my purchase at all.", 'title': 'No comfort and too short', 'location_and_date': 'Reviewed in the United States 🇺🇸 on October 7, 2022', 'verified': True, 'rating': '2.0'}
2023-04-06 01:07:58 [scrapy] DEBUG: Scraped from <200 https://www.amazon.com/NORTY-Womens-Casual-Memory-41018-8B/product-reviews/B07QQFP6J5/ref=cm_cr_arp_d_paging_btm_9?ie=UTF8&pageNumber=9>
{'asin': 'B07QQFP6J5', 'text': 'They run small & the padding does not cushion your foot, its not soft.  I have nerve damage & was looking for a softer more padded option. They are "OK" otherwise.', 'title': 'Runs small', 'location_and_date': 'Reviewed in the United States 🇺🇸 on February 9, 2022', 'verified': True, 'rating': '3.0'}
2023-04-06 01:08:05 [scrapy] DEBUG: Crawled (200) <GET https://proxy.scrapeops.io/v1/?api_key=f1e5b680-4e01-4798-af3c-c8ec61777b72&url=https%3A%2F%2Fwww.amazon.com%2FNORTY-Womens-Casual-Memory-41018-8B%2Fproduct-reviews%2FB07QQFP6J5%2Fref%3Dcm_cr_arp_d_paging_btm_10%3Fie%3DUTF8%26pageNumber%3D10> (referer: https://www.amazon.com/NORTY-Womens-Casual-Memory-41018-8B/product-reviews/B07QQFP6J5/ref=cm_cr_arp_d_paging_btm_9?ie=UTF8&pageNumber=9)
2023-04-06 01:08:05 [scrapy] DEBUG: Scraped from <200 https://www.amazon.com/NORTY-Womens-Casual-Memory-41018-8B/product-reviews/B07QQFP6J5/ref=cm_cr_arp_d_paging_btm_10?ie=UTF8&pageNumber=10>
{'asin': 'B07QQFP6J5', 'text': 'Very comfortable', 'title': 'Comfy', 'location_and_date': 'Reviewed in the United States 🇺🇸 on October 27, 2022', 'verified': True, 'rating': '5.0'}
2023-04-06 01:08:05 [scrapy] DEBUG: Scraped from <200 https://www.amazon.com/NORTY-Womens-Casual-Memory-41018-8B/product-reviews/B07QQFP6J5/ref=cm_cr_arp_d_paging_btm_10?ie=UTF8&pageNumber=10>
{'asin': 'B07QQFP6J5', 'text': 'I recommend these as they fit as expected and are very comfortable.', 'title': 'Great fit and comfy', 'location_and_date': 'Reviewed in the United States 🇺🇸 on September 13, 2022', 'verified': True, 'rating': '5.0'}
2023-04-06 01:08:05 [scrapy] DEBUG: Scraped from <200 https://www.amazon.com/NORTY-Womens-Casual-Memory-41018-8B/product-reviews/B07QQFP6J5/ref=cm_cr_arp_d_paging_btm_10?ie=UTF8&pageNumber=10>
{'asin': 'B07QQFP6J5', 'text': 'I ordered a size 11 but had to give them to a friend who wears a size 8, they fit her perfectly but were obviously WAY too small for me.', 'title': 'WAY TOO SMALL', 'location_and_date': 'Reviewed in the United States 🇺🇸 on June 30, 2022', 'verified': True, 'rating': '5.0'}
2023-04-06 01:08:05 [scrapy] DEBUG: Scraped from <200 https://www.amazon.com/NORTY-Womens-Casual-Memory-41018-8B/product-reviews/B07QQFP6J5/ref=cm_cr_arp_d_paging_btm_10?ie=UTF8&pageNumber=10>
{'asin': 'B07QQFP6J5', 'text': 'Straps are cheap & uncomfortable', 'title': 'Straps are uncomfortable', 'location_and_date': 'Reviewed in the United States 🇺🇸 on May 4, 2022', 'verified': True, 'rating': '3.0'}
2023-04-06 01:08:05 [scrapy] DEBUG: Scraped from <200 https://www.amazon.com/NORTY-Womens-Casual-Memory-41018-8B/product-reviews/B07QQFP6J5/ref=cm_cr_arp_d_paging_btm_10?ie=UTF8&pageNumber=10>
{'asin': 'B07QQFP6J5', 'text': 'I have always been happy with my orders....not this time, not with a hole in the memory foam. Not to mention they are so damn tight I cant wear them!! And yes I ordered my size.', 'title': 'There is a small hole on the right big toe on the memory foam....wont last the summer.', 'location_and_date': 'Reviewed in the United States 🇺🇸 on May 31, 2022', 'verified': True, 'rating': '5.0'}
2023-04-06 01:08:05 [scrapy] DEBUG: Scraped from <200 https://www.amazon.com/NORTY-Womens-Casual-Memory-41018-8B/product-reviews/B07QQFP6J5/ref=cm_cr_arp_d_paging_btm_10?ie=UTF8&pageNumber=10>
{'asin': 'B07QQFP6J5', 'text': "I ordered the size 9. I normally take a nine and a half but these shoes don't come in half sizes. If I had ordered the 10 it would have been too big. My foot's fits in it exactly with no room to spare on the backside. I did not find the straps tight at all. They're very comfortable and I wear them around the house and outside often.", 'title': 'They were not too tight.', 'location_and_date': 'Reviewed in the United States 🇺🇸 on October 25, 2021', 'verified': True, 'rating': '5.0'}
2023-04-06 01:08:05 [scrapy] DEBUG: Scraped from <200 https://www.amazon.com/NORTY-Womens-Casual-Memory-41018-8B/product-reviews/B07QQFP6J5/ref=cm_cr_arp_d_paging_btm_10?ie=UTF8&pageNumber=10>
{'asin': 'B07QQFP6J5', 'text': 'Little thin', 'title': 'Too thin', 'location_and_date': 'Reviewed in the United States 🇺🇸 on May 13, 2022', 'verified': True, 'rating': '3.0'}
2023-04-06 01:08:05 [scrapy] DEBUG: Scraped from <200 https://www.amazon.com/NORTY-Womens-Casual-Memory-41018-8B/product-reviews/B07QQFP6J5/ref=cm_cr_arp_d_paging_btm_10?ie=UTF8&pageNumber=10>
{'asin': 'B07QQFP6J5', 'text': "These do not fit wide feet!! I ordered the right size and you couldn't even see the shoe under my foot. They are comfortable, but not for wide feet at all", 'title': 'These do not fit wide feet!!', 'location_and_date': 'Reviewed in the United States 🇺🇸 on March 9, 2023', 'verified': True, 'rating': '1.0'}
2023-04-06 01:08:05 [scrapy] DEBUG: Scraped from <200 https://www.amazon.com/NORTY-Womens-Casual-Memory-41018-8B/product-reviews/B07QQFP6J5/ref=cm_cr_arp_d_paging_btm_10?ie=UTF8&pageNumber=10>
{'asin': 'B07QQFP6J5', 'text': 'They did not fit as well as others I have bought of same size.  Need bigger size', 'title': 'Comfort', 'location_and_date': 'Reviewed in the United States 🇺🇸 on March 1, 2022', 'verified': True, 'rating': '3.0'}
2023-04-06 01:08:05 [scrapy] DEBUG: Scraped from <200 https://www.amazon.com/NORTY-Womens-Casual-Memory-41018-8B/product-reviews/B07QQFP6J5/ref=cm_cr_arp_d_paging_btm_10?ie=UTF8&pageNumber=10>
{'asin': 'B07QQFP6J5', 'text': 'My daughter wears them every day she likes them', 'title': 'Like it', 'location_and_date': 'Reviewed in the United States 🇺🇸 on September 2, 2022', 'verified': True, 'rating': '5.0'}
2023-04-06 01:08:17 [scrapy] DEBUG: Crawled (200) <GET https://proxy.scrapeops.io/v1/?api_key=f1e5b680-4e01-4798-af3c-c8ec61777b72&url=https%3A%2F%2Fwww.amazon.com%2FNORTY-Womens-Casual-Memory-41018-8B%2Fproduct-reviews%2FB07QQFP6J5%2Fref%3Dcm_cr_arp_d_paging_btm_11%3Fie%3DUTF8%26pageNumber%3D11> (referer: https://www.amazon.com/NORTY-Womens-Casual-Memory-41018-8B/product-reviews/B07QQFP6J5/ref=cm_cr_arp_d_paging_btm_10?ie=UTF8&pageNumber=10)
2023-04-06 01:08:17 [scrapy] DEBUG: Scraped from <200 https://www.amazon.com/NORTY-Womens-Casual-Memory-41018-8B/product-reviews/B07QQFP6J5/ref=cm_cr_arp_d_paging_btm_11?ie=UTF8&pageNumber=11>
{'asin': 'B07QQFP6J5', 'text': "I wear a men's 8.5, ordered a 10... And it's actually quite small on my foot... Also the part your foot goes in is loose towards the toes but super tight at the top of the foot", 'title': 'Good thing I bought a size and a half too big', 'location_and_date': 'Reviewed in the United States 🇺🇸 on September 17, 2021', 'verified': True, 'rating': '3.0'}
2023-04-06 01:08:17 [scrapy] DEBUG: Scraped from <200 https://www.amazon.com/NORTY-Womens-Casual-Memory-41018-8B/product-reviews/B07QQFP6J5/ref=cm_cr_arp_d_paging_btm_11?ie=UTF8&pageNumber=11>
{'asin': 'B07QQFP6J5', 'text': 'That it had memory foam for comfort. They fit great and I love the color. They help my high arch because they give me that comfort. Another ace in the hole for Amazon.', 'title': 'I love Amazon and Prime forever for me!', 'location_and_date': 'Reviewed in the United States 🇺🇸 on May 12, 2022', 'verified': True, 'rating': '5.0'}
2023-04-06 01:08:17 [scrapy] DEBUG: Scraped from <200 https://www.amazon.com/NORTY-Womens-Casual-Memory-41018-8B/product-reviews/B07QQFP6J5/ref=cm_cr_arp_d_paging_btm_11?ie=UTF8&pageNumber=11>
{'asin': 'B07QQFP6J5', 'text': 'Sandals are very comfortable and they arrived in good condition.', 'title': 'Comfortable Shoes', 'location_and_date': 'Reviewed in the United States 🇺🇸 on August 12, 2022', 'verified': True, 'rating': '5.0'}
2023-04-06 01:08:17 [scrapy] DEBUG: Scraped from <200 https://www.amazon.com/NORTY-Womens-Casual-Memory-41018-8B/product-reviews/B07QQFP6J5/ref=cm_cr_arp_d_paging_btm_11?ie=UTF8&pageNumber=11>
{'asin': 'B07QQFP6J5', 'text': "Norty flip flops are nice, strap is a little tight, but I'm still breaking them in. I like the memory foam...cushy & comfortable. Price was reasonable. I would recommend.", 'title': 'Nice flip flops', 'location_and_date': 'Reviewed in the United States 🇺🇸 on May 26, 2022', 'verified': True, 'rating': '5.0'}
2023-04-06 01:08:17 [scrapy] DEBUG: Scraped from <200 https://www.amazon.com/NORTY-Womens-Casual-Memory-41018-8B/product-reviews/B07QQFP6J5/ref=cm_cr_arp_d_paging_btm_11?ie=UTF8&pageNumber=11>
{'asin': 'B07QQFP6J5', 'text': 'I guess the notion that you get what you pay for shines through in this purchase. The foam did not last and the fabric began to feel worn in less than a month of daily wear around the house. I do not recommend this product. I will go back to my regular adidas or nike flip flops with foam', 'title': 'Foam flattens in less than a month of wear', 'location_and_date': 'Reviewed in the United States 🇺🇸 on January 9, 2023', 'verified': True, 'rating': '1.0'}
2023-04-06 01:08:17 [scrapy] DEBUG: Scraped from <200 https://www.amazon.com/NORTY-Womens-Casual-Memory-41018-8B/product-reviews/B07QQFP6J5/ref=cm_cr_arp_d_paging_btm_11?ie=UTF8&pageNumber=11>
{'asin': 'B07QQFP6J5', 'text': 'Alittle hard but look good', 'title': 'Price and fit was good', 'location_and_date': 'Reviewed in the United States 🇺🇸 on December 14, 2021', 'verified': True, 'rating': '4.0'}
2023-04-06 01:08:17 [scrapy] DEBUG: Scraped from <200 https://www.amazon.com/NORTY-Womens-Casual-Memory-41018-8B/product-reviews/B07QQFP6J5/ref=cm_cr_arp_d_paging_btm_11?ie=UTF8&pageNumber=11>
{'asin': 'B07QQFP6J5', 'text': 'Review of Fushia Size 9.  Item runs narrow and small. Buy 1 size up to ensure perfect fit. The color is actually purple not FUSCHIA as pictured, my monitor is correct based on other online items purchased. The memory foam is NOT as stated. Have other memory foam sandals by OP and memory foam is soft and responds; this memory foam is hard and not comfortable. Besides the above issues they are flip flops, but should be chaper bc not a true memory foam as stated, not true to size and color is not true to description.', 'title': 'NOT AS DESCRIBED', 'location_and_date': 'Reviewed in the United States 🇺🇸 on May 21, 2019', 'verified': True, 'rating': '3.0'}
2023-04-06 01:08:17 [scrapy] DEBUG: Scraped from <200 https://www.amazon.com/NORTY-Womens-Casual-Memory-41018-8B/product-reviews/B07QQFP6J5/ref=cm_cr_arp_d_paging_btm_11?ie=UTF8&pageNumber=11>
{'asin': 'B07QQFP6J5', 'text': 'The overall product is just all right. Very cheaply made, but I bought it to wear around the house (inside), so I’m hoping it’ll last longer.  The smell was absolutely horrible. I will need to air these out for a few days, and may even give them a gentle wash, to kill the smell. Even my german shepherd, who loves to steal slippers and shoes, did not want anything to do with these…one sniff and he was GONE! Not impressed with these flip flops as much as I thought it would be.', 'title': 'It’s an OK Item', 'location_and_date': 'Reviewed in the United States 🇺🇸 on September 30, 2021', 'verified': True, 'rating': '2.0'}
2023-04-06 01:08:17 [scrapy] DEBUG: Scraped from <200 https://www.amazon.com/NORTY-Womens-Casual-Memory-41018-8B/product-reviews/B07QQFP6J5/ref=cm_cr_arp_d_paging_btm_11?ie=UTF8&pageNumber=11>
{'asin': 'B07QQFP6J5', 'text': 'Look good.  Feel ok.  Just wish it was a thicker memory foam.', 'title': 'Could use thicker memory foam', 'location_and_date': 'Reviewed in the United States 🇺🇸 on September 26, 2022', 'verified': True, 'rating': '2.0'}
2023-04-06 01:08:17 [scrapy] DEBUG: Scraped from <200 https://www.amazon.com/NORTY-Womens-Casual-Memory-41018-8B/product-reviews/B07QQFP6J5/ref=cm_cr_arp_d_paging_btm_11?ie=UTF8&pageNumber=11>
{'asin': 'B07QQFP6J5', 'text': "I generally wear a size 8, decided to go with a 9 just to be safe - still too small.  Hoping they'll stretch out a little bit with more wear.", 'title': 'Not terrible, but much smaller than listed size', 'location_and_date': 'Reviewed in the United States 🇺🇸 on August 23, 2021', 'verified': True, 'rating': '3.0'}
2023-04-06 01:08:28 [scrapy] DEBUG: Crawled (200) <GET https://proxy.scrapeops.io/v1/?api_key=f1e5b680-4e01-4798-af3c-c8ec61777b72&url=https%3A%2F%2Fwww.amazon.com%2FNORTY-Womens-Casual-Memory-41018-8B%2Fproduct-reviews%2FB07QQFP6J5%2Fref%3Dcm_cr_arp_d_paging_btm_12%3Fie%3DUTF8%26pageNumber%3D12> (referer: https://www.amazon.com/NORTY-Womens-Casual-Memory-41018-8B/product-reviews/B07QQFP6J5/ref=cm_cr_arp_d_paging_btm_11?ie=UTF8&pageNumber=11)
2023-04-06 01:08:28 [scrapy] DEBUG: Scraped from <200 https://www.amazon.com/NORTY-Womens-Casual-Memory-41018-8B/product-reviews/B07QQFP6J5/ref=cm_cr_arp_d_paging_btm_12?ie=UTF8&pageNumber=12>
{'asin': 'B07QQFP6J5', 'text': 'they say to order a size bigger..should of order 2 sizes bigger..they are tight..not enough memory gel', 'title': "The straps are to tight fitting..they won't stretch", 'location_and_date': 'Reviewed in the United States 🇺🇸 on September 17, 2022', 'verified': True, 'rating': '2.0'}
2023-04-06 01:08:28 [scrapy] DEBUG: Scraped from <200 https://www.amazon.com/NORTY-Womens-Casual-Memory-41018-8B/product-reviews/B07QQFP6J5/ref=cm_cr_arp_d_paging_btm_12?ie=UTF8&pageNumber=12>
{'asin': 'B07QQFP6J5', 'text': 'Cushion is nice but it’s tight even though I ordered the normal shoe/sandal size. Next time should size down', 'title': 'To tight but comfortable', 'location_and_date': 'Reviewed in the United States 🇺🇸 on May 26, 2021', 'verified': True, 'rating': '4.0'}
2023-04-06 01:08:28 [scrapy] DEBUG: Scraped from <200 https://www.amazon.com/NORTY-Womens-Casual-Memory-41018-8B/product-reviews/B07QQFP6J5/ref=cm_cr_arp_d_paging_btm_12?ie=UTF8&pageNumber=12>
{'asin': 'B07QQFP6J5', 'text': 'I have narrow feet and these fit well enough I can wear them.  Cushy insole makes them very comfortable.', 'title': 'Fits my narrow feet!', 'location_and_date': 'Reviewed in the United States 🇺🇸 on June 9, 2022', 'verified': True, 'rating': '5.0'}
2023-04-06 01:08:28 [scrapy] DEBUG: Scraped from <200 https://www.amazon.com/NORTY-Womens-Casual-Memory-41018-8B/product-reviews/B07QQFP6J5/ref=cm_cr_arp_d_paging_btm_12?ie=UTF8&pageNumber=12>
{'asin': 'B07QQFP6J5', 'text': 'Loved these, until the toe strap broke 6 weeks after getting them. 10 days past the return window too. Bummer :-(', 'title': 'Broke 6 weeks after wearing :-(', 'location_and_date': 'Reviewed in the United States 🇺🇸 on March 11, 2023', 'verified': True, 'rating': '1.0'}
2023-04-06 01:08:28 [scrapy] DEBUG: Scraped from <200 https://www.amazon.com/NORTY-Womens-Casual-Memory-41018-8B/product-reviews/B07QQFP6J5/ref=cm_cr_arp_d_paging_btm_12?ie=UTF8&pageNumber=12>
{'asin': 'B07QQFP6J5', 'text': 'Well constructed & cushy -  sizing is accurate; but it would be better if there was a Wide Width option, since they are slightly tighter with out that option.', 'title': 'Comfortable', 'location_and_date': 'Reviewed in the United States 🇺🇸 on December 3, 2020', 'verified': True, 'rating': '4.0'}
2023-04-06 01:08:28 [scrapy] DEBUG: Scraped from <200 https://www.amazon.com/NORTY-Womens-Casual-Memory-41018-8B/product-reviews/B07QQFP6J5/ref=cm_cr_arp_d_paging_btm_12?ie=UTF8&pageNumber=12>
{'asin': 'B07QQFP6J5', 'text': 'I bought these for myself and I love it, I always buy memory foam shoes because my feet hurt all the time and these are perfect', 'title': "They're a bit snug on the strap for it but it's still very comfortable", 'location_and_date': 'Reviewed in the United States 🇺🇸 on May 9, 2022', 'verified': True, 'rating': '5.0'}
2023-04-06 01:08:28 [scrapy] DEBUG: Scraped from <200 https://www.amazon.com/NORTY-Womens-Casual-Memory-41018-8B/product-reviews/B07QQFP6J5/ref=cm_cr_arp_d_paging_btm_12?ie=UTF8&pageNumber=12>
{'asin': 'B07QQFP6J5', 'text': 'Very comfortable and good quality but run small', 'title': 'Run small on size', 'location_and_date': 'Reviewed in the United States 🇺🇸 on September 14, 2021', 'verified': True, 'rating': '4.0'}
2023-04-06 01:08:28 [scrapy] DEBUG: Scraped from <200 https://www.amazon.com/NORTY-Womens-Casual-Memory-41018-8B/product-reviews/B07QQFP6J5/ref=cm_cr_arp_d_paging_btm_12?ie=UTF8&pageNumber=12>
{'asin': 'B07QQFP6J5', 'text': 'The media could not be loaded.\n                \n            \n                \n            \n            \n        \n    \n    \n\n\n\n\n\n\n\n\n  \n  \n    \xa0I love this slide. It’s a great color and it has a pillow top cushion which makes the shoe loveable to your feet. I can wear these all freaking day.', 'title': 'A super comfy and cute slide for a great price', 'location_and_date': 'Reviewed in the United States 🇺🇸 on May 21, 2022', 'verified': True, 'rating': '5.0'}
2023-04-06 01:08:28 [scrapy] DEBUG: Scraped from <200 https://www.amazon.com/NORTY-Womens-Casual-Memory-41018-8B/product-reviews/B07QQFP6J5/ref=cm_cr_arp_d_paging_btm_12?ie=UTF8&pageNumber=12>
{'asin': 'B07QQFP6J5', 'text': 'It is good for casual wear. Foam is comfortable. Cook home sandal.', 'title': "It's cool for the price", 'location_and_date': 'Reviewed in the United States 🇺🇸 on January 28, 2022', 'verified': True, 'rating': '3.0'}
2023-04-06 01:08:28 [scrapy] DEBUG: Scraped from <200 https://www.amazon.com/NORTY-Womens-Casual-Memory-41018-8B/product-reviews/B07QQFP6J5/ref=cm_cr_arp_d_paging_btm_12?ie=UTF8&pageNumber=12>
{'asin': 'B07QQFP6J5', 'text': 'They are a little to stiff.', 'title': 'Good value.', 'location_and_date': 'Reviewed in the United States 🇺🇸 on September 28, 2021', 'verified': True, 'rating': '4.0'}
2023-04-06 01:08:33 [scrapy] DEBUG: Crawled (200) <GET https://proxy.scrapeops.io/v1/?api_key=f1e5b680-4e01-4798-af3c-c8ec61777b72&url=https%3A%2F%2Fwww.amazon.com%2FNORTY-Womens-Casual-Memory-41018-8B%2Fproduct-reviews%2FB07QQFP6J5%2Fref%3Dcm_cr_arp_d_paging_btm_13%3Fie%3DUTF8%26pageNumber%3D13> (referer: https://www.amazon.com/NORTY-Womens-Casual-Memory-41018-8B/product-reviews/B07QQFP6J5/ref=cm_cr_arp_d_paging_btm_12?ie=UTF8&pageNumber=12)
2023-04-06 01:08:33 [scrapy] DEBUG: Scraped from <200 https://www.amazon.com/NORTY-Womens-Casual-Memory-41018-8B/product-reviews/B07QQFP6J5/ref=cm_cr_arp_d_paging_btm_13?ie=UTF8&pageNumber=13>
{'asin': 'B07QQFP6J5', 'text': 'I can sometimes fit in 9s from the store and got size a 10-11s of these to be safe. I had to return them both cause they wouldn’t fit over my foot (strap on the top were too small). Also the 10s bearly were long enough to fit.If try then May want to go up a size or 2.', 'title': 'Way to small!', 'location_and_date': 'Reviewed in the United States 🇺🇸 on May 12, 2022', 'verified': True, 'rating': '2.0'}
2023-04-06 01:08:33 [scrapy] DEBUG: Scraped from <200 https://www.amazon.com/NORTY-Womens-Casual-Memory-41018-8B/product-reviews/B07QQFP6J5/ref=cm_cr_arp_d_paging_btm_13?ie=UTF8&pageNumber=13>
{'asin': 'B07QQFP6J5', 'text': 'Very comfortable and love the style', 'title': 'Very comfortable', 'location_and_date': 'Reviewed in the United States 🇺🇸 on July 26, 2022', 'verified': True, 'rating': '5.0'}
2023-04-06 01:08:33 [scrapy] DEBUG: Scraped from <200 https://www.amazon.com/NORTY-Womens-Casual-Memory-41018-8B/product-reviews/B07QQFP6J5/ref=cm_cr_arp_d_paging_btm_13?ie=UTF8&pageNumber=13>
{'asin': 'B07QQFP6J5', 'text': 'These are very comfortable and the price was great.', 'title': 'Comfort', 'location_and_date': 'Reviewed in the United States 🇺🇸 on July 6, 2022', 'verified': True, 'rating': '5.0'}
2023-04-06 01:08:33 [scrapy] DEBUG: Scraped from <200 https://www.amazon.com/NORTY-Womens-Casual-Memory-41018-8B/product-reviews/B07QQFP6J5/ref=cm_cr_arp_d_paging_btm_13?ie=UTF8&pageNumber=13>
{'asin': 'B07QQFP6J5', 'text': 'Wore out within a week', 'title': 'Worn out quickly', 'location_and_date': 'Reviewed in the United States 🇺🇸 on February 18, 2022', 'verified': True, 'rating': '3.0'}
2023-04-06 01:08:33 [scrapy] DEBUG: Scraped from <200 https://www.amazon.com/NORTY-Womens-Casual-Memory-41018-8B/product-reviews/B07QQFP6J5/ref=cm_cr_arp_d_paging_btm_13?ie=UTF8&pageNumber=13>
{'asin': 'B07QQFP6J5', 'text': 'Loved the hot pink color', 'title': 'Fit great', 'location_and_date': 'Reviewed in the United States 🇺🇸 on September 10, 2021', 'verified': True, 'rating': '4.0'}
2023-04-06 01:08:33 [scrapy] DEBUG: Scraped from <200 https://www.amazon.com/NORTY-Womens-Casual-Memory-41018-8B/product-reviews/B07QQFP6J5/ref=cm_cr_arp_d_paging_btm_13?ie=UTF8&pageNumber=13>
{'asin': 'B07QQFP6J5', 'text': "I wear cushioned flip flops indoors at home year round, this is my first time trying this brand. I normally have either Nike's or Underarmor, both of which last at least a good 6-12 months for me, but I purchased these on August 31 and today, October 19 it's already ripped and unable to be worn.  I noticed a few weeks ago the strap that goes between the toes on the right flip flop was loosened and half ripped, but still wearable, but today the left one completely ripped.  Very unhappy with this product!", 'title': 'Lasted just a month, waste of money!', 'location_and_date': 'Reviewed in the United States 🇺🇸 on October 19, 2022', 'verified': True, 'rating': '1.0'}
2023-04-06 01:08:33 [scrapy] DEBUG: Scraped from <200 https://www.amazon.com/NORTY-Womens-Casual-Memory-41018-8B/product-reviews/B07QQFP6J5/ref=cm_cr_arp_d_paging_btm_13?ie=UTF8&pageNumber=13>
{'asin': 'B07QQFP6J5', 'text': "I live in Florida and needed to replace a pair of size sandals that don't make my feet get sweaty in the usual plastic or leather sandals. I love these.", 'title': 'Non sweaty, padded flip flops', 'location_and_date': 'Reviewed in the United States 🇺🇸 on April 9, 2022', 'verified': True, 'rating': '5.0'}
2023-04-06 01:08:33 [scrapy] DEBUG: Scraped from <200 https://www.amazon.com/NORTY-Womens-Casual-Memory-41018-8B/product-reviews/B07QQFP6J5/ref=cm_cr_arp_d_paging_btm_13?ie=UTF8&pageNumber=13>
{'asin': 'B07QQFP6J5', 'text': 'I ordered the same size I always order in different brands. These run really small', 'title': 'Runs small', 'location_and_date': 'Reviewed in the United States 🇺🇸 on March 12, 2023', 'verified': True, 'rating': '1.0'}
2023-04-06 01:08:33 [scrapy] DEBUG: Scraped from <200 https://www.amazon.com/NORTY-Womens-Casual-Memory-41018-8B/product-reviews/B07QQFP6J5/ref=cm_cr_arp_d_paging_btm_13?ie=UTF8&pageNumber=13>
{'asin': 'B07QQFP6J5', 'text': 'Product unsatisfactory…', 'title': 'Uncomfortable fit…', 'location_and_date': 'Reviewed in the United States 🇺🇸 on October 7, 2022', 'verified': True, 'rating': '2.0'}
2023-04-06 01:08:33 [scrapy] DEBUG: Scraped from <200 https://www.amazon.com/NORTY-Womens-Casual-Memory-41018-8B/product-reviews/B07QQFP6J5/ref=cm_cr_arp_d_paging_btm_13?ie=UTF8&pageNumber=13>
{'asin': 'B07QQFP6J5', 'text': 'Very comfortable', 'title': 'Very comfortable', 'location_and_date': 'Reviewed in the United States 🇺🇸 on August 5, 2022', 'verified': True, 'rating': '5.0'}
2023-04-06 01:08:37 [scrapy] DEBUG: Crawled (200) <GET https://proxy.scrapeops.io/v1/?api_key=f1e5b680-4e01-4798-af3c-c8ec61777b72&url=https%3A%2F%2Fwww.amazon.com%2FNORTY-Womens-Casual-Memory-41018-8B%2Fproduct-reviews%2FB07QQFP6J5%2Fref%3Dcm_cr_arp_d_paging_btm_14%3Fie%3DUTF8%26pageNumber%3D14> (referer: https://www.amazon.com/NORTY-Womens-Casual-Memory-41018-8B/product-reviews/B07QQFP6J5/ref=cm_cr_arp_d_paging_btm_13?ie=UTF8&pageNumber=13)
2023-04-06 01:08:37 [scrapy] DEBUG: Scraped from <200 https://www.amazon.com/NORTY-Womens-Casual-Memory-41018-8B/product-reviews/B07QQFP6J5/ref=cm_cr_arp_d_paging_btm_14?ie=UTF8&pageNumber=14>
{'asin': 'B07QQFP6J5', 'text': 'Might want to get a size up!', 'title': 'Nice!', 'location_and_date': 'Reviewed in the United States on June 22, 2022', 'verified': True, 'rating': '5.0'}
2023-04-06 01:08:37 [scrapy] DEBUG: Scraped from <200 https://www.amazon.com/NORTY-Womens-Casual-Memory-41018-8B/product-reviews/B07QQFP6J5/ref=cm_cr_arp_d_paging_btm_14?ie=UTF8&pageNumber=14>
{'asin': 'B07QQFP6J5', 'text': 'Do so', 'title': 'Smaller than I thought', 'location_and_date': 'Reviewed in the United States on August 22, 2021', 'verified': True, 'rating': '4.0'}
2023-04-06 01:08:37 [scrapy] DEBUG: Scraped from <200 https://www.amazon.com/NORTY-Womens-Casual-Memory-41018-8B/product-reviews/B07QQFP6J5/ref=cm_cr_arp_d_paging_btm_14?ie=UTF8&pageNumber=14>
{'asin': 'B07QQFP6J5', 'text': 'Fit was accurate. Comfy flip flop for a good price.', 'title': 'Comfy flip flop', 'location_and_date': 'Reviewed in the United States on May 27, 2022', 'verified': True, 'rating': '5.0'}
2023-04-06 01:08:37 [scrapy] DEBUG: Scraped from <200 https://www.amazon.com/NORTY-Womens-Casual-Memory-41018-8B/product-reviews/B07QQFP6J5/ref=cm_cr_arp_d_paging_btm_14?ie=UTF8&pageNumber=14>
{'asin': 'B07QQFP6J5', 'text': 'I am very pleased with this flip flop.  It is padded for comfort and very light.', 'title': 'Very comfortable', 'location_and_date': 'Reviewed in the United States on April 27, 2022', 'verified': True, 'rating': '5.0'}
2023-04-06 01:08:37 [scrapy] DEBUG: Scraped from <200 https://www.amazon.com/NORTY-Womens-Casual-Memory-41018-8B/product-reviews/B07QQFP6J5/ref=cm_cr_arp_d_paging_btm_14?ie=UTF8&pageNumber=14>
{'asin': 'B07QQFP6J5', 'text': 'These are comfortable. I like the fact that you can adjust the tops for skinnier feet. Recommend', 'title': 'Simple but effective.', 'location_and_date': 'Reviewed in the United States on October 17, 2020', 'verified': True, 'rating': '4.0'}
2023-04-06 01:08:37 [scrapy] DEBUG: Scraped from <200 https://www.amazon.com/NORTY-Womens-Casual-Memory-41018-8B/product-reviews/B07QQFP6J5/ref=cm_cr_arp_d_paging_btm_14?ie=UTF8&pageNumber=14>
{'asin': 'B07QQFP6J5', 'text': 'I normally wear a 8 1/2. So I ordered a 9. They are way small. My heal is falling off the back. And the toe strap prevents my foot from being able to push foot further. They seam tight around the foot as well.', 'title': 'Run SMALL', 'location_and_date': 'Reviewed in the United States on September 7, 2020', 'verified': True, 'rating': '3.0'}
2023-04-06 01:08:37 [scrapy] DEBUG: Scraped from <200 https://www.amazon.com/NORTY-Womens-Casual-Memory-41018-8B/product-reviews/B07QQFP6J5/ref=cm_cr_arp_d_paging_btm_14?ie=UTF8&pageNumber=14>
{'asin': 'B07QQFP6J5', 'text': 'I ordered a size 11 which is my shoes size & they were definitely NOT AN 11! The back of my heel was hanging off the back of the flip flops. I ordered these flip flops a lot because I love how comfortable they normally are & am VERY UPSET that they are misleading people on the sizes.', 'title': 'Sizes Are NOT ACCURATE', 'location_and_date': 'Reviewed in the United States on November 28, 2022', 'verified': True, 'rating': '1.0'}
2023-04-06 01:08:37 [scrapy] DEBUG: Scraped from <200 https://www.amazon.com/NORTY-Womens-Casual-Memory-41018-8B/product-reviews/B07QQFP6J5/ref=cm_cr_arp_d_paging_btm_14?ie=UTF8&pageNumber=14>
{'asin': 'B07QQFP6J5', 'text': 'They were OK except for the design inside the shoe.', 'title': 'Hurt', 'location_and_date': 'Reviewed in the United States on September 21, 2021', 'verified': True, 'rating': '3.0'}
2023-04-06 01:08:37 [scrapy] DEBUG: Scraped from <200 https://www.amazon.com/NORTY-Womens-Casual-Memory-41018-8B/product-reviews/B07QQFP6J5/ref=cm_cr_arp_d_paging_btm_14?ie=UTF8&pageNumber=14>
{'asin': 'B07QQFP6J5', 'text': 'When I got the package it was ripped opened & the flip flops has two rips in it one on each flip flops...also looks like thy are use & not new.so it not worth the money I spent on them.', 'title': 'Not happy', 'location_and_date': 'Reviewed in the United States on May 10, 2022', 'verified': True, 'rating': '2.0'}
2023-04-06 01:08:37 [scrapy] DEBUG: Scraped from <200 https://www.amazon.com/NORTY-Womens-Casual-Memory-41018-8B/product-reviews/B07QQFP6J5/ref=cm_cr_arp_d_paging_btm_14?ie=UTF8&pageNumber=14>
{'asin': 'B07QQFP6J5', 'text': 'I ordered a size 11 and when I received them they didn’t even go on my foot, but they might work for someone else', 'title': 'Size 11', 'location_and_date': 'Reviewed in the United States on June 11, 2022', 'verified': True, 'rating': '2.0'}
2023-04-06 01:08:48 [scrapy] DEBUG: Crawled (200) <GET https://proxy.scrapeops.io/v1/?api_key=f1e5b680-4e01-4798-af3c-c8ec61777b72&url=https%3A%2F%2Fwww.amazon.com%2FNORTY-Womens-Casual-Memory-41018-8B%2Fproduct-reviews%2FB07QQFP6J5%2Fref%3Dcm_cr_arp_d_paging_btm_15%3Fie%3DUTF8%26pageNumber%3D15> (referer: https://www.amazon.com/NORTY-Womens-Casual-Memory-41018-8B/product-reviews/B07QQFP6J5/ref=cm_cr_arp_d_paging_btm_14?ie=UTF8&pageNumber=14)
2023-04-06 01:08:48 [scrapy] DEBUG: Scraped from <200 https://www.amazon.com/NORTY-Womens-Casual-Memory-41018-8B/product-reviews/B07QQFP6J5/ref=cm_cr_arp_d_paging_btm_15?ie=UTF8&pageNumber=15>
{'asin': 'B07QQFP6J5', 'text': 'I disliked everything', 'title': 'This is a product of our quality it is sewn improperlyWill never buy or recommend this to anyon', 'location_and_date': 'Reviewed in the United States on March 16, 2023', 'verified': True, 'rating': '1.0'}
2023-04-06 01:08:48 [scrapy] DEBUG: Scraped from <200 https://www.amazon.com/NORTY-Womens-Casual-Memory-41018-8B/product-reviews/B07QQFP6J5/ref=cm_cr_arp_d_paging_btm_15?ie=UTF8&pageNumber=15>
{'asin': 'B07QQFP6J5', 'text': 'I bought my shoe size of these and they were too small.', 'title': 'Too Small', 'location_and_date': 'Reviewed in the United States on April 22, 2021', 'verified': True, 'rating': '3.0'}
2023-04-06 01:08:48 [scrapy] DEBUG: Scraped from <200 https://www.amazon.com/NORTY-Womens-Casual-Memory-41018-8B/product-reviews/B07QQFP6J5/ref=cm_cr_arp_d_paging_btm_15?ie=UTF8&pageNumber=15>
{'asin': 'B07QQFP6J5', 'text': 'Comfortable and soft on the feet', 'title': 'The fabric sole is great.', 'location_and_date': 'Reviewed in the United States on May 28, 2022', 'verified': True, 'rating': '5.0'}
2023-04-06 01:08:48 [scrapy] DEBUG: Scraped from <200 https://www.amazon.com/NORTY-Womens-Casual-Memory-41018-8B/product-reviews/B07QQFP6J5/ref=cm_cr_arp_d_paging_btm_15?ie=UTF8&pageNumber=15>
{'asin': 'B07QQFP6J5', 'text': 'Well made but very narrow across foot even though I ordered a size up. Straps were not flexible. Returned.', 'title': 'Too narrow', 'location_and_date': 'Reviewed in the United States on June 14, 2022', 'verified': True, 'rating': '2.0'}
2023-04-06 01:08:48 [scrapy] DEBUG: Scraped from <200 https://www.amazon.com/NORTY-Womens-Casual-Memory-41018-8B/product-reviews/B07QQFP6J5/ref=cm_cr_arp_d_paging_btm_15?ie=UTF8&pageNumber=15>
{'asin': 'B07QQFP6J5', 'text': 'I like that they have support for my feet instead of being a flat uncomfortable sandal.', 'title': 'It is Velcro adjustable for a perfect fit every time.', 'location_and_date': 'Reviewed in the United States on March 27, 2022', 'verified': True, 'rating': '5.0'}
2023-04-06 01:08:48 [scrapy] DEBUG: Scraped from <200 https://www.amazon.com/NORTY-Womens-Casual-Memory-41018-8B/product-reviews/B07QQFP6J5/ref=cm_cr_arp_d_paging_btm_15?ie=UTF8&pageNumber=15>
{'asin': 'B07QQFP6J5', 'text': 'They are definitely a size (at least) small, so size up 1-2 levels. The sole looks as though it would be soft but it is a scratchy material and not comfortable to wear. The product looks fine and seems well-made. It is just not as comfortable as expected.', 'title': 'Size/Comfort Less than Expected', 'location_and_date': 'Reviewed in the United States on January 6, 2022', 'verified': True, 'rating': '2.0'}
2023-04-06 01:08:48 [scrapy] DEBUG: Scraped from <200 https://www.amazon.com/NORTY-Womens-Casual-Memory-41018-8B/product-reviews/B07QQFP6J5/ref=cm_cr_arp_d_paging_btm_15?ie=UTF8&pageNumber=15>
{'asin': 'B07QQFP6J5', 'text': 'Love them . They are great shoes but they tear easily.....', 'title': 'Love them', 'location_and_date': 'Reviewed in the United States on April 13, 2022', 'verified': True, 'rating': '5.0'}
2023-04-06 01:08:48 [scrapy] DEBUG: Scraped from <200 https://www.amazon.com/NORTY-Womens-Casual-Memory-41018-8B/product-reviews/B07QQFP6J5/ref=cm_cr_arp_d_paging_btm_15?ie=UTF8&pageNumber=15>
{'asin': 'B07QQFP6J5', 'text': 'Ordered 1 size bigger and just fit', 'title': 'Run small', 'location_and_date': 'Reviewed in the United States on May 6, 2022', 'verified': True, 'rating': '5.0'}
2023-04-06 01:08:48 [scrapy] DEBUG: Scraped from <200 https://www.amazon.com/NORTY-Womens-Casual-Memory-41018-8B/product-reviews/B07QQFP6J5/ref=cm_cr_arp_d_paging_btm_15?ie=UTF8&pageNumber=15>
{'asin': 'B07QQFP6J5', 'text': 'I have been looking for months for just the right slide. This slide is perfect for, comfortable and the memory foam is great. Considering ordering a few more as backup.', 'title': 'Perfect fit and comfortable', 'location_and_date': 'Reviewed in the United States on September 29, 2021', 'verified': True, 'rating': '5.0'}
2023-04-06 01:08:48 [scrapy] DEBUG: Scraped from <200 https://www.amazon.com/NORTY-Womens-Casual-Memory-41018-8B/product-reviews/B07QQFP6J5/ref=cm_cr_arp_d_paging_btm_15?ie=UTF8&pageNumber=15>
{'asin': 'B07QQFP6J5', 'text': 'Lightweight and comfortable, good value for the money.', 'title': 'Good Value', 'location_and_date': 'Reviewed in the United States on April 28, 2022', 'verified': True, 'rating': '5.0'}
2023-04-06 01:08:53 [scrapy] DEBUG: Crawled (200) <GET https://proxy.scrapeops.io/v1/?api_key=f1e5b680-4e01-4798-af3c-c8ec61777b72&url=https%3A%2F%2Fwww.amazon.com%2FNORTY-Womens-Casual-Memory-41018-8B%2Fproduct-reviews%2FB07QQFP6J5%2Fref%3Dcm_cr_arp_d_paging_btm_16%3Fie%3DUTF8%26pageNumber%3D16> (referer: https://www.amazon.com/NORTY-Womens-Casual-Memory-41018-8B/product-reviews/B07QQFP6J5/ref=cm_cr_arp_d_paging_btm_15?ie=UTF8&pageNumber=15)
2023-04-06 01:08:53 [scrapy] DEBUG: Scraped from <200 https://www.amazon.com/NORTY-Womens-Casual-Memory-41018-8B/product-reviews/B07QQFP6J5/ref=cm_cr_arp_d_paging_btm_16?ie=UTF8&pageNumber=16>
{'asin': 'B07QQFP6J5', 'text': 'shoes are way too tight across the foot.  had to return for poor fit', 'title': 'buy only if your foot is small across the top', 'location_and_date': 'Reviewed in the United States 🇺🇸 on June 16, 2022', 'verified': True, 'rating': '2.0'}
2023-04-06 01:08:53 [scrapy] DEBUG: Scraped from <200 https://www.amazon.com/NORTY-Womens-Casual-Memory-41018-8B/product-reviews/B07QQFP6J5/ref=cm_cr_arp_d_paging_btm_16?ie=UTF8&pageNumber=16>
{'asin': 'B07QQFP6J5', 'text': 'I’ve ordered them before and they are comfortable for my feet! I have foot pain easily and these are comfortable', 'title': 'Memory foam flip flops', 'location_and_date': 'Reviewed in the United States 🇺🇸 on January 17, 2022', 'verified': True, 'rating': '5.0'}
2023-04-06 01:08:53 [scrapy] DEBUG: Scraped from <200 https://www.amazon.com/NORTY-Womens-Casual-Memory-41018-8B/product-reviews/B07QQFP6J5/ref=cm_cr_arp_d_paging_btm_16?ie=UTF8&pageNumber=16>
{'asin': 'B07QQFP6J5', 'text': 'Love the cushioned insole and the thickness of outer sole. These are so soothing to walk in when you have sore feet. I wear them indoors and outdoors.', 'title': 'Total Comfort', 'location_and_date': 'Reviewed in the United States 🇺🇸 on September 20, 2021', 'verified': True, 'rating': '5.0'}
2023-04-06 01:08:53 [scrapy] DEBUG: Scraped from <200 https://www.amazon.com/NORTY-Womens-Casual-Memory-41018-8B/product-reviews/B07QQFP6J5/ref=cm_cr_arp_d_paging_btm_16?ie=UTF8&pageNumber=16>
{'asin': 'B07QQFP6J5', 'text': 'I usually wear a 9 1/2 so I ordered a 9 and it was too tight. Ok so I’ll have to give them to my bestie and order the 10’s thinking they will be a little big but it would be ok and nope they are tight too. Barely could get my feet to slide into them. . Hopefully the more I wear them they will loosen up because they were going to charge me to return them. They do have memory foam that I liked.', 'title': 'If you can get the right size they might be OK', 'location_and_date': 'Reviewed in the United States 🇺🇸 on September 22, 2020', 'verified': True, 'rating': '2.0'}
2023-04-06 01:08:53 [scrapy] DEBUG: Scraped from <200 https://www.amazon.com/NORTY-Womens-Casual-Memory-41018-8B/product-reviews/B07QQFP6J5/ref=cm_cr_arp_d_paging_btm_16?ie=UTF8&pageNumber=16>
{'asin': 'B07QQFP6J5', 'text': 'I bought these because of the "supposed" memory foam. I have bone spurs and chronic tendonitis and needed something in a sandal that has memory foam. That\'s the whole reason I bought these. What they show in the picture is a complete misrepresentation! There is BARELY memory foam. I received them today and put them on and immediately my foot sunk down to the flat bottom of the sandal. If you are looking for something to comfort some kind of foot ailment, do not waste your money on these! I sure wish I hadn\'t! They are rock hard and extremely uncomfortable!!', 'title': 'SO disappointed!', 'location_and_date': 'Reviewed in the United States 🇺🇸 on April 27, 2022', 'verified': True, 'rating': '1.0'}
2023-04-06 01:08:53 [scrapy] DEBUG: Scraped from <200 https://www.amazon.com/NORTY-Womens-Casual-Memory-41018-8B/product-reviews/B07QQFP6J5/ref=cm_cr_arp_d_paging_btm_16?ie=UTF8&pageNumber=16>
{'asin': 'B07QQFP6J5', 'text': 'Good walking sandal', 'title': 'Comfortable', 'location_and_date': 'Reviewed in the United States 🇺🇸 on May 18, 2022', 'verified': True, 'rating': '5.0'}
2023-04-06 01:08:53 [scrapy] DEBUG: Scraped from <200 https://www.amazon.com/NORTY-Womens-Casual-Memory-41018-8B/product-reviews/B07QQFP6J5/ref=cm_cr_arp_d_paging_btm_16?ie=UTF8&pageNumber=16>
{'asin': 'B07QQFP6J5', 'text': 'everything was good', 'title': 'comfort', 'location_and_date': 'Reviewed in the United States 🇺🇸 on May 16, 2022', 'verified': True, 'rating': '5.0'}
2023-04-06 01:08:53 [scrapy] DEBUG: Scraped from <200 https://www.amazon.com/NORTY-Womens-Casual-Memory-41018-8B/product-reviews/B07QQFP6J5/ref=cm_cr_arp_d_paging_btm_16?ie=UTF8&pageNumber=16>
{'asin': 'B07QQFP6J5', 'text': 'Over all thickness and comfort are good. I just do not like the fact the straps are tight.', 'title': 'Over all not bad.', 'location_and_date': 'Reviewed in the United States 🇺🇸 on December 19, 2020', 'verified': True, 'rating': '3.0'}
2023-04-06 01:08:53 [scrapy] DEBUG: Scraped from <200 https://www.amazon.com/NORTY-Womens-Casual-Memory-41018-8B/product-reviews/B07QQFP6J5/ref=cm_cr_arp_d_paging_btm_16?ie=UTF8&pageNumber=16>
{'asin': 'B07QQFP6J5', 'text': 'With memory foam you want a size smaller so these running small seemed perfect. They are cheaply constructed. There is a lump in the seem on the underside of the  strap on one of them that presses into the bone on the top of my foot. So much so that it hurts. Even if I could wear them, I wouldn\'t expect them to last the entire summer season. Ordering a size bigger would make them sloppy on the foot after the memory foam "remembers" your foot. 👎', 'title': 'Do not recommend', 'location_and_date': 'Reviewed in the United States 🇺🇸 on June 21, 2022', 'verified': True, 'rating': '1.0'}
2023-04-06 01:08:53 [scrapy] DEBUG: Scraped from <200 https://www.amazon.com/NORTY-Womens-Casual-Memory-41018-8B/product-reviews/B07QQFP6J5/ref=cm_cr_arp_d_paging_btm_16?ie=UTF8&pageNumber=16>
{'asin': 'B07QQFP6J5', 'text': 'wife says they are her go-tos, they are sized small so order one size larger than shoe size.', 'title': 'flip flops', 'location_and_date': 'Reviewed in the United States 🇺🇸 on December 20, 2021', 'verified': True, 'rating': '5.0'}
2023-04-06 01:09:01 [scrapy] DEBUG: Crawled (404) <GET https://proxy.scrapeops.io/v1/?api_key=f1e5b680-4e01-4798-af3c-c8ec61777b72&url=https%3A%2F%2Fwww.amazon.com%2FNORTY-Womens-Casual-Memory-41018-8B%2Fproduct-reviews%2FB07QQFP6J5%2Fref%3Dcm_cr_arp_d_paging_btm_17%3Fie%3DUTF8%26pageNumber%3D17> (referer: https://www.amazon.com/NORTY-Womens-Casual-Memory-41018-8B/product-reviews/B07QQFP6J5/ref=cm_cr_arp_d_paging_btm_16?ie=UTF8&pageNumber=16)
2023-04-06 01:09:01 [scrapy] INFO: Ignoring response <404 https://www.amazon.com/NORTY-Womens-Casual-Memory-41018-8B/product-reviews/B07QQFP6J5/ref=cm_cr_arp_d_paging_btm_17?ie=UTF8&pageNumber=17>: HTTP status code is not handled or not allowed
2023-04-06 01:09:01 [scrapy] INFO: Closing spider (finished)
2023-04-06 01:09:01 [scrapy] INFO: Stored csv feed (160 items) in: data/amazon_reviews_2023-04-05T19-36-15.csv
2023-04-06 01:09:01 [scrapy] INFO: Dumping Scrapy stats:
{'downloader/request_bytes': 9494,
 'downloader/request_count': 17,
 'downloader/request_method_count/GET': 17,
 'downloader/response_bytes': 1793850,
 'downloader/response_count': 17,
 'downloader/response_status_count/200': 16,
 'downloader/response_status_count/404': 1,
 'elapsed_time_seconds': 166.22446,
 'feedexport/success_count/FileFeedStorage': 1,
 'finish_reason': 'finished',
 'finish_time': datetime.datetime(2023, 4, 5, 19, 39, 1, 731845),
 'httpcompression/response_bytes': 5772478,
 'httpcompression/response_count': 17,
 'httperror/response_ignored_count': 1,
 'httperror/response_ignored_status_count/404': 1,
 'item_scraped_count': 160,
 'log_count/DEBUG': 177,
 'log_count/INFO': 9,
 'log_count/WARNING': 1,
 'memusage/max': 125767680,
 'memusage/startup': 125767680,
 'request_depth_max': 16,
 'response_received_count': 17,
 'scheduler/dequeued': 34,
 'scheduler/dequeued/memory': 34,
 'scheduler/enqueued': 34,
 'scheduler/enqueued/memory': 34,
 'start_time': datetime.datetime(2023, 4, 5, 19, 36, 15, 507385)}
2023-04-06 01:09:01 [scrapy] INFO: Spider closed (finished)
