2023-03-28 01:23:29 [scrapy] DEBUG: Crawled (200) <GET https://proxy.scrapeops.io/v1/?api_key=f1e5b680-4e01-4798-af3c-c8ec61777b72&url=https%3A%2F%2Fwww.amazon.com%2Fproduct-reviews%2FB00NLZUM36%2F> (referer: None)
2023-03-28 01:23:29 [scrapy] DEBUG: Scraped from <200 https://www.amazon.com/product-reviews/B00NLZUM36/>
{'asin': 'B00NLZUM36', 'text': "The Redragon S101 Wired Gaming Keyboard and Mouse Combo is an affordable and high-performance gaming accessory set that comes with a RGB backlit gaming keyboard and a gaming mouse. I have used this combo extensively for gaming and work purposes and found it to be a great value for the price.The keyboard is a full-sized keyboard that features RGB backlighting with multiple customizable color options. The keys have a tactile and responsive feel, which is great for gamers who need quick and precise keystrokes. The keyboard also has 25 anti-ghosting keys, which means that multiple keys can be pressed at once without any interference or ghosting issues. Additionally, the keyboard has 12 multimedia keys that allow for quick and easy access to media functions.The mouse is designed specifically for gaming and features a comfortable ergonomic design that fits well in the hand. The mouse has six programmable buttons that can be customized to suit your gaming needs. The mouse also has adjustable DPI levels, ranging from 800 to 2,400, which is great for gamers who need quick and precise movements.One of the standout features of this combo is its compatibility with a wide range of operating systems, including Windows 10, Windows 8, Windows 7, and Mac OS. The combo is also easy to set up, and the plug-and-play design means that no additional software is required for installation.Overall, the Redragon S101 Wired Gaming Keyboard and Mouse Combo is a great value for gamers who are looking for a high-performance gaming accessory set that won't break the bank. The combo offers a range of features that are essential for gaming, including anti-ghosting keys, customizable RGB lighting, and adjustable DPI levels.", 'title': 'Works great', 'location_and_date': 'Reviewed in the United States on March 17, 2023', 'verified': True, 'rating': '5.0'}
2023-03-28 01:23:29 [scrapy] DEBUG: Scraped from <200 https://www.amazon.com/product-reviews/B00NLZUM36/>
{'asin': 'B00NLZUM36', 'text': "Product is awesome. Works fantastically. No issues at all, and functions as it's supposed to. My only complaint is how it was shipped. It was sent via USPS and not through Amazon itself, which caused a lot of problems. First, the package was way too big to fit inside a mailbox (obviously) but it also could not fit inside a parcel mailbox either, and I was forced to retrieve it from the post office. Items like this are better sent via Amazon's own delivery service, or Fedex, etc. USPS is not designed to deliver large packages. Otherwise, I am happy with my purchase.", 'title': 'Great keyboard. Issues with delivery.', 'location_and_date': 'Reviewed in the United States on March 1, 2023', 'verified': True, 'rating': '4.0'}
2023-03-28 01:23:29 [scrapy] DEBUG: Scraped from <200 https://www.amazon.com/product-reviews/B00NLZUM36/>
{'asin': 'B00NLZUM36', 'text': "Great product with a great price. Bought these for the kids computers and they haven't had any complaints with it. Good rgb color schemes.", 'title': 'Great product', 'location_and_date': 'Reviewed in the United States on March 22, 2023', 'verified': True, 'rating': '5.0'}
2023-03-28 01:23:29 [scrapy] DEBUG: Scraped from <200 https://www.amazon.com/product-reviews/B00NLZUM36/>
{'asin': 'B00NLZUM36', 'text': "the keyboard is actually decent but the mouse sensor is pretty dog water even for regular use.. i dont know if its cuz i dont have a mousepad but the mouse isn't great.edit: ok it turns out you need to put in the weights and get a book of a certain texture or a mousepad to make the sensor perform better.", 'title': 'its alright.', 'location_and_date': 'Reviewed in the United States on February 28, 2023', 'verified': True, 'rating': '4.0'}
2023-03-28 01:23:29 [scrapy] DEBUG: Scraped from <200 https://www.amazon.com/product-reviews/B00NLZUM36/>
{'asin': 'B00NLZUM36', 'text': "I'm not a gamer, so I can't attest to the gaming functionality of this board. But otherwise, it fills my hoem computing needs perfect. Nice keystrokes. Mouse fits me perfectly. No complaints!", 'title': 'Fills my needs just fine!', 'location_and_date': 'Reviewed in the United States on March 12, 2023', 'verified': True, 'rating': '5.0'}
2023-03-28 01:23:29 [scrapy] DEBUG: Scraped from <200 https://www.amazon.com/product-reviews/B00NLZUM36/>
{'asin': 'B00NLZUM36', 'text': "This is a great set for the money. You can't control the lights but it is a great keyboard regardless. The mouse is very smooth in regards to movement. It's not overly fancy but it gets the job done!", 'title': 'Works great!', 'location_and_date': 'Reviewed in the United States on March 7, 2023', 'verified': True, 'rating': '5.0'}
2023-03-28 01:23:29 [scrapy] DEBUG: Scraped from <200 https://www.amazon.com/product-reviews/B00NLZUM36/>
{'asin': 'B00NLZUM36', 'text': "Great RGB keyboard for the price. My son loves it. Only reason for the loss of a star is that the mouse isn't RGB and only lights up red, this is slightly aggravating to him but all in all you can't go wrong for the price", 'title': 'Nice setup', 'location_and_date': 'Reviewed in the United States on February 26, 2023', 'verified': True, 'rating': '4.0'}
2023-03-28 01:23:29 [scrapy] DEBUG: Scraped from <200 https://www.amazon.com/product-reviews/B00NLZUM36/>
{'asin': 'B00NLZUM36', 'text': 'just got it. time will tell. got it super quick and the price was very good.', 'title': 'just got. so far so good.', 'location_and_date': 'Reviewed in the United States on March 18, 2023', 'verified': True, 'rating': '5.0'}
2023-03-28 01:23:29 [scrapy] DEBUG: Scraped from <200 https://www.amazon.com/product-reviews/B00NLZUM36/>
{'asin': 'B00NLZUM36', 'text': 'I bought this for my son to play games and he loves it. It’s also affordable and comes with the mouse, which is decent too.', 'title': 'Works good and is affordable', 'location_and_date': 'Reviewed in the United States on March 10, 2023', 'verified': True, 'rating': '5.0'}
2023-03-28 01:23:29 [scrapy] DEBUG: Scraped from <200 https://www.amazon.com/product-reviews/B00NLZUM36/>
{'asin': 'B00NLZUM36', 'text': "Updated after enough use to adequately review 12/10/22:The keys are a tad bit too small. The mouse after one day - right mouse button sticks. I use it to toggle zoom so I don't press and hold it I just tap it. The left button does have a satisfying click and the resolution of the mouse improved gaming performance by an order of magnitude.Interesting but true - see picture - this keyboard has two R keys. The left R key is actually the E key.I can touch type on the keyboard but it takes some getting used to because of the small size of the keys and the smaller than usual spacing. I will live with it for a while but I should have bought a mechanical keyboard.This will definitely improve your gaming performance if you are currently using any form of wireless mouse. I was using Logitech M510 wireless gaming mouse and a Logitech ergonomic keyboard and they both experienced latency and connection issues.Overall very satisfied.", 'title': 'Great Upgrade at Great Price', 'location_and_date': 'Reviewed in the United States on December 9, 2022', 'verified': True, 'rating': '4.0'}
2023-03-28 01:24:18 [scrapy] DEBUG: Crawled (200) <GET https://proxy.scrapeops.io/v1/?api_key=f1e5b680-4e01-4798-af3c-c8ec61777b72&url=https%3A%2F%2Fwww.amazon.com%2FRedragon-S101-Keyboard-Ergonomic-Programmable%2Fproduct-reviews%2FB00NLZUM36%2Fref%3Dcm_cr_arp_d_paging_btm_2%3Fie%3DUTF8%26pageNumber%3D2> (referer: https://www.amazon.com/product-reviews/B00NLZUM36/)
2023-03-28 01:24:59 [scrapy] DEBUG: Crawled (200) <GET https://proxy.scrapeops.io/v1/?api_key=f1e5b680-4e01-4798-af3c-c8ec61777b72&url=https%3A%2F%2Fwww.amazon.com%2FRedragon-S101-Keyboard-Ergonomic-Programmable%2Fproduct-reviews%2FB00NLZUM36%2Fref%3Dcm_cr_arp_d_paging_btm_2%3Fie%3DUTF8%26pageNumber%3D2> (referer: https://www.amazon.com/Redragon-S101-Keyboard-Ergonomic-Programmable/product-reviews/B00NLZUM36/ref=cm_cr_arp_d_paging_btm_2?ie=UTF8&pageNumber=2)
2023-03-28 01:25:40 [scrapy] DEBUG: Crawled (200) <GET https://proxy.scrapeops.io/v1/?api_key=f1e5b680-4e01-4798-af3c-c8ec61777b72&url=https%3A%2F%2Fwww.amazon.com%2FRedragon-S101-Keyboard-Ergonomic-Programmable%2Fproduct-reviews%2FB00NLZUM36%2Fref%3Dcm_cr_arp_d_paging_btm_2%3Fie%3DUTF8%26pageNumber%3D2> (referer: https://www.amazon.com/Redragon-S101-Keyboard-Ergonomic-Programmable/product-reviews/B00NLZUM36/ref=cm_cr_arp_d_paging_btm_2?ie=UTF8&pageNumber=2)
2023-03-28 01:26:13 [scrapy] DEBUG: Crawled (200) <GET https://proxy.scrapeops.io/v1/?api_key=f1e5b680-4e01-4798-af3c-c8ec61777b72&url=https%3A%2F%2Fwww.amazon.com%2FRedragon-S101-Keyboard-Ergonomic-Programmable%2Fproduct-reviews%2FB00NLZUM36%2Fref%3Dcm_cr_arp_d_paging_btm_2%3Fie%3DUTF8%26pageNumber%3D2> (referer: https://www.amazon.com/Redragon-S101-Keyboard-Ergonomic-Programmable/product-reviews/B00NLZUM36/ref=cm_cr_arp_d_paging_btm_2?ie=UTF8&pageNumber=2)
2023-03-28 01:26:13 [scrapy] DEBUG: Scraped from <200 https://www.amazon.com/Redragon-S101-Keyboard-Ergonomic-Programmable/product-reviews/B00NLZUM36/ref=cm_cr_arp_d_paging_btm_2?ie=UTF8&pageNumber=2>
{'asin': 'B00NLZUM36', 'text': 'My GrandSon Loves the keyboard.', 'title': 'My GrandSon is Happy ❤️', 'location_and_date': 'Reviewed in the United States 🇺🇸 on March 20, 2023', 'verified': True, 'rating': '5.0'}
2023-03-28 01:26:13 [scrapy] DEBUG: Scraped from <200 https://www.amazon.com/Redragon-S101-Keyboard-Ergonomic-Programmable/product-reviews/B00NLZUM36/ref=cm_cr_arp_d_paging_btm_2?ie=UTF8&pageNumber=2>
{'asin': 'B00NLZUM36', 'text': 'My son uses this setup for his PC games.  he loves it.', 'title': 'the same as the expensive keyboards', 'location_and_date': 'Reviewed in the United States 🇺🇸 on March 14, 2023', 'verified': True, 'rating': '5.0'}
2023-03-28 01:26:13 [scrapy] DEBUG: Scraped from <200 https://www.amazon.com/Redragon-S101-Keyboard-Ergonomic-Programmable/product-reviews/B00NLZUM36/ref=cm_cr_arp_d_paging_btm_2?ie=UTF8&pageNumber=2>
{'asin': 'B00NLZUM36', 'text': 'The keys sound good the mouse is actually bigger than expected and clicks smoothly. Love the lights and dont have any problems with it.', 'title': 'Amazing', 'location_and_date': 'Reviewed in the United States 🇺🇸 on March 6, 2023', 'verified': True, 'rating': '5.0'}
2023-03-28 01:26:13 [scrapy] DEBUG: Scraped from <200 https://www.amazon.com/Redragon-S101-Keyboard-Ergonomic-Programmable/product-reviews/B00NLZUM36/ref=cm_cr_arp_d_paging_btm_2?ie=UTF8&pageNumber=2>
{'asin': 'B00NLZUM36', 'text': "You get what you pay for. Mouse dpi seems slow though. Couldn't adjust or it would have been 5 stars.", 'title': 'Great for the price', 'location_and_date': 'Reviewed in the United States 🇺🇸 on February 24, 2023', 'verified': True, 'rating': '4.0'}
2023-03-28 01:26:13 [scrapy] DEBUG: Scraped from <200 https://www.amazon.com/Redragon-S101-Keyboard-Ergonomic-Programmable/product-reviews/B00NLZUM36/ref=cm_cr_arp_d_paging_btm_2?ie=UTF8&pageNumber=2>
{'asin': 'B00NLZUM36', 'text': 'I have definitely enjoyed my purchase of the keyboard. It has exceeded all expectations. The mouse is awesome.', 'title': 'Great keyboard', 'location_and_date': 'Reviewed in the United States 🇺🇸 on March 6, 2023', 'verified': True, 'rating': '5.0'}
2023-03-28 01:26:13 [scrapy] DEBUG: Scraped from <200 https://www.amazon.com/Redragon-S101-Keyboard-Ergonomic-Programmable/product-reviews/B00NLZUM36/ref=cm_cr_arp_d_paging_btm_2?ie=UTF8&pageNumber=2>
{'asin': 'B00NLZUM36', 'text': "I like the keyboard and the mouse.  Probably more the mouse as it is just the colors I wanted the keyboard would be better if you could eliminate colors you don't want.  The different patterns are nice though.", 'title': 'Neat keyboard and mouse', 'location_and_date': 'Reviewed in the United States 🇺🇸 on February 18, 2023', 'verified': True, 'rating': '5.0'}
2023-03-28 01:26:13 [scrapy] DEBUG: Scraped from <200 https://www.amazon.com/Redragon-S101-Keyboard-Ergonomic-Programmable/product-reviews/B00NLZUM36/ref=cm_cr_arp_d_paging_btm_2?ie=UTF8&pageNumber=2>
{'asin': 'B00NLZUM36', 'text': 'This keyboard is smooth and easy to use. Colors are pretty bright. Easy to game with!', 'title': 'Smooth & Easy To Use', 'location_and_date': 'Reviewed in the United States 🇺🇸 on March 3, 2023', 'verified': True, 'rating': '5.0'}
2023-03-28 01:26:13 [scrapy] DEBUG: Scraped from <200 https://www.amazon.com/Redragon-S101-Keyboard-Ergonomic-Programmable/product-reviews/B00NLZUM36/ref=cm_cr_arp_d_paging_btm_2?ie=UTF8&pageNumber=2>
{'asin': 'B00NLZUM36', 'text': 'I like the different lighting functions, but honestly I don’t mess with the different functions too much. The mouse is smooth and fits nicely in my hand. The mouse goes on sporadically even when the computer is off, maybe I’m doing something wrong but I usually just unplug and plug back in. The keys on the keyboard are comfortable. Good set up.', 'title': 'Good keyboard', 'location_and_date': 'Reviewed in the United States 🇺🇸 on February 5, 2023', 'verified': True, 'rating': '5.0'}
2023-03-28 01:26:13 [scrapy] DEBUG: Scraped from <200 https://www.amazon.com/Redragon-S101-Keyboard-Ergonomic-Programmable/product-reviews/B00NLZUM36/ref=cm_cr_arp_d_paging_btm_2?ie=UTF8&pageNumber=2>
{'asin': 'B00NLZUM36', 'text': 'Kind of soft / quiet keys, yet appears tough. No complains.', 'title': 'no issues', 'location_and_date': 'Reviewed in the United States 🇺🇸 on March 6, 2023', 'verified': True, 'rating': '5.0'}
2023-03-28 01:26:13 [scrapy] DEBUG: Scraped from <200 https://www.amazon.com/Redragon-S101-Keyboard-Ergonomic-Programmable/product-reviews/B00NLZUM36/ref=cm_cr_arp_d_paging_btm_2?ie=UTF8&pageNumber=2>
{'asin': 'B00NLZUM36', 'text': 'Estoy satisfecha con la compra, se puede modificar fácil la intensidad y color de las teclas hasta el momento ha funcionado muy bien, tanto el teclado, como el mouse. Puedo digitar a buena velocidad sin ghosting.', 'title': 'Tal como se promociona, el sonido de las teclas es discreto, pero satisfactorio', 'location_and_date': 'Reviewed in the United States 🇺🇸 on February 13, 2023', 'verified': True, 'rating': '5.0'}
2023-03-28 01:26:30 [scrapy] DEBUG: Crawled (404) <GET https://proxy.scrapeops.io/v1/?api_key=f1e5b680-4e01-4798-af3c-c8ec61777b72&url=https%3A%2F%2Fwww.amazon.com%2FRedragon-S101-Keyboard-Ergonomic-Programmable%2Fproduct-reviews%2FB00NLZUM36%2Fref%3Dcm_cr_arp_d_paging_btm_3%3Fie%3DUTF8%26pageNumber%3D3> (referer: https://www.amazon.com/Redragon-S101-Keyboard-Ergonomic-Programmable/product-reviews/B00NLZUM36/ref=cm_cr_arp_d_paging_btm_2?ie=UTF8&pageNumber=2)
2023-03-28 01:26:30 [scrapy] INFO: Ignoring response <404 https://www.amazon.com/Redragon-S101-Keyboard-Ergonomic-Programmable/product-reviews/B00NLZUM36/ref=cm_cr_arp_d_paging_btm_3?ie=UTF8&pageNumber=3>: HTTP status code is not handled or not allowed
2023-03-28 01:26:30 [scrapy] INFO: Closing spider (finished)
2023-03-28 01:26:30 [scrapy] INFO: Stored csv feed (20 items) in: data/amazon_reviews_2023-03-27T19-53-10.csv
2023-03-28 01:26:30 [scrapy] INFO: Dumping Scrapy stats:
{'downloader/request_bytes': 3218,
 'downloader/request_count': 6,
 'downloader/request_method_count/GET': 6,
 'downloader/response_bytes': 384615,
 'downloader/response_count': 6,
 'downloader/response_status_count/200': 5,
 'downloader/response_status_count/404': 1,
 'elapsed_time_seconds': 200.43026,
 'feedexport/success_count/FileFeedStorage': 1,
 'finish_reason': 'finished',
 'finish_time': datetime.datetime(2023, 3, 27, 19, 56, 30, 470589),
 'httpcompression/response_bytes': 1084565,
 'httpcompression/response_count': 6,
 'httperror/response_ignored_count': 1,
 'httperror/response_ignored_status_count/404': 1,
 'item_scraped_count': 20,
 'log_count/DEBUG': 60,
 'log_count/INFO': 15,
 'log_count/WARNING': 2,
 'memusage/max': 85303296,
 'memusage/startup': 74686464,
 'request_depth_max': 5,
 'response_received_count': 6,
 'scheduler/dequeued': 12,
 'scheduler/dequeued/memory': 12,
 'scheduler/enqueued': 12,
 'scheduler/enqueued/memory': 12,
 'start_time': datetime.datetime(2023, 3, 27, 19, 53, 10, 40329)}
2023-03-28 01:26:30 [scrapy] INFO: Spider closed (finished)
