2023-04-06 00:18:08 [scrapy] DEBUG: Crawled (200) <GET https://proxy.scrapeops.io/v1/?api_key=f1e5b680-4e01-4798-af3c-c8ec61777b72&url=https%3A%2F%2Fwww.amazon.com%2Fproduct-reviews%2FB091BCCTND%2F> (referer: None)
2023-04-06 00:18:09 [scrapy] DEBUG: Scraped from <200 https://www.amazon.com/product-reviews/B091BCCTND/>
{'asin': 'B091BCCTND', 'text': "I had previously owned a ReDragon keyboard and mouse combo, but it was wired and didn't have the number pad either. So while building my new computer, I decided to purchase a wireless keyboard/mouse combo. I ordered from a name I never heard of before. Big mistake. The keyboard and mouse were cheap and did not work as advertised. I then found a ReDragon wireless keyboard/mouse combo and quickly decided to buy it.This combo is solid and well built and works quite well. The one and only drawback is that the mouse requires 2 AA batteries. The keyboard charges with a USB cable. I was hoping that the mouse would also charge with a USB cable. But all in all, I'd recommend this set to anyone looking at it.", 'title': 'Love ReDragon keyboard and mouse', 'location_and_date': 'Reviewed in the United States 🇺🇸 on March 29, 2023', 'verified': True, 'rating': '5.0'}
2023-04-06 00:18:09 [scrapy] DEBUG: Scraped from <200 https://www.amazon.com/product-reviews/B091BCCTND/>
{'asin': 'B091BCCTND', 'text': '...it works. The mouse has nice weight to it with two AA batteries inside. (batteries not included) The mouse is excellent. 5 DPI settings. ECO mode. Just the right button touch. Easy scrolling wheel. I have large hands, all the buttons are in just the right place.I like the keyboard but I wish it were brighter. 8 colors. 5 brightness levels. Media player controls. Other convenient hotkeys.This a decent wireless m/k combo with a reasonable price point. Recommended.', 'title': 'Not the best, but...', 'location_and_date': 'Reviewed in the United States 🇺🇸 on February 1, 2023', 'verified': True, 'rating': '4.0'}
2023-04-06 00:18:09 [scrapy] DEBUG: Scraped from <200 https://www.amazon.com/product-reviews/B091BCCTND/>
{'asin': 'B091BCCTND', 'text': "I have this for a few months and while the RGB works well I've noticed some slight slipping in the keyboard and mouse after 4 months of use. This combo is my daily driver for my PC and I use my PC both for gaming and business. If you do a lot of gaming spend the extra money and get a TRUE mechanical keyboard and mouse. If you just using it for standard 9-5 type of work this will suit your needs no problem.", 'title': 'Good but slight slipping', 'location_and_date': 'Reviewed in the United States 🇺🇸 on December 12, 2022', 'verified': True, 'rating': '4.0'}
2023-04-06 00:18:09 [scrapy] DEBUG: Scraped from <200 https://www.amazon.com/product-reviews/B091BCCTND/>
{'asin': 'B091BCCTND', 'text': 'The media could not be loaded.\n                \n            \n                \n            \n            \n        \n    \n    \n\n\n\n\n\n\n\n\n  \n  \n    \xa0I play Genshin Impact and will admit I’m not that great, but I can spam the buttons and it didn’t affect the keyboard. I used to have the other brand you can get at all electronics stores and would go through those every 6 months… but I’ve had this now for a month and it’s still going strong!The internal battery life of the keyboard however is lacking. I also use it for work and it only lasted 24-25 hours when I left it unplugged.  -Ain’t nobody got time to charge that- so now I leave it plugged in all the time. No place to put batteries in.The mouse is freaking crazy awesome in battery life. I set off batteries and it’s still going strong. (I do turn both off when I’m done for the day) One thing I didn’t like so much was the sensitivity of the mouse when it first arrived but that has gone away now.Overall I’m happy with the purchase. And for the price? I just hope it lasts a year…', 'title': 'Not so wireless', 'location_and_date': 'Reviewed in the United States 🇺🇸 on September 10, 2022', 'verified': True, 'rating': '4.0'}
2023-04-06 00:18:09 [scrapy] DEBUG: Scraped from <200 https://www.amazon.com/product-reviews/B091BCCTND/>
{'asin': 'B091BCCTND', 'text': 'The mouse is fine but the keyboard quality is not great and has very short range. I bought these to use on my coffee table to run my PC connected to my TV. The keyboard does not work more than maybe 6ft from the PC.', 'title': 'Very short range', 'location_and_date': 'Reviewed in the United States 🇺🇸 on March 3, 2023', 'verified': True, 'rating': '3.0'}
2023-04-06 00:18:09 [scrapy] DEBUG: Scraped from <200 https://www.amazon.com/product-reviews/B091BCCTND/>
{'asin': 'B091BCCTND', 'text': 'Great combo set for the price. Easy set up.', 'title': 'Great for the price', 'location_and_date': 'Reviewed in the United States 🇺🇸 on February 15, 2023', 'verified': True, 'rating': '5.0'}
2023-04-06 00:18:09 [scrapy] DEBUG: Scraped from <200 https://www.amazon.com/product-reviews/B091BCCTND/>
{'asin': 'B091BCCTND', 'text': 'A lot of ppl complained about this shutting off but i like it because u dont have to worry about the battery draining everyday. All u have to do is push any button and its ready with no delay. Not too bright but bright enough, different color settings, music controls work awesome. Only thing is i wish it had a bigger battery lol but i dont ever want to charge it.', 'title': 'Worth it', 'location_and_date': 'Reviewed in the United States 🇺🇸 on December 12, 2022', 'verified': True, 'rating': '5.0'}
2023-04-06 00:18:09 [scrapy] DEBUG: Scraped from <200 https://www.amazon.com/product-reviews/B091BCCTND/>
{'asin': 'B091BCCTND', 'text': 'Company is so great the threw in scratches for free!! 😆Other than the damage in shipping this works great dor what o needed.', 'title': 'Free Scratches!', 'location_and_date': 'Reviewed in the United States 🇺🇸 on November 30, 2022', 'verified': True, 'rating': '3.0'}
2023-04-06 00:18:09 [scrapy] DEBUG: Scraped from <200 https://www.amazon.com/product-reviews/B091BCCTND/>
{'asin': 'B091BCCTND', 'text': "I really enjoyed the whole setup when it all worked. Constant issue I did have, was the keyboard would die so quickly. I get the RGB, but way too often compared to battery powered keyboards. Mind you this keyboard is charging only, but the accompanied mouse is battery. Sad to say, but I feel it didn't live up to expectations.", 'title': 'Keyboard dead 7 months', 'location_and_date': 'Reviewed in the United States 🇺🇸 on February 22, 2023', 'verified': True, 'rating': '2.0'}
2023-04-06 00:18:09 [scrapy] DEBUG: Scraped from <200 https://www.amazon.com/product-reviews/B091BCCTND/>
{'asin': 'B091BCCTND', 'text': 'I absolutely love this keyboard and mouse set. I’ve used Redragon previously with a wired set and now this wireless set.I work from home and the keyboard gives me a 5 day work week worth of charge with 10+ hours (I typically don’t take a lunch away from my computer) going at it in on an average day. I like that it’s mechanical without a large raise of keys.', 'title': 'Love this keyboard', 'location_and_date': 'Reviewed in the United States 🇺🇸 on October 3, 2022', 'verified': True, 'rating': '5.0'}
2023-04-06 00:18:44 [scrapy] DEBUG: Crawled (200) <GET https://proxy.scrapeops.io/v1/?api_key=f1e5b680-4e01-4798-af3c-c8ec61777b72&url=https%3A%2F%2Fwww.amazon.com%2Fap%2Fsignin%3Fopenid.return_to%3Dhttps%253A%252F%252Fwww.amazon.com%252FRedragon-Wireless-Keyboard-Backlit-Illuminated%252Fproduct-reviews%252FB091BCCTND%253Fie%253DUTF8%2526pageNumber%253D2%26openid.identity%3Dhttp%253A%252F%252Fspecs.openid.net%252Fauth%252F2.0%252Fidentifier_select%26openid.assoc_handle%3Dusflex%26openid.mode%3Dcheckid_setup%26marketPlaceId%3DATVPDKIKX0DER%26language%3Den%26openid.claimed_id%3Dhttp%253A%252F%252Fspecs.openid.net%252Fauth%252F2.0%252Fidentifier_select%26openid.ns%3Dhttp%253A%252F%252Fspecs.openid.net%252Fauth%252F2.0> (referer: https://www.amazon.com/product-reviews/B091BCCTND/)
2023-04-06 00:19:26 [scrapy] DEBUG: Crawled (200) <GET https://proxy.scrapeops.io/v1/?api_key=f1e5b680-4e01-4798-af3c-c8ec61777b72&url=https%3A%2F%2Fwww.amazon.com%2Fap%2Fsignin%3Fopenid.return_to%3Dhttps%253A%252F%252Fwww.amazon.com%252FRedragon-Wireless-Keyboard-Backlit-Illuminated%252Fproduct-reviews%252FB091BCCTND%253Fie%253DUTF8%2526pageNumber%253D2%26openid.identity%3Dhttp%253A%252F%252Fspecs.openid.net%252Fauth%252F2.0%252Fidentifier_select%26openid.assoc_handle%3Dusflex%26openid.mode%3Dcheckid_setup%26marketPlaceId%3DATVPDKIKX0DER%26language%3Den%26openid.claimed_id%3Dhttp%253A%252F%252Fspecs.openid.net%252Fauth%252F2.0%252Fidentifier_select%26openid.ns%3Dhttp%253A%252F%252Fspecs.openid.net%252Fauth%252F2.0> (referer: https://www.amazon.com/ap/signin?openid.return_to=https%3A%2F%2Fwww.amazon.com%2FRedragon-Wireless-Keyboard-Backlit-Illuminated%2Fproduct-reviews%2FB091BCCTND%3Fie%3DUTF8%26pageNumber%3D2&openid.identity=http%3A%2F%2Fspecs.openid.net%2Fauth%2F2.0%2Fidentifier_select&openid.assoc_handle=usflex&openid.mode=checkid_setup&marketPlaceId=ATVPDKIKX0DER&language=en&openid.claimed_id=http%3A%2F%2Fspecs.openid.net%2Fauth%2F2.0%2Fidentifier_select&openid.ns=http%3A%2F%2Fspecs.openid.net%2Fauth%2F2.0)
2023-04-06 00:19:29 [scrapeops_scrapy.middleware.retry] DEBUG: Retrying <GET https://proxy.scrapeops.io/v1/?api_key=f1e5b680-4e01-4798-af3c-c8ec61777b72&url=https%3A%2F%2Fwww.amazon.com%2Fap%2Fsignin%3Fopenid.return_to%3Dhttps%253A%252F%252Fwww.amazon.com%252FRedragon-Wireless-Keyboard-Backlit-Illuminated%252Fproduct-reviews%252FB091BCCTND%253Fie%253DUTF8%2526pageNumber%253D2%26openid.identity%3Dhttp%253A%252F%252Fspecs.openid.net%252Fauth%252F2.0%252Fidentifier_select%26openid.assoc_handle%3Dusflex%26openid.mode%3Dcheckid_setup%26marketPlaceId%3DATVPDKIKX0DER%26language%3Den%26openid.claimed_id%3Dhttp%253A%252F%252Fspecs.openid.net%252Fauth%252F2.0%252Fidentifier_select%26openid.ns%3Dhttp%253A%252F%252Fspecs.openid.net%252Fauth%252F2.0> (failed 1 times): 502 Bad Gateway
2023-04-06 00:19:30 [scrapeops_scrapy.middleware.retry] DEBUG: Retrying <GET https://proxy.scrapeops.io/v1/?api_key=f1e5b680-4e01-4798-af3c-c8ec61777b72&url=https%3A%2F%2Fwww.amazon.com%2Fap%2Fsignin%3Fopenid.return_to%3Dhttps%253A%252F%252Fwww.amazon.com%252FRedragon-Wireless-Keyboard-Backlit-Illuminated%252Fproduct-reviews%252FB091BCCTND%253Fie%253DUTF8%2526pageNumber%253D2%26openid.identity%3Dhttp%253A%252F%252Fspecs.openid.net%252Fauth%252F2.0%252Fidentifier_select%26openid.assoc_handle%3Dusflex%26openid.mode%3Dcheckid_setup%26marketPlaceId%3DATVPDKIKX0DER%26language%3Den%26openid.claimed_id%3Dhttp%253A%252F%252Fspecs.openid.net%252Fauth%252F2.0%252Fidentifier_select%26openid.ns%3Dhttp%253A%252F%252Fspecs.openid.net%252Fauth%252F2.0> (failed 2 times): 503 Service Unavailable
2023-04-06 00:19:30 [scrapeops_scrapy.middleware.retry] ERROR: Gave up retrying <GET https://proxy.scrapeops.io/v1/?api_key=f1e5b680-4e01-4798-af3c-c8ec61777b72&url=https%3A%2F%2Fwww.amazon.com%2Fap%2Fsignin%3Fopenid.return_to%3Dhttps%253A%252F%252Fwww.amazon.com%252FRedragon-Wireless-Keyboard-Backlit-Illuminated%252Fproduct-reviews%252FB091BCCTND%253Fie%253DUTF8%2526pageNumber%253D2%26openid.identity%3Dhttp%253A%252F%252Fspecs.openid.net%252Fauth%252F2.0%252Fidentifier_select%26openid.assoc_handle%3Dusflex%26openid.mode%3Dcheckid_setup%26marketPlaceId%3DATVPDKIKX0DER%26language%3Den%26openid.claimed_id%3Dhttp%253A%252F%252Fspecs.openid.net%252Fauth%252F2.0%252Fidentifier_select%26openid.ns%3Dhttp%253A%252F%252Fspecs.openid.net%252Fauth%252F2.0> (failed 3 times): 503 Service Unavailable
2023-04-06 00:19:30 [scrapy] DEBUG: Crawled (503) <GET https://proxy.scrapeops.io/v1/?api_key=f1e5b680-4e01-4798-af3c-c8ec61777b72&url=https%3A%2F%2Fwww.amazon.com%2Fap%2Fsignin%3Fopenid.return_to%3Dhttps%253A%252F%252Fwww.amazon.com%252FRedragon-Wireless-Keyboard-Backlit-Illuminated%252Fproduct-reviews%252FB091BCCTND%253Fie%253DUTF8%2526pageNumber%253D2%26openid.identity%3Dhttp%253A%252F%252Fspecs.openid.net%252Fauth%252F2.0%252Fidentifier_select%26openid.assoc_handle%3Dusflex%26openid.mode%3Dcheckid_setup%26marketPlaceId%3DATVPDKIKX0DER%26language%3Den%26openid.claimed_id%3Dhttp%253A%252F%252Fspecs.openid.net%252Fauth%252F2.0%252Fidentifier_select%26openid.ns%3Dhttp%253A%252F%252Fspecs.openid.net%252Fauth%252F2.0> (referer: https://www.amazon.com/ap/signin?openid.return_to=https%3A%2F%2Fwww.amazon.com%2FRedragon-Wireless-Keyboard-Backlit-Illuminated%2Fproduct-reviews%2FB091BCCTND%3Fie%3DUTF8%26pageNumber%3D2&openid.identity=http%3A%2F%2Fspecs.openid.net%2Fauth%2F2.0%2Fidentifier_select&openid.assoc_handle=usflex&openid.mode=checkid_setup&marketPlaceId=ATVPDKIKX0DER&language=en&openid.claimed_id=http%3A%2F%2Fspecs.openid.net%2Fauth%2F2.0%2Fidentifier_select&openid.ns=http%3A%2F%2Fspecs.openid.net%2Fauth%2F2.0)
2023-04-06 00:19:30 [scrapy] INFO: Ignoring response <503 https://www.amazon.com/ap/signin?openid.return_to=https%3A%2F%2Fwww.amazon.com%2FRedragon-Wireless-Keyboard-Backlit-Illuminated%2Fproduct-reviews%2FB091BCCTND%3Fie%3DUTF8%26pageNumber%3D2&openid.identity=http%3A%2F%2Fspecs.openid.net%2Fauth%2F2.0%2Fidentifier_select&openid.assoc_handle=usflex&openid.mode=checkid_setup&marketPlaceId=ATVPDKIKX0DER&language=en&openid.claimed_id=http%3A%2F%2Fspecs.openid.net%2Fauth%2F2.0%2Fidentifier_select&openid.ns=http%3A%2F%2Fspecs.openid.net%2Fauth%2F2.0>: HTTP status code is not handled or not allowed
2023-04-06 00:19:30 [scrapy] INFO: Closing spider (finished)
2023-04-06 00:19:30 [scrapy] INFO: Stored csv feed (10 items) in: data/amazon_reviews_2023-04-05T18-47-50.csv
2023-04-06 00:19:30 [scrapy] INFO: Dumping Scrapy stats:
{'downloader/request_bytes': 6710,
 'downloader/request_count': 6,
 'downloader/request_method_count/GET': 6,
 'downloader/response_bytes': 205427,
 'downloader/response_count': 6,
 'downloader/response_status_count/200': 3,
 'downloader/response_status_count/502': 1,
 'downloader/response_status_count/503': 2,
 'elapsed_time_seconds': 100.396877,
 'feedexport/success_count/FileFeedStorage': 1,
 'finish_reason': 'finished',
 'finish_time': datetime.datetime(2023, 4, 5, 18, 49, 30, 680344),
 'httpcompression/response_bytes': 559613,
 'httpcompression/response_count': 3,
 'httperror/response_ignored_count': 1,
 'httperror/response_ignored_status_count/503': 1,
 'item_scraped_count': 10,
 'log_count/DEBUG': 16,
 'log_count/ERROR': 1,
 'log_count/INFO': 9,
 'log_count/WARNING': 1,
 'memusage/max': 98820096,
 'memusage/startup': 98009088,
 'request_depth_max': 3,
 'response_received_count': 4,
 'retry/count': 2,
 'retry/max_reached': 1,
 'retry/reason_count/502 Bad Gateway': 1,
 'retry/reason_count/503 Service Unavailable': 1,
 'scheduler/dequeued': 10,
 'scheduler/dequeued/memory': 10,
 'scheduler/enqueued': 10,
 'scheduler/enqueued/memory': 10,
 'start_time': datetime.datetime(2023, 4, 5, 18, 47, 50, 283467)}
2023-04-06 00:19:30 [scrapy] INFO: Spider closed (finished)
