2023-04-06 00:06:33 [scrapy] DEBUG: Crawled (200) <GET https://proxy.scrapeops.io/v1/?api_key=f1e5b680-4e01-4798-af3c-c8ec61777b72&url=https%3A%2F%2Fwww.amazon.com%2Fproduct-reviews%2FB091BCCTND%2F> (referer: None)
2023-04-06 00:06:33 [scrapy] DEBUG: Scraped from <200 https://www.amazon.com/product-reviews/B091BCCTND/>
{'asin': 'B091BCCTND', 'text': "I had previously owned a ReDragon keyboard and mouse combo, but it was wired and didn't have the number pad either. So while building my new computer, I decided to purchase a wireless keyboard/mouse combo. I ordered from a name I never heard of before. Big mistake. The keyboard and mouse were cheap and did not work as advertised. I then found a ReDragon wireless keyboard/mouse combo and quickly decided to buy it.This combo is solid and well built and works quite well. The one and only drawback is that the mouse requires 2 AA batteries. The keyboard charges with a USB cable. I was hoping that the mouse would also charge with a USB cable. But all in all, I'd recommend this set to anyone looking at it.", 'title': 'Love ReDragon keyboard and mouse', 'location_and_date': 'Reviewed in the United States 🇺🇸 on March 29, 2023', 'verified': True, 'rating': '5.0'}
2023-04-06 00:06:33 [scrapy] DEBUG: Scraped from <200 https://www.amazon.com/product-reviews/B091BCCTND/>
{'asin': 'B091BCCTND', 'text': '...it works. The mouse has nice weight to it with two AA batteries inside. (batteries not included) The mouse is excellent. 5 DPI settings. ECO mode. Just the right button touch. Easy scrolling wheel. I have large hands, all the buttons are in just the right place.I like the keyboard but I wish it were brighter. 8 colors. 5 brightness levels. Media player controls. Other convenient hotkeys.This a decent wireless m/k combo with a reasonable price point. Recommended.', 'title': 'Not the best, but...', 'location_and_date': 'Reviewed in the United States 🇺🇸 on February 1, 2023', 'verified': True, 'rating': '4.0'}
2023-04-06 00:06:33 [scrapy] DEBUG: Scraped from <200 https://www.amazon.com/product-reviews/B091BCCTND/>
{'asin': 'B091BCCTND', 'text': "I have this for a few months and while the RGB works well I've noticed some slight slipping in the keyboard and mouse after 4 months of use. This combo is my daily driver for my PC and I use my PC both for gaming and business. If you do a lot of gaming spend the extra money and get a TRUE mechanical keyboard and mouse. If you just using it for standard 9-5 type of work this will suit your needs no problem.", 'title': 'Good but slight slipping', 'location_and_date': 'Reviewed in the United States 🇺🇸 on December 12, 2022', 'verified': True, 'rating': '4.0'}
2023-04-06 00:06:33 [scrapy] DEBUG: Scraped from <200 https://www.amazon.com/product-reviews/B091BCCTND/>
{'asin': 'B091BCCTND', 'text': 'The media could not be loaded.\n                \n            \n                \n            \n            \n        \n    \n    \n\n\n\n\n\n\n\n\n  \n  \n    \xa0I play Genshin Impact and will admit I’m not that great, but I can spam the buttons and it didn’t affect the keyboard. I used to have the other brand you can get at all electronics stores and would go through those every 6 months… but I’ve had this now for a month and it’s still going strong!The internal battery life of the keyboard however is lacking. I also use it for work and it only lasted 24-25 hours when I left it unplugged.  -Ain’t nobody got time to charge that- so now I leave it plugged in all the time. No place to put batteries in.The mouse is freaking crazy awesome in battery life. I set off batteries and it’s still going strong. (I do turn both off when I’m done for the day) One thing I didn’t like so much was the sensitivity of the mouse when it first arrived but that has gone away now.Overall I’m happy with the purchase. And for the price? I just hope it lasts a year…', 'title': 'Not so wireless', 'location_and_date': 'Reviewed in the United States 🇺🇸 on September 10, 2022', 'verified': True, 'rating': '4.0'}
2023-04-06 00:06:33 [scrapy] DEBUG: Scraped from <200 https://www.amazon.com/product-reviews/B091BCCTND/>
{'asin': 'B091BCCTND', 'text': 'The mouse is fine but the keyboard quality is not great and has very short range. I bought these to use on my coffee table to run my PC connected to my TV. The keyboard does not work more than maybe 6ft from the PC.', 'title': 'Very short range', 'location_and_date': 'Reviewed in the United States 🇺🇸 on March 3, 2023', 'verified': True, 'rating': '3.0'}
2023-04-06 00:06:33 [scrapy] DEBUG: Scraped from <200 https://www.amazon.com/product-reviews/B091BCCTND/>
{'asin': 'B091BCCTND', 'text': 'Great combo set for the price. Easy set up.', 'title': 'Great for the price', 'location_and_date': 'Reviewed in the United States 🇺🇸 on February 15, 2023', 'verified': True, 'rating': '5.0'}
2023-04-06 00:06:33 [scrapy] DEBUG: Scraped from <200 https://www.amazon.com/product-reviews/B091BCCTND/>
{'asin': 'B091BCCTND', 'text': 'A lot of ppl complained about this shutting off but i like it because u dont have to worry about the battery draining everyday. All u have to do is push any button and its ready with no delay. Not too bright but bright enough, different color settings, music controls work awesome. Only thing is i wish it had a bigger battery lol but i dont ever want to charge it.', 'title': 'Worth it', 'location_and_date': 'Reviewed in the United States 🇺🇸 on December 12, 2022', 'verified': True, 'rating': '5.0'}
2023-04-06 00:06:33 [scrapy] DEBUG: Scraped from <200 https://www.amazon.com/product-reviews/B091BCCTND/>
{'asin': 'B091BCCTND', 'text': 'Company is so great the threw in scratches for free!! 😆Other than the damage in shipping this works great dor what o needed.', 'title': 'Free Scratches!', 'location_and_date': 'Reviewed in the United States 🇺🇸 on November 30, 2022', 'verified': True, 'rating': '3.0'}
2023-04-06 00:06:33 [scrapy] DEBUG: Scraped from <200 https://www.amazon.com/product-reviews/B091BCCTND/>
{'asin': 'B091BCCTND', 'text': "I really enjoyed the whole setup when it all worked. Constant issue I did have, was the keyboard would die so quickly. I get the RGB, but way too often compared to battery powered keyboards. Mind you this keyboard is charging only, but the accompanied mouse is battery. Sad to say, but I feel it didn't live up to expectations.", 'title': 'Keyboard dead 7 months', 'location_and_date': 'Reviewed in the United States 🇺🇸 on February 22, 2023', 'verified': True, 'rating': '2.0'}
2023-04-06 00:06:33 [scrapy] DEBUG: Scraped from <200 https://www.amazon.com/product-reviews/B091BCCTND/>
{'asin': 'B091BCCTND', 'text': 'I absolutely love this keyboard and mouse set. I’ve used Redragon previously with a wired set and now this wireless set.I work from home and the keyboard gives me a 5 day work week worth of charge with 10+ hours (I typically don’t take a lunch away from my computer) going at it in on an average day. I like that it’s mechanical without a large raise of keys.', 'title': 'Love this keyboard', 'location_and_date': 'Reviewed in the United States 🇺🇸 on October 3, 2022', 'verified': True, 'rating': '5.0'}
2023-04-06 00:06:37 [scrapy] DEBUG: Crawled (200) <GET https://proxy.scrapeops.io/v1/?api_key=f1e5b680-4e01-4798-af3c-c8ec61777b72&url=https%3A%2F%2Fwww.amazon.com%2FRedragon-Wireless-Keyboard-Backlit-Illuminated%2Fproduct-reviews%2FB091BCCTND%2Fref%3Dcm_cr_arp_d_paging_btm_2%3Fie%3DUTF8%26pageNumber%3D2> (referer: https://www.amazon.com/product-reviews/B091BCCTND/)
2023-04-06 00:06:37 [scrapy] DEBUG: Scraped from <200 https://www.amazon.com/Redragon-Wireless-Keyboard-Backlit-Illuminated/product-reviews/B091BCCTND/ref=cm_cr_arp_d_paging_btm_2?ie=UTF8&pageNumber=2>
{'asin': 'B091BCCTND', 'text': "The light for the keyboard shuts off after 55 seconds of inactivity meaning after the last key is hit. Not a big deal if using during the day or where there is light. Once it's dark it becomes an issue. Most games do not require you to use the keyboard constantly. For example an rpg where you use the mouse to go through the inventory or other instances where you need to only use the mouse. You have to hit a key to light it back up which can be problematic if you hit the wrong key and ruin what you are trying to accomplish in the game. Also th mouse doesn't slide smoothly. It's very difficult to get an accurate shot when you need to move the cross hair just a tiny bit and can't. Also in order to wake up the mouse you have to click the button which is usually the attack or shoot buttons. Not good for gaming. Most I've used all you have to do is move the mouse not accidentally shoot or hit something becauseyou have to click the mouse buttons to wake it up. I could go on and on. It's not a terrible keyboard and mouse but it's definitely not a gaming setup. I've used many set-ups and this is one that I would never buy again.", 'title': 'Not a good gaming setup', 'location_and_date': 'Reviewed in the United States on January 22, 2022', 'verified': True, 'rating': '2.0'}
2023-04-06 00:06:37 [scrapy] DEBUG: Scraped from <200 https://www.amazon.com/Redragon-Wireless-Keyboard-Backlit-Illuminated/product-reviews/B091BCCTND/ref=cm_cr_arp_d_paging_btm_2?ie=UTF8&pageNumber=2>
{'asin': 'B091BCCTND', 'text': "It's A Great Gaming Keyboard And Mouse The LEDs On It Aren't The Brightest I Could Be Wrong. Comes With It's USB C Charges Nicely. Mouse Has Settings For Sensitivity Which Is Nice And Such. Overall Not A Bad Gaming Keyboard If You're On A Budget!", 'title': 'Great For Gaming And Work LEDs Not The Brightest', 'location_and_date': 'Reviewed in the United States on November 7, 2022', 'verified': True, 'rating': '5.0'}
2023-04-06 00:06:37 [scrapy] DEBUG: Scraped from <200 https://www.amazon.com/Redragon-Wireless-Keyboard-Backlit-Illuminated/product-reviews/B091BCCTND/ref=cm_cr_arp_d_paging_btm_2?ie=UTF8&pageNumber=2>
{'asin': 'B091BCCTND', 'text': 'Works well far away. Near silent typing. Definitely not the brightest keyboard 😑 bit for what I need it for it works well', 'title': 'Great budget', 'location_and_date': 'Reviewed in the United States on December 1, 2022', 'verified': True, 'rating': '5.0'}
2023-04-06 00:06:37 [scrapy] DEBUG: Scraped from <200 https://www.amazon.com/Redragon-Wireless-Keyboard-Backlit-Illuminated/product-reviews/B091BCCTND/ref=cm_cr_arp_d_paging_btm_2?ie=UTF8&pageNumber=2>
{'asin': 'B091BCCTND', 'text': 'After 4 months the mouse wheel has stopped working properly, it skips around very fast when scrolling randomly.  Sometimes it jumps the mouse pointer across the screen.  I thought I would be able to game with this but that is a big no!  I realized that as soon as I got it but decided to keep it for scrolling the web from my couch (about 12ft away).  Still hard to do that at times with the mouse jumping around.', 'title': 'Get something different!', 'location_and_date': 'Reviewed in the United States on February 5, 2023', 'verified': True, 'rating': '1.0'}
2023-04-06 00:06:37 [scrapy] DEBUG: Scraped from <200 https://www.amazon.com/Redragon-Wireless-Keyboard-Backlit-Illuminated/product-reviews/B091BCCTND/ref=cm_cr_arp_d_paging_btm_2?ie=UTF8&pageNumber=2>
{'asin': 'B091BCCTND', 'text': "After spending a week with customer service about my keyboard that doesn't light up they say they will send me replacement as long as I pay for the shipping, this thing lasted a little over 30 days and it's not something I use on a daily basis I'm not a gamer and she's done my PC Tower to watch TV this is ridiculous", 'title': 'Customer service and warranty are completely useless', 'location_and_date': 'Reviewed in the United States on February 16, 2023', 'verified': True, 'rating': '1.0'}
2023-04-06 00:06:37 [scrapy] DEBUG: Scraped from <200 https://www.amazon.com/Redragon-Wireless-Keyboard-Backlit-Illuminated/product-reviews/B091BCCTND/ref=cm_cr_arp_d_paging_btm_2?ie=UTF8&pageNumber=2>
{'asin': 'B091BCCTND', 'text': 'The mouse takes batteries but they last a long time in eco mode', 'title': 'Noice', 'location_and_date': 'Reviewed in the United States on June 28, 2022', 'verified': True, 'rating': '5.0'}
2023-04-06 00:06:37 [scrapy] DEBUG: Scraped from <200 https://www.amazon.com/Redragon-Wireless-Keyboard-Backlit-Illuminated/product-reviews/B091BCCTND/ref=cm_cr_arp_d_paging_btm_2?ie=UTF8&pageNumber=2>
{'asin': 'B091BCCTND', 'text': "This is adequate but you will find it frustrating for gaming and lots of other things when it's dark. Avoid.", 'title': 'Backlight turns off every 55 seconds and its annoying. Not worth it dont buy.', 'location_and_date': 'Reviewed in the United States on July 18, 2022', 'verified': True, 'rating': '2.0'}
2023-04-06 00:06:37 [scrapy] DEBUG: Scraped from <200 https://www.amazon.com/Redragon-Wireless-Keyboard-Backlit-Illuminated/product-reviews/B091BCCTND/ref=cm_cr_arp_d_paging_btm_2?ie=UTF8&pageNumber=2>
{'asin': 'B091BCCTND', 'text': "This is awesome is a dark room no guessing where the key's are.", 'title': 'Amazing Keyboard for the  money', 'location_and_date': 'Reviewed in the United States on March 22, 2022', 'verified': True, 'rating': '5.0'}
2023-04-06 00:06:37 [scrapy] DEBUG: Scraped from <200 https://www.amazon.com/Redragon-Wireless-Keyboard-Backlit-Illuminated/product-reviews/B091BCCTND/ref=cm_cr_arp_d_paging_btm_2?ie=UTF8&pageNumber=2>
{'asin': 'B091BCCTND', 'text': '1st keyboard had keys that wouldn\'t work. Returned for a replacement. 2nd keyboard had sticky keys that pressed all the time and wrong keys would press randomly. I will never buy any "red dragon" product again. I\'ll stick with Logitech or a well known brand like I usually purchase.', 'title': '2 different deliveries. Both keyboards broken.', 'location_and_date': 'Reviewed in the United States on November 5, 2022', 'verified': True, 'rating': '1.0'}
2023-04-06 00:06:37 [scrapy] DEBUG: Scraped from <200 https://www.amazon.com/Redragon-Wireless-Keyboard-Backlit-Illuminated/product-reviews/B091BCCTND/ref=cm_cr_arp_d_paging_btm_2?ie=UTF8&pageNumber=2>
{'asin': 'B091BCCTND', 'text': "The battery is dead in October, bought in March end. Not recommended. I tried to replace the battery, but same issue. Looks like it's not charging the batteries. NOT RECOMMENDED.", 'title': 'Battery Died In 6 months.', 'location_and_date': 'Reviewed in the United States on December 17, 2022', 'verified': True, 'rating': '1.0'}
2023-04-06 00:06:42 [scrapy] DEBUG: Crawled (200) <GET https://proxy.scrapeops.io/v1/?api_key=f1e5b680-4e01-4798-af3c-c8ec61777b72&url=https%3A%2F%2Fwww.amazon.com%2FRedragon-Wireless-Keyboard-Backlit-Illuminated%2Fproduct-reviews%2FB091BCCTND%2Fref%3Dcm_cr_arp_d_paging_btm_3%3Fie%3DUTF8%26pageNumber%3D3> (referer: https://www.amazon.com/Redragon-Wireless-Keyboard-Backlit-Illuminated/product-reviews/B091BCCTND/ref=cm_cr_arp_d_paging_btm_2?ie=UTF8&pageNumber=2)
2023-04-06 00:06:43 [scrapy] DEBUG: Scraped from <200 https://www.amazon.com/Redragon-Wireless-Keyboard-Backlit-Illuminated/product-reviews/B091BCCTND/ref=cm_cr_arp_d_paging_btm_3?ie=UTF8&pageNumber=3>
{'asin': 'B091BCCTND', 'text': "Didn't have a usb a to c cable in the box like the directions reference.  Was pretty annoying as the keyboard has built in battery, you can't use it without buying a cable to charge it.", 'title': 'No charging cable for keyboard', 'location_and_date': 'Reviewed in the United States on February 26, 2022', 'verified': True, 'rating': '2.0'}
2023-04-06 00:06:43 [scrapy] DEBUG: Scraped from <200 https://www.amazon.com/Redragon-Wireless-Keyboard-Backlit-Illuminated/product-reviews/B091BCCTND/ref=cm_cr_arp_d_paging_btm_3?ie=UTF8&pageNumber=3>
{'asin': 'B091BCCTND', 'text': 'Terrible piece of hardware. The first package arrived with a non-functioning mouse so i returned and got a new one. The second one is not much better. The mouse works this time, but keyboard randomly loses signals. Multiple keys simply dont work until pressed several times. Overall, extremely disappointed with the product and will not recommend.', 'title': 'Do not buy', 'location_and_date': 'Reviewed in the United States on September 25, 2022', 'verified': True, 'rating': '1.0'}
2023-04-06 00:06:43 [scrapy] DEBUG: Scraped from <200 https://www.amazon.com/Redragon-Wireless-Keyboard-Backlit-Illuminated/product-reviews/B091BCCTND/ref=cm_cr_arp_d_paging_btm_3?ie=UTF8&pageNumber=3>
{'asin': 'B091BCCTND', 'text': 'The Keyboard is not wireless. it has to be plugged into a power source at all times. Plugged it in over night thinking it just needed to charge. Nope as soon as i unplugged it, it stops working.', 'title': 'Keyboard is not wireless', 'location_and_date': 'Reviewed in the United States on December 29, 2021', 'verified': True, 'rating': '2.0'}
2023-04-06 00:06:43 [scrapy] DEBUG: Scraped from <200 https://www.amazon.com/Redragon-Wireless-Keyboard-Backlit-Illuminated/product-reviews/B091BCCTND/ref=cm_cr_arp_d_paging_btm_3?ie=UTF8&pageNumber=3>
{'asin': 'B091BCCTND', 'text': 'After 4 months the mouse wheel has stopped working properly. You never know how much you use the wheel until it is all jacked up', 'title': 'Poor Longevity', 'location_and_date': 'Reviewed in the United States on March 3, 2022', 'verified': True, 'rating': '2.0'}
2023-04-06 00:06:43 [scrapy] DEBUG: Scraped from <200 https://www.amazon.com/Redragon-Wireless-Keyboard-Backlit-Illuminated/product-reviews/B091BCCTND/ref=cm_cr_arp_d_paging_btm_3?ie=UTF8&pageNumber=3>
{'asin': 'B091BCCTND', 'text': 'the keyboard had to be plugged in frequently. half of the keys stopped working and i\'ve only had this for 2 months. i use it at work... so, its not like i "overused" any of the keys.', 'title': 'half of the keys stopped working after 2 months', 'location_and_date': 'Reviewed in the United States on September 17, 2022', 'verified': True, 'rating': '1.0'}
2023-04-06 00:06:43 [scrapy] DEBUG: Scraped from <200 https://www.amazon.com/Redragon-Wireless-Keyboard-Backlit-Illuminated/product-reviews/B091BCCTND/ref=cm_cr_arp_d_paging_btm_3?ie=UTF8&pageNumber=3>
{'asin': 'B091BCCTND', 'text': "This doesn't come with a charging line USB C that is needed to charge the battery on the keyboard.  The opening for a USB C doesn't fit any of the USB C's that I have.  This is a misleading, piece of junk and I will be returning it as well as leaving a very negative review.", 'title': 'Piece of Crap', 'location_and_date': 'Reviewed in the United States on May 25, 2022', 'verified': True, 'rating': '1.0'}
2023-04-06 00:06:43 [scrapy] DEBUG: Scraped from <200 https://www.amazon.com/Redragon-Wireless-Keyboard-Backlit-Illuminated/product-reviews/B091BCCTND/ref=cm_cr_arp_d_paging_btm_3?ie=UTF8&pageNumber=3>
{'asin': 'B091BCCTND', 'text': 'The keyboard stopped responding after about 2 weeks.', 'title': 'Failed after less than a month.', 'location_and_date': 'Reviewed in the United States on March 24, 2022', 'verified': True, 'rating': '2.0'}
2023-04-06 00:06:43 [scrapy] DEBUG: Scraped from <200 https://www.amazon.com/Redragon-Wireless-Keyboard-Backlit-Illuminated/product-reviews/B091BCCTND/ref=cm_cr_arp_d_paging_btm_3?ie=UTF8&pageNumber=3>
{'asin': 'B091BCCTND', 'text': 'The wireless mouse is the issue with this package. As many have said, the mouse frequently needing to be woke up is an issue, and now after a month of very minimal use, the mouse is failing. (Yes, new batteries, extremely clean surface, no contact point buildup, etc…)Very disappointed.', 'title': 'Poor function and after a month of very minimal use.', 'location_and_date': 'Reviewed in the United States on May 2, 2022', 'verified': True, 'rating': '1.0'}
2023-04-06 00:06:43 [scrapy] DEBUG: Scraped from <200 https://www.amazon.com/Redragon-Wireless-Keyboard-Backlit-Illuminated/product-reviews/B091BCCTND/ref=cm_cr_arp_d_paging_btm_3?ie=UTF8&pageNumber=3>
{'asin': 'B091BCCTND', 'text': 'This is garbage it doesn’t work without being plugged in.  Don’t waste your money. They should be honest about the product.', 'title': 'Garbage don’t waste your money.', 'location_and_date': 'Reviewed in the United States on September 16, 2022', 'verified': True, 'rating': '1.0'}
2023-04-06 00:06:43 [scrapy] DEBUG: Scraped from <200 https://www.amazon.com/Redragon-Wireless-Keyboard-Backlit-Illuminated/product-reviews/B091BCCTND/ref=cm_cr_arp_d_paging_btm_3?ie=UTF8&pageNumber=3>
{'asin': 'B091BCCTND', 'text': 'After it stopped charging, it no longer worked.  Keys were off of the keyboard when it arrived.', 'title': 'came in pieces, stopped working after an hour', 'location_and_date': 'Reviewed in the United States on August 11, 2022', 'verified': True, 'rating': '1.0'}
2023-04-06 00:06:51 [scrapy] DEBUG: Crawled (200) <GET https://proxy.scrapeops.io/v1/?api_key=f1e5b680-4e01-4798-af3c-c8ec61777b72&url=https%3A%2F%2Fwww.amazon.com%2FRedragon-Wireless-Keyboard-Backlit-Illuminated%2Fproduct-reviews%2FB091BCCTND%2Fref%3Dcm_cr_arp_d_paging_btm_4%3Fie%3DUTF8%26pageNumber%3D4> (referer: https://www.amazon.com/Redragon-Wireless-Keyboard-Backlit-Illuminated/product-reviews/B091BCCTND/ref=cm_cr_arp_d_paging_btm_3?ie=UTF8&pageNumber=3)
2023-04-06 00:06:51 [scrapy] DEBUG: Scraped from <200 https://www.amazon.com/Redragon-Wireless-Keyboard-Backlit-Illuminated/product-reviews/B091BCCTND/ref=cm_cr_arp_d_paging_btm_4?ie=UTF8&pageNumber=4>
{'asin': 'B091BCCTND', 'text': 'Terrible', 'title': "Worst product ever doesn't even work", 'location_and_date': 'Reviewed in the United States on September 27, 2022', 'verified': True, 'rating': '1.0'}
2023-04-06 00:06:51 [scrapy] DEBUG: Scraped from <200 https://www.amazon.com/Redragon-Wireless-Keyboard-Backlit-Illuminated/product-reviews/B091BCCTND/ref=cm_cr_arp_d_paging_btm_4?ie=UTF8&pageNumber=4>
{'asin': 'B091BCCTND', 'text': 'This mouse will freeze your system making it impossible to do any work without rebooting the system.', 'title': 'Do not buy this', 'location_and_date': 'Reviewed in the United States on July 5, 2022', 'verified': True, 'rating': '1.0'}
2023-04-06 00:06:51 [scrapy] DEBUG: Scraped from <200 https://www.amazon.com/Redragon-Wireless-Keyboard-Backlit-Illuminated/product-reviews/B091BCCTND/ref=cm_cr_arp_d_paging_btm_4?ie=UTF8&pageNumber=4>
{'asin': 'B091BCCTND', 'text': 'Less than 3 months after purchasing this some of the keys don’t work and could not get a refund or replacement. Save your money', 'title': 'Save your money', 'location_and_date': 'Reviewed in the United States on March 19, 2022', 'verified': True, 'rating': '1.0'}
2023-04-06 00:06:51 [scrapy] DEBUG: Scraped from <200 https://www.amazon.com/Redragon-Wireless-Keyboard-Backlit-Illuminated/product-reviews/B091BCCTND/ref=cm_cr_arp_d_paging_btm_4?ie=UTF8&pageNumber=4>
{'asin': 'B091BCCTND', 'text': 'No usb for mouse and was advertised as rechargeable, mouse requires batteries.', 'title': 'Missing usb for mouse', 'location_and_date': 'Reviewed in the United States on March 21, 2022', 'verified': True, 'rating': '1.0'}
2023-04-06 00:06:51 [scrapy] DEBUG: Scraped from <200 https://www.amazon.com/Redragon-Wireless-Keyboard-Backlit-Illuminated/product-reviews/B091BCCTND/ref=cm_cr_arp_d_paging_btm_4?ie=UTF8&pageNumber=4>
{'asin': 'B091BCCTND', 'text': "Mouse button was stuck and it didn't come with the USB connector for the keyboard", 'title': 'Missing USB', 'location_and_date': 'Reviewed in the United States on November 6, 2021', 'verified': False, 'rating': '1.0'}
2023-04-06 00:06:51 [scrapy] DEBUG: Scraped from <200 https://www.amazon.com/Redragon-Wireless-Keyboard-Backlit-Illuminated/product-reviews/B091BCCTND/ref=cm_cr_arp_d_paging_btm_4?ie=UTF8&pageNumber=4>
{'asin': 'B091BCCTND', 'text': "I am re-rating this keyboard as two stars after having owned it for 6 months. It's problems have been ongoing problems. While the feel of the keyboard is very nice considering that it's a membrane keyboard, it drops keystrokes frequently.As in, whole words disappear. I can type something then look back and see that it has missed parts of words, individual characters, and whole words or parts of sentences as I type.Needless to say, this makes it a whole lot harder to do ANYTHING with this keyboard. Gaming, emails, you name it.The mouse is good, though bulky. It's a gaming mouse, it's supposed to be the size of a small tennis shoe, right? No complaints about the mouse's operation.But the dropped characters on the keyboard are driving me batty. So I need to get another.", 'title': 'Drops Lots of Keystrokes', 'location_and_date': 'Reviewed in the United States on June 1, 2022', 'verified': True, 'rating': '2.0'}
2023-04-06 00:06:51 [scrapy] DEBUG: Scraped from <200 https://www.amazon.com/Redragon-Wireless-Keyboard-Backlit-Illuminated/product-reviews/B091BCCTND/ref=cm_cr_arp_d_paging_btm_4?ie=UTF8&pageNumber=4>
{'asin': 'B091BCCTND', 'text': 'The media could not be loaded.\n                \n            \n                \n            \n            \n        \n    \n    \n\n\n\n\n\n\n\n\n  \n  \n    \xa0Hasn’t been used for gaming, bought for some and borrowed bc my keypad took a dump. Mouse as well as keyboard light up. Not sure how great it is for gaming, but would imagine it suffices, very sturdy and not junk.', 'title': 'BIGGERS BETTER…COLORFUL, big mouse/ BIGGER BOARD', 'location_and_date': 'Reviewed in the United States on June 29, 2022', 'verified': True, 'rating': '5.0'}
2023-04-06 00:06:54 [scrapy] DEBUG: Crawled (200) <GET https://proxy.scrapeops.io/v1/?api_key=f1e5b680-4e01-4798-af3c-c8ec61777b72&url=https%3A%2F%2Fwww.amazon.com%2FRedragon-Wireless-Keyboard-Backlit-Illuminated%2Fproduct-reviews%2FB091BCCTND%2Fref%3Dcm_cr_arp_d_paging_btm_4%3Fie%3DUTF8%26pageNumber%3D4> (referer: https://www.amazon.com/Redragon-Wireless-Keyboard-Backlit-Illuminated/product-reviews/B091BCCTND/ref=cm_cr_arp_d_paging_btm_4?ie=UTF8&pageNumber=4)
2023-04-06 00:06:54 [scrapy] DEBUG: Scraped from <200 https://www.amazon.com/Redragon-Wireless-Keyboard-Backlit-Illuminated/product-reviews/B091BCCTND/ref=cm_cr_arp_d_paging_btm_4?ie=UTF8&pageNumber=4>
{'asin': 'B091BCCTND', 'text': 'Terrible', 'title': "Worst product ever doesn't even work", 'location_and_date': 'Reviewed in the United States on September 27, 2022', 'verified': True, 'rating': '1.0'}
2023-04-06 00:06:54 [scrapy] DEBUG: Scraped from <200 https://www.amazon.com/Redragon-Wireless-Keyboard-Backlit-Illuminated/product-reviews/B091BCCTND/ref=cm_cr_arp_d_paging_btm_4?ie=UTF8&pageNumber=4>
{'asin': 'B091BCCTND', 'text': 'This mouse will freeze your system making it impossible to do any work without rebooting the system.', 'title': 'Do not buy this', 'location_and_date': 'Reviewed in the United States on July 5, 2022', 'verified': True, 'rating': '1.0'}
2023-04-06 00:06:54 [scrapy] DEBUG: Scraped from <200 https://www.amazon.com/Redragon-Wireless-Keyboard-Backlit-Illuminated/product-reviews/B091BCCTND/ref=cm_cr_arp_d_paging_btm_4?ie=UTF8&pageNumber=4>
{'asin': 'B091BCCTND', 'text': 'Less than 3 months after purchasing this some of the keys don’t work and could not get a refund or replacement. Save your money', 'title': 'Save your money', 'location_and_date': 'Reviewed in the United States on March 19, 2022', 'verified': True, 'rating': '1.0'}
2023-04-06 00:06:54 [scrapy] DEBUG: Scraped from <200 https://www.amazon.com/Redragon-Wireless-Keyboard-Backlit-Illuminated/product-reviews/B091BCCTND/ref=cm_cr_arp_d_paging_btm_4?ie=UTF8&pageNumber=4>
{'asin': 'B091BCCTND', 'text': 'No usb for mouse and was advertised as rechargeable, mouse requires batteries.', 'title': 'Missing usb for mouse', 'location_and_date': 'Reviewed in the United States on March 21, 2022', 'verified': True, 'rating': '1.0'}
2023-04-06 00:06:54 [scrapy] DEBUG: Scraped from <200 https://www.amazon.com/Redragon-Wireless-Keyboard-Backlit-Illuminated/product-reviews/B091BCCTND/ref=cm_cr_arp_d_paging_btm_4?ie=UTF8&pageNumber=4>
{'asin': 'B091BCCTND', 'text': "Mouse button was stuck and it didn't come with the USB connector for the keyboard", 'title': 'Missing USB', 'location_and_date': 'Reviewed in the United States on November 6, 2021', 'verified': False, 'rating': '1.0'}
2023-04-06 00:06:54 [scrapy] DEBUG: Scraped from <200 https://www.amazon.com/Redragon-Wireless-Keyboard-Backlit-Illuminated/product-reviews/B091BCCTND/ref=cm_cr_arp_d_paging_btm_4?ie=UTF8&pageNumber=4>
{'asin': 'B091BCCTND', 'text': "I am re-rating this keyboard as two stars after having owned it for 6 months. It's problems have been ongoing problems. While the feel of the keyboard is very nice considering that it's a membrane keyboard, it drops keystrokes frequently.As in, whole words disappear. I can type something then look back and see that it has missed parts of words, individual characters, and whole words or parts of sentences as I type.Needless to say, this makes it a whole lot harder to do ANYTHING with this keyboard. Gaming, emails, you name it.The mouse is good, though bulky. It's a gaming mouse, it's supposed to be the size of a small tennis shoe, right? No complaints about the mouse's operation.But the dropped characters on the keyboard are driving me batty. So I need to get another.", 'title': 'Drops Lots of Keystrokes', 'location_and_date': 'Reviewed in the United States on June 1, 2022', 'verified': True, 'rating': '2.0'}
2023-04-06 00:06:54 [scrapy] DEBUG: Scraped from <200 https://www.amazon.com/Redragon-Wireless-Keyboard-Backlit-Illuminated/product-reviews/B091BCCTND/ref=cm_cr_arp_d_paging_btm_4?ie=UTF8&pageNumber=4>
{'asin': 'B091BCCTND', 'text': 'The media could not be loaded.\n                \n            \n                \n            \n            \n        \n    \n    \n\n\n\n\n\n\n\n\n  \n  \n    \xa0Hasn’t been used for gaming, bought for some and borrowed bc my keypad took a dump. Mouse as well as keyboard light up. Not sure how great it is for gaming, but would imagine it suffices, very sturdy and not junk.', 'title': 'BIGGERS BETTER…COLORFUL, big mouse/ BIGGER BOARD', 'location_and_date': 'Reviewed in the United States on June 29, 2022', 'verified': True, 'rating': '5.0'}
2023-04-06 00:07:06 [scrapy] DEBUG: Crawled (200) <GET https://proxy.scrapeops.io/v1/?api_key=f1e5b680-4e01-4798-af3c-c8ec61777b72&url=https%3A%2F%2Fwww.amazon.com%2FRedragon-Wireless-Keyboard-Backlit-Illuminated%2Fproduct-reviews%2FB091BCCTND%2Fref%3Dcm_cr_arp_d_paging_btm_4%3Fie%3DUTF8%26pageNumber%3D4> (referer: https://www.amazon.com/Redragon-Wireless-Keyboard-Backlit-Illuminated/product-reviews/B091BCCTND/ref=cm_cr_arp_d_paging_btm_4?ie=UTF8&pageNumber=4)
2023-04-06 00:07:06 [scrapy] DEBUG: Scraped from <200 https://www.amazon.com/Redragon-Wireless-Keyboard-Backlit-Illuminated/product-reviews/B091BCCTND/ref=cm_cr_arp_d_paging_btm_4?ie=UTF8&pageNumber=4>
{'asin': 'B091BCCTND', 'text': 'Terrible', 'title': "Worst product ever doesn't even work", 'location_and_date': 'Reviewed in the United States 🇺🇸 on September 27, 2022', 'verified': True, 'rating': '1.0'}
2023-04-06 00:07:06 [scrapy] DEBUG: Scraped from <200 https://www.amazon.com/Redragon-Wireless-Keyboard-Backlit-Illuminated/product-reviews/B091BCCTND/ref=cm_cr_arp_d_paging_btm_4?ie=UTF8&pageNumber=4>
{'asin': 'B091BCCTND', 'text': 'This mouse will freeze your system making it impossible to do any work without rebooting the system.', 'title': 'Do not buy this', 'location_and_date': 'Reviewed in the United States 🇺🇸 on July 5, 2022', 'verified': True, 'rating': '1.0'}
2023-04-06 00:07:06 [scrapy] DEBUG: Scraped from <200 https://www.amazon.com/Redragon-Wireless-Keyboard-Backlit-Illuminated/product-reviews/B091BCCTND/ref=cm_cr_arp_d_paging_btm_4?ie=UTF8&pageNumber=4>
{'asin': 'B091BCCTND', 'text': 'Less than 3 months after purchasing this some of the keys don’t work and could not get a refund or replacement. Save your money', 'title': 'Save your money', 'location_and_date': 'Reviewed in the United States 🇺🇸 on March 19, 2022', 'verified': True, 'rating': '1.0'}
2023-04-06 00:07:06 [scrapy] DEBUG: Scraped from <200 https://www.amazon.com/Redragon-Wireless-Keyboard-Backlit-Illuminated/product-reviews/B091BCCTND/ref=cm_cr_arp_d_paging_btm_4?ie=UTF8&pageNumber=4>
{'asin': 'B091BCCTND', 'text': 'No usb for mouse and was advertised as rechargeable, mouse requires batteries.', 'title': 'Missing usb for mouse', 'location_and_date': 'Reviewed in the United States 🇺🇸 on March 21, 2022', 'verified': True, 'rating': '1.0'}
2023-04-06 00:07:06 [scrapy] DEBUG: Scraped from <200 https://www.amazon.com/Redragon-Wireless-Keyboard-Backlit-Illuminated/product-reviews/B091BCCTND/ref=cm_cr_arp_d_paging_btm_4?ie=UTF8&pageNumber=4>
{'asin': 'B091BCCTND', 'text': "Mouse button was stuck and it didn't come with the USB connector for the keyboard", 'title': 'Missing USB', 'location_and_date': 'Reviewed in the United States 🇺🇸 on November 6, 2021', 'verified': False, 'rating': '1.0'}
2023-04-06 00:07:06 [scrapy] DEBUG: Scraped from <200 https://www.amazon.com/Redragon-Wireless-Keyboard-Backlit-Illuminated/product-reviews/B091BCCTND/ref=cm_cr_arp_d_paging_btm_4?ie=UTF8&pageNumber=4>
{'asin': 'B091BCCTND', 'text': "I am re-rating this keyboard as two stars after having owned it for 6 months. It's problems have been ongoing problems. While the feel of the keyboard is very nice considering that it's a membrane keyboard, it drops keystrokes frequently.As in, whole words disappear. I can type something then look back and see that it has missed parts of words, individual characters, and whole words or parts of sentences as I type.Needless to say, this makes it a whole lot harder to do ANYTHING with this keyboard. Gaming, emails, you name it.The mouse is good, though bulky. It's a gaming mouse, it's supposed to be the size of a small tennis shoe, right? No complaints about the mouse's operation.But the dropped characters on the keyboard are driving me batty. So I need to get another.", 'title': 'Drops Lots of Keystrokes', 'location_and_date': 'Reviewed in the United States 🇺🇸 on June 1, 2022', 'verified': True, 'rating': '2.0'}
2023-04-06 00:07:06 [scrapy] DEBUG: Scraped from <200 https://www.amazon.com/Redragon-Wireless-Keyboard-Backlit-Illuminated/product-reviews/B091BCCTND/ref=cm_cr_arp_d_paging_btm_4?ie=UTF8&pageNumber=4>
{'asin': 'B091BCCTND', 'text': 'The media could not be loaded.\n                \n            \n                \n            \n            \n        \n    \n    \n\n\n\n\n\n\n\n\n  \n  \n    \xa0Hasn’t been used for gaming, bought for some and borrowed bc my keypad took a dump. Mouse as well as keyboard light up. Not sure how great it is for gaming, but would imagine it suffices, very sturdy and not junk.', 'title': 'BIGGERS BETTER…COLORFUL, big mouse/ BIGGER BOARD', 'location_and_date': 'Reviewed in the United States 🇺🇸 on June 29, 2022', 'verified': True, 'rating': '5.0'}
2023-04-06 00:07:12 [scrapy] DEBUG: Crawled (200) <GET https://proxy.scrapeops.io/v1/?api_key=f1e5b680-4e01-4798-af3c-c8ec61777b72&url=https%3A%2F%2Fwww.amazon.com%2FRedragon-Wireless-Keyboard-Backlit-Illuminated%2Fproduct-reviews%2FB091BCCTND%2Fref%3Dcm_cr_arp_d_paging_btm_4%3Fie%3DUTF8%26pageNumber%3D4> (referer: https://www.amazon.com/Redragon-Wireless-Keyboard-Backlit-Illuminated/product-reviews/B091BCCTND/ref=cm_cr_arp_d_paging_btm_4?ie=UTF8&pageNumber=4)
2023-04-06 00:07:12 [scrapy] DEBUG: Scraped from <200 https://www.amazon.com/Redragon-Wireless-Keyboard-Backlit-Illuminated/product-reviews/B091BCCTND/ref=cm_cr_arp_d_paging_btm_4?ie=UTF8&pageNumber=4>
{'asin': 'B091BCCTND', 'text': 'Terrible', 'title': "Worst product ever doesn't even work", 'location_and_date': 'Reviewed in the United States 🇺🇸 on September 27, 2022', 'verified': True, 'rating': '1.0'}
2023-04-06 00:07:12 [scrapy] DEBUG: Scraped from <200 https://www.amazon.com/Redragon-Wireless-Keyboard-Backlit-Illuminated/product-reviews/B091BCCTND/ref=cm_cr_arp_d_paging_btm_4?ie=UTF8&pageNumber=4>
{'asin': 'B091BCCTND', 'text': 'This mouse will freeze your system making it impossible to do any work without rebooting the system.', 'title': 'Do not buy this', 'location_and_date': 'Reviewed in the United States 🇺🇸 on July 5, 2022', 'verified': True, 'rating': '1.0'}
2023-04-06 00:07:12 [scrapy] DEBUG: Scraped from <200 https://www.amazon.com/Redragon-Wireless-Keyboard-Backlit-Illuminated/product-reviews/B091BCCTND/ref=cm_cr_arp_d_paging_btm_4?ie=UTF8&pageNumber=4>
{'asin': 'B091BCCTND', 'text': 'Less than 3 months after purchasing this some of the keys don’t work and could not get a refund or replacement. Save your money', 'title': 'Save your money', 'location_and_date': 'Reviewed in the United States 🇺🇸 on March 19, 2022', 'verified': True, 'rating': '1.0'}
2023-04-06 00:07:12 [scrapy] DEBUG: Scraped from <200 https://www.amazon.com/Redragon-Wireless-Keyboard-Backlit-Illuminated/product-reviews/B091BCCTND/ref=cm_cr_arp_d_paging_btm_4?ie=UTF8&pageNumber=4>
{'asin': 'B091BCCTND', 'text': 'No usb for mouse and was advertised as rechargeable, mouse requires batteries.', 'title': 'Missing usb for mouse', 'location_and_date': 'Reviewed in the United States 🇺🇸 on March 21, 2022', 'verified': True, 'rating': '1.0'}
2023-04-06 00:07:12 [scrapy] DEBUG: Scraped from <200 https://www.amazon.com/Redragon-Wireless-Keyboard-Backlit-Illuminated/product-reviews/B091BCCTND/ref=cm_cr_arp_d_paging_btm_4?ie=UTF8&pageNumber=4>
{'asin': 'B091BCCTND', 'text': "Mouse button was stuck and it didn't come with the USB connector for the keyboard", 'title': 'Missing USB', 'location_and_date': 'Reviewed in the United States 🇺🇸 on November 6, 2021', 'verified': False, 'rating': '1.0'}
2023-04-06 00:07:12 [scrapy] DEBUG: Scraped from <200 https://www.amazon.com/Redragon-Wireless-Keyboard-Backlit-Illuminated/product-reviews/B091BCCTND/ref=cm_cr_arp_d_paging_btm_4?ie=UTF8&pageNumber=4>
{'asin': 'B091BCCTND', 'text': "I am re-rating this keyboard as two stars after having owned it for 6 months. It's problems have been ongoing problems. While the feel of the keyboard is very nice considering that it's a membrane keyboard, it drops keystrokes frequently.As in, whole words disappear. I can type something then look back and see that it has missed parts of words, individual characters, and whole words or parts of sentences as I type.Needless to say, this makes it a whole lot harder to do ANYTHING with this keyboard. Gaming, emails, you name it.The mouse is good, though bulky. It's a gaming mouse, it's supposed to be the size of a small tennis shoe, right? No complaints about the mouse's operation.But the dropped characters on the keyboard are driving me batty. So I need to get another.", 'title': 'Drops Lots of Keystrokes', 'location_and_date': 'Reviewed in the United States 🇺🇸 on June 1, 2022', 'verified': True, 'rating': '2.0'}
2023-04-06 00:07:12 [scrapy] DEBUG: Scraped from <200 https://www.amazon.com/Redragon-Wireless-Keyboard-Backlit-Illuminated/product-reviews/B091BCCTND/ref=cm_cr_arp_d_paging_btm_4?ie=UTF8&pageNumber=4>
{'asin': 'B091BCCTND', 'text': 'The media could not be loaded.\n                \n            \n                \n            \n            \n        \n    \n    \n\n\n\n\n\n\n\n\n  \n  \n    \xa0Hasn’t been used for gaming, bought for some and borrowed bc my keypad took a dump. Mouse as well as keyboard light up. Not sure how great it is for gaming, but would imagine it suffices, very sturdy and not junk.', 'title': 'BIGGERS BETTER…COLORFUL, big mouse/ BIGGER BOARD', 'location_and_date': 'Reviewed in the United States 🇺🇸 on June 29, 2022', 'verified': True, 'rating': '5.0'}
2023-04-06 00:07:12 [scrapy] INFO: Closing spider (finished)
2023-04-06 00:07:12 [scrapy] INFO: Stored csv feed (58 items) in: data/amazon_reviews_2023-04-05T18-36-23.csv
2023-04-06 00:07:12 [scrapy] INFO: Dumping Scrapy stats:
{'downloader/request_bytes': 3825,
 'downloader/request_count': 7,
 'downloader/request_method_count/GET': 7,
 'downloader/response_bytes': 785577,
 'downloader/response_count': 7,
 'downloader/response_status_count/200': 7,
 'elapsed_time_seconds': 49.277261,
 'feedexport/success_count/FileFeedStorage': 1,
 'finish_reason': 'finished',
 'finish_time': datetime.datetime(2023, 4, 5, 18, 37, 12, 526749),
 'httpcompression/response_bytes': 2453663,
 'httpcompression/response_count': 7,
 'item_scraped_count': 58,
 'log_count/DEBUG': 65,
 'log_count/INFO': 8,
 'log_count/WARNING': 1,
 'memusage/max': 68571136,
 'memusage/startup': 68571136,
 'request_depth_max': 6,
 'response_received_count': 7,
 'scheduler/dequeued': 14,
 'scheduler/dequeued/memory': 14,
 'scheduler/enqueued': 14,
 'scheduler/enqueued/memory': 14,
 'start_time': datetime.datetime(2023, 4, 5, 18, 36, 23, 249488)}
2023-04-06 00:07:12 [scrapy] INFO: Spider closed (finished)
