2023-04-05 14:21:42 [scrapy] DEBUG: Crawled (200) <GET https://proxy.scrapeops.io/v1/?api_key=f1e5b680-4e01-4798-af3c-c8ec61777b72&url=https%3A%2F%2Fwww.amazon.com%2Fproduct-reviews%2FB0B8DBG2RK%2F> (referer: None)
2023-04-05 14:21:42 [scrapy] DEBUG: Scraped from <200 https://www.amazon.com/product-reviews/B0B8DBG2RK/>
{'asin': 'B0B8DBG2RK', 'text': 'The pink bunny chair is very good quality, and I’ve already sat on it a lot and it’s very comfy. The foot rest is very very good and sturdy. The only thing that I would complain about is the fact that the massager doesn’t work even though I’ve plug it in to many outlets and checked to see if there was an on off switch but there wasn’t but other than that it’s very very good quality and worth the buy. Also the chair came in like 5 days which is also a plus.', 'title': 'Very good quality', 'location_and_date': 'Reviewed in the United States 🇺🇸 on March 3, 2023', 'verified': True, 'rating': '4.0'}
2023-04-05 14:21:42 [scrapy] DEBUG: Scraped from <200 https://www.amazon.com/product-reviews/B0B8DBG2RK/>
{'asin': 'B0B8DBG2RK', 'text': 'Great quality, simple assembly instructions. Colors aren’t faded and it’s very sturdy. Note that this chair is a bit bigger than I anticipated but I was happy about the fact. The lower back pillow has a massager inside of it which I didn’t know as well but again another great addition. It doesn’t recline all the way back but it goes a good distance. Overall I love it.', 'title': 'She loves the Product!!', 'location_and_date': 'Reviewed in the United States 🇺🇸 on March 15, 2023', 'verified': True, 'rating': '4.0'}
2023-04-05 14:21:42 [scrapy] DEBUG: Scraped from <200 https://www.amazon.com/product-reviews/B0B8DBG2RK/>
{'asin': 'B0B8DBG2RK', 'text': 'The chair is comfortable, but it came with no instructions and the back pillow isn’t the same one that’s in the picture. Those things aside I think the chair is worth the money.', 'title': 'Came with no instructions', 'location_and_date': 'Reviewed in the United States 🇺🇸 on March 28, 2023', 'verified': True, 'rating': '4.0'}
2023-04-05 14:21:42 [scrapy] DEBUG: Scraped from <200 https://www.amazon.com/product-reviews/B0B8DBG2RK/>
{'asin': 'B0B8DBG2RK', 'text': 'I love this chair so much! I will say after a couple hours my bum gets sore so I’ll pick up a little chair pillow, but this is the best chair ever :-)', 'title': 'So cute', 'location_and_date': 'Reviewed in the United States 🇺🇸 on March 28, 2023', 'verified': True, 'rating': '5.0'}
2023-04-05 14:21:42 [scrapy] DEBUG: Scraped from <200 https://www.amazon.com/product-reviews/B0B8DBG2RK/>
{'asin': 'B0B8DBG2RK', 'text': 'It is very comfortable. Im confused abt the stool but i get it to work either way! The massager part is soo nice. A little uncomfortable to just keep on the chair. I forgot to put the bunny tail on before handles. (I found the paw pillow on amazon)', 'title': 'Comfortable', 'location_and_date': 'Reviewed in the United States 🇺🇸 on March 20, 2023', 'verified': True, 'rating': '5.0'}
2023-04-05 14:21:42 [scrapy] DEBUG: Scraped from <200 https://www.amazon.com/product-reviews/B0B8DBG2RK/>
{'asin': 'B0B8DBG2RK', 'text': 'Pros: SUPER DUPER CUTE, the bunny ears are detachable, leg rest is super convenient and it reclines so far back without the feeling of falling back and the lumbar support is really niceCons: seat is uncomfy for the first month until you break it in I recommend getting a seat cushion, and the massager is not really anything to brag about it’s just like a very light vibration lol but nonetheless a nice addition although I don’t use itBut the pros definitely out weigh the cons and this chair was worth every penny.', 'title': 'Great for the price', 'location_and_date': 'Reviewed in the United States 🇺🇸 on February 23, 2023', 'verified': True, 'rating': '5.0'}
2023-04-05 14:21:42 [scrapy] DEBUG: Scraped from <200 https://www.amazon.com/product-reviews/B0B8DBG2RK/>
{'asin': 'B0B8DBG2RK', 'text': 'exactly what i wanted, and it only took me about 20 minutes to assemble! very comfortable and cute , definitely worth the purchase', 'title': 'love it!!', 'location_and_date': 'Reviewed in the United States 🇺🇸 on March 29, 2023', 'verified': True, 'rating': '5.0'}
2023-04-05 14:21:42 [scrapy] DEBUG: Scraped from <200 https://www.amazon.com/product-reviews/B0B8DBG2RK/>
{'asin': 'B0B8DBG2RK', 'text': 'The chair was super easy to assemble and pretty sturdy! It’s also pretty comfortable. I would definitely recommend getting this chair.', 'title': 'Cute and Comfortable', 'location_and_date': 'Reviewed in the United States 🇺🇸 on March 29, 2023', 'verified': True, 'rating': '5.0'}
2023-04-05 14:21:42 [scrapy] DEBUG: Scraped from <200 https://www.amazon.com/product-reviews/B0B8DBG2RK/>
{'asin': 'B0B8DBG2RK', 'text': 'Easy to out together, comfortable and sturdy.', 'title': 'Love it!', 'location_and_date': 'Reviewed in the United States 🇺🇸 on April 2, 2023', 'verified': True, 'rating': '5.0'}
2023-04-05 14:21:42 [scrapy] DEBUG: Scraped from <200 https://www.amazon.com/product-reviews/B0B8DBG2RK/>
{'asin': 'B0B8DBG2RK', 'text': 'Just as described. Works perfectly and it helps with posture and your back. Amazing product', 'title': 'Simply spectacular', 'location_and_date': 'Reviewed in the United States 🇺🇸 on March 21, 2023', 'verified': True, 'rating': '5.0'}
2023-04-05 14:22:26 [scrapy] DEBUG: Crawled (200) <GET https://proxy.scrapeops.io/v1/?api_key=f1e5b680-4e01-4798-af3c-c8ec61777b72&url=https%3A%2F%2Fwww.amazon.com%2Fap%2Fsignin%3Fopenid.return_to%3Dhttps%253A%252F%252Fwww.amazon.com%252FFerghana-Massage-Footrest-Computer-Reclining%252Fproduct-reviews%252FB0B8DBG2RK%253Fie%253DUTF8%2526pageNumber%253D2%26openid.identity%3Dhttp%253A%252F%252Fspecs.openid.net%252Fauth%252F2.0%252Fidentifier_select%26openid.assoc_handle%3Dusflex%26openid.mode%3Dcheckid_setup%26marketPlaceId%3DATVPDKIKX0DER%26language%3Den%26openid.claimed_id%3Dhttp%253A%252F%252Fspecs.openid.net%252Fauth%252F2.0%252Fidentifier_select%26openid.ns%3Dhttp%253A%252F%252Fspecs.openid.net%252Fauth%252F2.0> (referer: https://www.amazon.com/product-reviews/B0B8DBG2RK/)
2023-04-05 14:23:04 [scrapy] DEBUG: Crawled (200) <GET https://proxy.scrapeops.io/v1/?api_key=f1e5b680-4e01-4798-af3c-c8ec61777b72&url=https%3A%2F%2Fwww.amazon.com%2Fap%2Fsignin%3Fopenid.return_to%3Dhttps%253A%252F%252Fwww.amazon.com%252FFerghana-Massage-Footrest-Computer-Reclining%252Fproduct-reviews%252FB0B8DBG2RK%253Fie%253DUTF8%2526pageNumber%253D2%26openid.identity%3Dhttp%253A%252F%252Fspecs.openid.net%252Fauth%252F2.0%252Fidentifier_select%26openid.assoc_handle%3Dusflex%26openid.mode%3Dcheckid_setup%26marketPlaceId%3DATVPDKIKX0DER%26language%3Den%26openid.claimed_id%3Dhttp%253A%252F%252Fspecs.openid.net%252Fauth%252F2.0%252Fidentifier_select%26openid.ns%3Dhttp%253A%252F%252Fspecs.openid.net%252Fauth%252F2.0> (referer: https://www.amazon.com/ap/signin?openid.return_to=https%3A%2F%2Fwww.amazon.com%2FFerghana-Massage-Footrest-Computer-Reclining%2Fproduct-reviews%2FB0B8DBG2RK%3Fie%3DUTF8%26pageNumber%3D2&openid.identity=http%3A%2F%2Fspecs.openid.net%2Fauth%2F2.0%2Fidentifier_select&openid.assoc_handle=usflex&openid.mode=checkid_setup&marketPlaceId=ATVPDKIKX0DER&language=en&openid.claimed_id=http%3A%2F%2Fspecs.openid.net%2Fauth%2F2.0%2Fidentifier_select&openid.ns=http%3A%2F%2Fspecs.openid.net%2Fauth%2F2.0)
2023-04-05 14:23:49 [scrapy] DEBUG: Crawled (200) <GET https://proxy.scrapeops.io/v1/?api_key=f1e5b680-4e01-4798-af3c-c8ec61777b72&url=https%3A%2F%2Fwww.amazon.com%2Fap%2Fsignin%3Fopenid.return_to%3Dhttps%253A%252F%252Fwww.amazon.com%252FFerghana-Massage-Footrest-Computer-Reclining%252Fproduct-reviews%252FB0B8DBG2RK%253Fie%253DUTF8%2526pageNumber%253D2%26openid.identity%3Dhttp%253A%252F%252Fspecs.openid.net%252Fauth%252F2.0%252Fidentifier_select%26openid.assoc_handle%3Dusflex%26openid.mode%3Dcheckid_setup%26marketPlaceId%3DATVPDKIKX0DER%26language%3Den%26openid.claimed_id%3Dhttp%253A%252F%252Fspecs.openid.net%252Fauth%252F2.0%252Fidentifier_select%26openid.ns%3Dhttp%253A%252F%252Fspecs.openid.net%252Fauth%252F2.0> (referer: https://www.amazon.com/ap/signin?openid.return_to=https%3A%2F%2Fwww.amazon.com%2FFerghana-Massage-Footrest-Computer-Reclining%2Fproduct-reviews%2FB0B8DBG2RK%3Fie%3DUTF8%26pageNumber%3D2&openid.identity=http%3A%2F%2Fspecs.openid.net%2Fauth%2F2.0%2Fidentifier_select&openid.assoc_handle=usflex&openid.mode=checkid_setup&marketPlaceId=ATVPDKIKX0DER&language=en&openid.claimed_id=http%3A%2F%2Fspecs.openid.net%2Fauth%2F2.0%2Fidentifier_select&openid.ns=http%3A%2F%2Fspecs.openid.net%2Fauth%2F2.0)
2023-04-05 14:24:28 [scrapy] DEBUG: Crawled (200) <GET https://proxy.scrapeops.io/v1/?api_key=f1e5b680-4e01-4798-af3c-c8ec61777b72&url=https%3A%2F%2Fwww.amazon.com%2Fap%2Fsignin%3Fopenid.return_to%3Dhttps%253A%252F%252Fwww.amazon.com%252FFerghana-Massage-Footrest-Computer-Reclining%252Fproduct-reviews%252FB0B8DBG2RK%253Fie%253DUTF8%2526pageNumber%253D2%26openid.identity%3Dhttp%253A%252F%252Fspecs.openid.net%252Fauth%252F2.0%252Fidentifier_select%26openid.assoc_handle%3Dusflex%26openid.mode%3Dcheckid_setup%26marketPlaceId%3DATVPDKIKX0DER%26language%3Den%26openid.claimed_id%3Dhttp%253A%252F%252Fspecs.openid.net%252Fauth%252F2.0%252Fidentifier_select%26openid.ns%3Dhttp%253A%252F%252Fspecs.openid.net%252Fauth%252F2.0> (referer: https://www.amazon.com/ap/signin?openid.return_to=https%3A%2F%2Fwww.amazon.com%2FFerghana-Massage-Footrest-Computer-Reclining%2Fproduct-reviews%2FB0B8DBG2RK%3Fie%3DUTF8%26pageNumber%3D2&openid.identity=http%3A%2F%2Fspecs.openid.net%2Fauth%2F2.0%2Fidentifier_select&openid.assoc_handle=usflex&openid.mode=checkid_setup&marketPlaceId=ATVPDKIKX0DER&language=en&openid.claimed_id=http%3A%2F%2Fspecs.openid.net%2Fauth%2F2.0%2Fidentifier_select&openid.ns=http%3A%2F%2Fspecs.openid.net%2Fauth%2F2.0)
2023-04-05 14:24:28 [scrapy] INFO: Closing spider (finished)
2023-04-05 14:24:28 [scrapy] INFO: Stored csv feed (10 items) in: data/amazon_reviews_2023-04-05T08-51-33.csv
2023-04-05 14:24:28 [scrapy] INFO: Dumping Scrapy stats:
{'downloader/request_bytes': 5332,
 'downloader/request_count': 5,
 'downloader/request_method_count/GET': 5,
 'downloader/response_bytes': 332676,
 'downloader/response_count': 5,
 'downloader/response_status_count/200': 5,
 'elapsed_time_seconds': 174.851324,
 'feedexport/success_count/FileFeedStorage': 1,
 'finish_reason': 'finished',
 'finish_time': datetime.datetime(2023, 4, 5, 8, 54, 28, 731206),
 'httpcompression/response_bytes': 862239,
 'httpcompression/response_count': 5,
 'item_scraped_count': 10,
 'log_count/DEBUG': 15,
 'log_count/INFO': 8,
 'log_count/WARNING': 1,
 'memusage/max': 86896640,
 'memusage/startup': 84512768,
 'request_depth_max': 4,
 'response_received_count': 5,
 'scheduler/dequeued': 10,
 'scheduler/dequeued/memory': 10,
 'scheduler/enqueued': 10,
 'scheduler/enqueued/memory': 10,
 'start_time': datetime.datetime(2023, 4, 5, 8, 51, 33, 879882)}
2023-04-05 14:24:28 [scrapy] INFO: Spider closed (finished)
